CRITICAL - 2024-11-27 12:26:29 --> Error: Class "App\Models\UserModel" not found
[Method: POST, Route: loginUser]
in APPPATH\Controllers\UserController.php on line 25.
 1 SYSTEMPATH\CodeIgniter.php(933): App\Controllers\UserController->loginUser()
 2 SYSTEMPATH\CodeIgniter.php(509): CodeIgniter\CodeIgniter->runController(Object(App\Controllers\UserController))
 3 SYSTEMPATH\CodeIgniter.php(355): CodeIgniter\CodeIgniter->handleRequest(null, Object(Config\Cache), false)
 4 SYSTEMPATH\Boot.php(325): CodeIgniter\CodeIgniter->run()
 5 SYSTEMPATH\Boot.php(67): CodeIgniter\Boot::runCodeIgniter(Object(CodeIgniter\CodeIgniter))
 6 FCPATH\index.php(56): CodeIgniter\Boot::bootWeb(Object(Config\Paths))
 7 SYSTEMPATH\rewrite.php(44): require_once('D:\\Downloads\\codeigniter4-framework-v4.5.5-0-g2849e7f\\ci4\\public\\index.php')
CRITICAL - 2024-11-27 12:26:36 --> Error: Class "App\Models\UserModel" not found
[Method: POST, Route: loginUser]
in APPPATH\Controllers\UserController.php on line 25.
 1 SYSTEMPATH\CodeIgniter.php(933): App\Controllers\UserController->loginUser()
 2 SYSTEMPATH\CodeIgniter.php(509): CodeIgniter\CodeIgniter->runController(Object(App\Controllers\UserController))
 3 SYSTEMPATH\CodeIgniter.php(355): CodeIgniter\CodeIgniter->handleRequest(null, Object(Config\Cache), false)
 4 SYSTEMPATH\Boot.php(325): CodeIgniter\CodeIgniter->run()
 5 SYSTEMPATH\Boot.php(67): CodeIgniter\Boot::runCodeIgniter(Object(CodeIgniter\CodeIgniter))
 6 FCPATH\index.php(56): CodeIgniter\Boot::bootWeb(Object(Config\Paths))
 7 SYSTEMPATH\rewrite.php(44): require_once('D:\\Downloads\\codeigniter4-framework-v4.5.5-0-g2849e7f\\ci4\\public\\index.php')
CRITICAL - 2024-11-27 12:27:14 --> Error: Object of class App\Models\UserModel could not be converted to string
[Method: POST, Route: loginUser]
in APPPATH\Models\UserModel.php on line 16.
 1 APPPATH\Controllers\UserController.php(27): App\Models\UserModel->validateUser('cher123', 'f94adcc3ddda04a8f34928d862f404b4', 'cher')
 2 SYSTEMPATH\CodeIgniter.php(933): App\Controllers\UserController->loginUser()
 3 SYSTEMPATH\CodeIgniter.php(509): CodeIgniter\CodeIgniter->runController(Object(App\Controllers\UserController))
 4 SYSTEMPATH\CodeIgniter.php(355): CodeIgniter\CodeIgniter->handleRequest(null, Object(Config\Cache), false)
 5 SYSTEMPATH\Boot.php(325): CodeIgniter\CodeIgniter->run()
 6 SYSTEMPATH\Boot.php(67): CodeIgniter\Boot::runCodeIgniter(Object(CodeIgniter\CodeIgniter))
 7 FCPATH\index.php(56): CodeIgniter\Boot::bootWeb(Object(Config\Paths))
 8 SYSTEMPATH\rewrite.php(44): require_once('D:\\Downloads\\codeigniter4-framework-v4.5.5-0-g2849e7f\\ci4\\public\\index.php')
ERROR - 2024-11-27 12:36:13 --> mysqli_sql_exception: Unknown column 'name' in 'where clause' in D:\Downloads\codeigniter4-framework-v4.5.5-0-g2849e7f\ci4\system\Database\MySQLi\Connection.php:312
Stack trace:
#0 D:\Downloads\codeigniter4-framework-v4.5.5-0-g2849e7f\ci4\system\Database\MySQLi\Connection.php(312): mysqli->query('SELECT *\nFROM `...', 0)
#1 D:\Downloads\codeigniter4-framework-v4.5.5-0-g2849e7f\ci4\system\Database\BaseConnection.php(734): CodeIgniter\Database\MySQLi\Connection->execute('SELECT *\nFROM `...')
#2 D:\Downloads\codeigniter4-framework-v4.5.5-0-g2849e7f\ci4\system\Database\BaseConnection.php(648): CodeIgniter\Database\BaseConnection->simpleQuery('SELECT *\nFROM `...')
#3 D:\Downloads\codeigniter4-framework-v4.5.5-0-g2849e7f\ci4\system\Database\BaseBuilder.php(1644): CodeIgniter\Database\BaseConnection->query('SELECT *\nFROM `...', Array, false)
#4 D:\Downloads\codeigniter4-framework-v4.5.5-0-g2849e7f\ci4\system\Model.php(330): CodeIgniter\Database\BaseBuilder->get()
#5 D:\Downloads\codeigniter4-framework-v4.5.5-0-g2849e7f\ci4\system\BaseModel.php(714): CodeIgniter\Model->doFirst()
#6 D:\Downloads\codeigniter4-framework-v4.5.5-0-g2849e7f\ci4\app\Models\UserModel.php(18): CodeIgniter\BaseModel->first()
#7 D:\Downloads\codeigniter4-framework-v4.5.5-0-g2849e7f\ci4\app\Controllers\UserController.php(28): App\Models\UserModel->validateUser('cher123', 'f94adcc3ddda04a...', 'cher')
#8 D:\Downloads\codeigniter4-framework-v4.5.5-0-g2849e7f\ci4\system\CodeIgniter.php(933): App\Controllers\UserController->loginUser()
#9 D:\Downloads\codeigniter4-framework-v4.5.5-0-g2849e7f\ci4\system\CodeIgniter.php(509): CodeIgniter\CodeIgniter->runController(Object(App\Controllers\UserController))
#10 D:\Downloads\codeigniter4-framework-v4.5.5-0-g2849e7f\ci4\system\CodeIgniter.php(355): CodeIgniter\CodeIgniter->handleRequest(NULL, Object(Config\Cache), false)
#11 D:\Downloads\codeigniter4-framework-v4.5.5-0-g2849e7f\ci4\system\Boot.php(325): CodeIgniter\CodeIgniter->run()
#12 D:\Downloads\codeigniter4-framework-v4.5.5-0-g2849e7f\ci4\system\Boot.php(67): CodeIgniter\Boot::runCodeIgniter(Object(CodeIgniter\CodeIgniter))
#13 D:\Downloads\codeigniter4-framework-v4.5.5-0-g2849e7f\ci4\public\index.php(56): CodeIgniter\Boot::bootWeb(Object(Config\Paths))
#14 D:\Downloads\codeigniter4-framework-v4.5.5-0-g2849e7f\ci4\system\rewrite.php(44): require_once('D:\\Downloads\\co...')
#15 {main}
CRITICAL - 2024-11-27 12:36:13 --> CodeIgniter\Database\Exceptions\DatabaseException: Unknown column 'name' in 'where clause'
[Method: POST, Route: loginUser]
in SYSTEMPATH\Database\BaseConnection.php on line 688.
 1 SYSTEMPATH\Database\BaseBuilder.php(1644): CodeIgniter\Database\BaseConnection->query('SELECT *
FROM `user`
WHERE `username` = :username:
AND `password` = :password:
AND `name` = :name:
 LIMIT 1', [...], false)
 2 SYSTEMPATH\Model.php(330): CodeIgniter\Database\BaseBuilder->get()
 3 SYSTEMPATH\BaseModel.php(714): CodeIgniter\Model->doFirst()
 4 APPPATH\Models\UserModel.php(18): CodeIgniter\BaseModel->first()
 5 APPPATH\Controllers\UserController.php(28): App\Models\UserModel->validateUser('cher123', 'f94adcc3ddda04a8f34928d862f404b4', 'cher')
 6 SYSTEMPATH\CodeIgniter.php(933): App\Controllers\UserController->loginUser()
 7 SYSTEMPATH\CodeIgniter.php(509): CodeIgniter\CodeIgniter->runController(Object(App\Controllers\UserController))
 8 SYSTEMPATH\CodeIgniter.php(355): CodeIgniter\CodeIgniter->handleRequest(null, Object(Config\Cache), false)
 9 SYSTEMPATH\Boot.php(325): CodeIgniter\CodeIgniter->run()
10 SYSTEMPATH\Boot.php(67): CodeIgniter\Boot::runCodeIgniter(Object(CodeIgniter\CodeIgniter))
11 FCPATH\index.php(56): CodeIgniter\Boot::bootWeb(Object(Config\Paths))
12 SYSTEMPATH\rewrite.php(44): require_once('D:\\Downloads\\codeigniter4-framework-v4.5.5-0-g2849e7f\\ci4\\public\\index.php')
CRITICAL - 2024-11-27 12:36:13 --> [Caused by] CodeIgniter\Database\Exceptions\DatabaseException: Unknown column 'name' in 'where clause'
in SYSTEMPATH\Database\MySQLi\Connection.php on line 317.
 1 SYSTEMPATH\Database\BaseConnection.php(734): CodeIgniter\Database\MySQLi\Connection->execute('SELECT *
FROM `user`
WHERE `username` = \'cher123\'
AND `password` = \'f94adcc3ddda04a8f34928d862f404b4\'
AND `name` = \'cher\'
 LIMIT 1')
 2 SYSTEMPATH\Database\BaseConnection.php(648): CodeIgniter\Database\BaseConnection->simpleQuery('SELECT *
FROM `user`
WHERE `username` = \'cher123\'
AND `password` = \'f94adcc3ddda04a8f34928d862f404b4\'
AND `name` = \'cher\'
 LIMIT 1')
 3 SYSTEMPATH\Database\BaseBuilder.php(1644): CodeIgniter\Database\BaseConnection->query('SELECT *
FROM `user`
WHERE `username` = :username:
AND `password` = :password:
AND `name` = :name:
 LIMIT 1', [...], false)
 4 SYSTEMPATH\Model.php(330): CodeIgniter\Database\BaseBuilder->get()
 5 SYSTEMPATH\BaseModel.php(714): CodeIgniter\Model->doFirst()
 6 APPPATH\Models\UserModel.php(18): CodeIgniter\BaseModel->first()
 7 APPPATH\Controllers\UserController.php(28): App\Models\UserModel->validateUser('cher123', 'f94adcc3ddda04a8f34928d862f404b4', 'cher')
 8 SYSTEMPATH\CodeIgniter.php(933): App\Controllers\UserController->loginUser()
 9 SYSTEMPATH\CodeIgniter.php(509): CodeIgniter\CodeIgniter->runController(Object(App\Controllers\UserController))
10 SYSTEMPATH\CodeIgniter.php(355): CodeIgniter\CodeIgniter->handleRequest(null, Object(Config\Cache), false)
11 SYSTEMPATH\Boot.php(325): CodeIgniter\CodeIgniter->run()
12 SYSTEMPATH\Boot.php(67): CodeIgniter\Boot::runCodeIgniter(Object(CodeIgniter\CodeIgniter))
13 FCPATH\index.php(56): CodeIgniter\Boot::bootWeb(Object(Config\Paths))
14 SYSTEMPATH\rewrite.php(44): require_once('D:\\Downloads\\codeigniter4-framework-v4.5.5-0-g2849e7f\\ci4\\public\\index.php')
CRITICAL - 2024-11-27 12:36:13 --> [Caused by] mysqli_sql_exception: Unknown column 'name' in 'where clause'
in SYSTEMPATH\Database\MySQLi\Connection.php on line 312.
 1 SYSTEMPATH\Database\MySQLi\Connection.php(312): mysqli->query('SELECT *
FROM `user`
WHERE `username` = \'cher123\'
AND `password` = \'f94adcc3ddda04a8f34928d862f404b4\'
AND `name` = \'cher\'
 LIMIT 1', 0)
 2 SYSTEMPATH\Database\BaseConnection.php(734): CodeIgniter\Database\MySQLi\Connection->execute('SELECT *
FROM `user`
WHERE `username` = \'cher123\'
AND `password` = \'f94adcc3ddda04a8f34928d862f404b4\'
AND `name` = \'cher\'
 LIMIT 1')
 3 SYSTEMPATH\Database\BaseConnection.php(648): CodeIgniter\Database\BaseConnection->simpleQuery('SELECT *
FROM `user`
WHERE `username` = \'cher123\'
AND `password` = \'f94adcc3ddda04a8f34928d862f404b4\'
AND `name` = \'cher\'
 LIMIT 1')
 4 SYSTEMPATH\Database\BaseBuilder.php(1644): CodeIgniter\Database\BaseConnection->query('SELECT *
FROM `user`
WHERE `username` = :username:
AND `password` = :password:
AND `name` = :name:
 LIMIT 1', [...], false)
 5 SYSTEMPATH\Model.php(330): CodeIgniter\Database\BaseBuilder->get()
 6 SYSTEMPATH\BaseModel.php(714): CodeIgniter\Model->doFirst()
 7 APPPATH\Models\UserModel.php(18): CodeIgniter\BaseModel->first()
 8 APPPATH\Controllers\UserController.php(28): App\Models\UserModel->validateUser('cher123', 'f94adcc3ddda04a8f34928d862f404b4', 'cher')
 9 SYSTEMPATH\CodeIgniter.php(933): App\Controllers\UserController->loginUser()
10 SYSTEMPATH\CodeIgniter.php(509): CodeIgniter\CodeIgniter->runController(Object(App\Controllers\UserController))
11 SYSTEMPATH\CodeIgniter.php(355): CodeIgniter\CodeIgniter->handleRequest(null, Object(Config\Cache), false)
12 SYSTEMPATH\Boot.php(325): CodeIgniter\CodeIgniter->run()
13 SYSTEMPATH\Boot.php(67): CodeIgniter\Boot::runCodeIgniter(Object(CodeIgniter\CodeIgniter))
14 FCPATH\index.php(56): CodeIgniter\Boot::bootWeb(Object(Config\Paths))
15 SYSTEMPATH\rewrite.php(44): require_once('D:\\Downloads\\codeigniter4-framework-v4.5.5-0-g2849e7f\\ci4\\public\\index.php')
ERROR - 2024-11-27 12:36:15 --> mysqli_sql_exception: Unknown column 'name' in 'where clause' in D:\Downloads\codeigniter4-framework-v4.5.5-0-g2849e7f\ci4\system\Database\MySQLi\Connection.php:312
Stack trace:
#0 D:\Downloads\codeigniter4-framework-v4.5.5-0-g2849e7f\ci4\system\Database\MySQLi\Connection.php(312): mysqli->query('SELECT *\nFROM `...', 0)
#1 D:\Downloads\codeigniter4-framework-v4.5.5-0-g2849e7f\ci4\system\Database\BaseConnection.php(734): CodeIgniter\Database\MySQLi\Connection->execute('SELECT *\nFROM `...')
#2 D:\Downloads\codeigniter4-framework-v4.5.5-0-g2849e7f\ci4\system\Database\BaseConnection.php(648): CodeIgniter\Database\BaseConnection->simpleQuery('SELECT *\nFROM `...')
#3 D:\Downloads\codeigniter4-framework-v4.5.5-0-g2849e7f\ci4\system\Database\BaseBuilder.php(1644): CodeIgniter\Database\BaseConnection->query('SELECT *\nFROM `...', Array, false)
#4 D:\Downloads\codeigniter4-framework-v4.5.5-0-g2849e7f\ci4\system\Model.php(330): CodeIgniter\Database\BaseBuilder->get()
#5 D:\Downloads\codeigniter4-framework-v4.5.5-0-g2849e7f\ci4\system\BaseModel.php(714): CodeIgniter\Model->doFirst()
#6 D:\Downloads\codeigniter4-framework-v4.5.5-0-g2849e7f\ci4\app\Models\UserModel.php(18): CodeIgniter\BaseModel->first()
#7 D:\Downloads\codeigniter4-framework-v4.5.5-0-g2849e7f\ci4\app\Controllers\UserController.php(28): App\Models\UserModel->validateUser('cher123', 'f94adcc3ddda04a...', 'cher')
#8 D:\Downloads\codeigniter4-framework-v4.5.5-0-g2849e7f\ci4\system\CodeIgniter.php(933): App\Controllers\UserController->loginUser()
#9 D:\Downloads\codeigniter4-framework-v4.5.5-0-g2849e7f\ci4\system\CodeIgniter.php(509): CodeIgniter\CodeIgniter->runController(Object(App\Controllers\UserController))
#10 D:\Downloads\codeigniter4-framework-v4.5.5-0-g2849e7f\ci4\system\CodeIgniter.php(355): CodeIgniter\CodeIgniter->handleRequest(NULL, Object(Config\Cache), false)
#11 D:\Downloads\codeigniter4-framework-v4.5.5-0-g2849e7f\ci4\system\Boot.php(325): CodeIgniter\CodeIgniter->run()
#12 D:\Downloads\codeigniter4-framework-v4.5.5-0-g2849e7f\ci4\system\Boot.php(67): CodeIgniter\Boot::runCodeIgniter(Object(CodeIgniter\CodeIgniter))
#13 D:\Downloads\codeigniter4-framework-v4.5.5-0-g2849e7f\ci4\public\index.php(56): CodeIgniter\Boot::bootWeb(Object(Config\Paths))
#14 D:\Downloads\codeigniter4-framework-v4.5.5-0-g2849e7f\ci4\system\rewrite.php(44): require_once('D:\\Downloads\\co...')
#15 {main}
CRITICAL - 2024-11-27 12:36:15 --> CodeIgniter\Database\Exceptions\DatabaseException: Unknown column 'name' in 'where clause'
[Method: POST, Route: loginUser]
in SYSTEMPATH\Database\BaseConnection.php on line 688.
 1 SYSTEMPATH\Database\BaseBuilder.php(1644): CodeIgniter\Database\BaseConnection->query('SELECT *
FROM `user`
WHERE `username` = :username:
AND `password` = :password:
AND `name` = :name:
 LIMIT 1', [...], false)
 2 SYSTEMPATH\Model.php(330): CodeIgniter\Database\BaseBuilder->get()
 3 SYSTEMPATH\BaseModel.php(714): CodeIgniter\Model->doFirst()
 4 APPPATH\Models\UserModel.php(18): CodeIgniter\BaseModel->first()
 5 APPPATH\Controllers\UserController.php(28): App\Models\UserModel->validateUser('cher123', 'f94adcc3ddda04a8f34928d862f404b4', 'cher')
 6 SYSTEMPATH\CodeIgniter.php(933): App\Controllers\UserController->loginUser()
 7 SYSTEMPATH\CodeIgniter.php(509): CodeIgniter\CodeIgniter->runController(Object(App\Controllers\UserController))
 8 SYSTEMPATH\CodeIgniter.php(355): CodeIgniter\CodeIgniter->handleRequest(null, Object(Config\Cache), false)
 9 SYSTEMPATH\Boot.php(325): CodeIgniter\CodeIgniter->run()
10 SYSTEMPATH\Boot.php(67): CodeIgniter\Boot::runCodeIgniter(Object(CodeIgniter\CodeIgniter))
11 FCPATH\index.php(56): CodeIgniter\Boot::bootWeb(Object(Config\Paths))
12 SYSTEMPATH\rewrite.php(44): require_once('D:\\Downloads\\codeigniter4-framework-v4.5.5-0-g2849e7f\\ci4\\public\\index.php')
CRITICAL - 2024-11-27 12:36:15 --> [Caused by] CodeIgniter\Database\Exceptions\DatabaseException: Unknown column 'name' in 'where clause'
in SYSTEMPATH\Database\MySQLi\Connection.php on line 317.
 1 SYSTEMPATH\Database\BaseConnection.php(734): CodeIgniter\Database\MySQLi\Connection->execute('SELECT *
FROM `user`
WHERE `username` = \'cher123\'
AND `password` = \'f94adcc3ddda04a8f34928d862f404b4\'
AND `name` = \'cher\'
 LIMIT 1')
 2 SYSTEMPATH\Database\BaseConnection.php(648): CodeIgniter\Database\BaseConnection->simpleQuery('SELECT *
FROM `user`
WHERE `username` = \'cher123\'
AND `password` = \'f94adcc3ddda04a8f34928d862f404b4\'
AND `name` = \'cher\'
 LIMIT 1')
 3 SYSTEMPATH\Database\BaseBuilder.php(1644): CodeIgniter\Database\BaseConnection->query('SELECT *
FROM `user`
WHERE `username` = :username:
AND `password` = :password:
AND `name` = :name:
 LIMIT 1', [...], false)
 4 SYSTEMPATH\Model.php(330): CodeIgniter\Database\BaseBuilder->get()
 5 SYSTEMPATH\BaseModel.php(714): CodeIgniter\Model->doFirst()
 6 APPPATH\Models\UserModel.php(18): CodeIgniter\BaseModel->first()
 7 APPPATH\Controllers\UserController.php(28): App\Models\UserModel->validateUser('cher123', 'f94adcc3ddda04a8f34928d862f404b4', 'cher')
 8 SYSTEMPATH\CodeIgniter.php(933): App\Controllers\UserController->loginUser()
 9 SYSTEMPATH\CodeIgniter.php(509): CodeIgniter\CodeIgniter->runController(Object(App\Controllers\UserController))
10 SYSTEMPATH\CodeIgniter.php(355): CodeIgniter\CodeIgniter->handleRequest(null, Object(Config\Cache), false)
11 SYSTEMPATH\Boot.php(325): CodeIgniter\CodeIgniter->run()
12 SYSTEMPATH\Boot.php(67): CodeIgniter\Boot::runCodeIgniter(Object(CodeIgniter\CodeIgniter))
13 FCPATH\index.php(56): CodeIgniter\Boot::bootWeb(Object(Config\Paths))
14 SYSTEMPATH\rewrite.php(44): require_once('D:\\Downloads\\codeigniter4-framework-v4.5.5-0-g2849e7f\\ci4\\public\\index.php')
CRITICAL - 2024-11-27 12:36:15 --> [Caused by] mysqli_sql_exception: Unknown column 'name' in 'where clause'
in SYSTEMPATH\Database\MySQLi\Connection.php on line 312.
 1 SYSTEMPATH\Database\MySQLi\Connection.php(312): mysqli->query('SELECT *
FROM `user`
WHERE `username` = \'cher123\'
AND `password` = \'f94adcc3ddda04a8f34928d862f404b4\'
AND `name` = \'cher\'
 LIMIT 1', 0)
 2 SYSTEMPATH\Database\BaseConnection.php(734): CodeIgniter\Database\MySQLi\Connection->execute('SELECT *
FROM `user`
WHERE `username` = \'cher123\'
AND `password` = \'f94adcc3ddda04a8f34928d862f404b4\'
AND `name` = \'cher\'
 LIMIT 1')
 3 SYSTEMPATH\Database\BaseConnection.php(648): CodeIgniter\Database\BaseConnection->simpleQuery('SELECT *
FROM `user`
WHERE `username` = \'cher123\'
AND `password` = \'f94adcc3ddda04a8f34928d862f404b4\'
AND `name` = \'cher\'
 LIMIT 1')
 4 SYSTEMPATH\Database\BaseBuilder.php(1644): CodeIgniter\Database\BaseConnection->query('SELECT *
FROM `user`
WHERE `username` = :username:
AND `password` = :password:
AND `name` = :name:
 LIMIT 1', [...], false)
 5 SYSTEMPATH\Model.php(330): CodeIgniter\Database\BaseBuilder->get()
 6 SYSTEMPATH\BaseModel.php(714): CodeIgniter\Model->doFirst()
 7 APPPATH\Models\UserModel.php(18): CodeIgniter\BaseModel->first()
 8 APPPATH\Controllers\UserController.php(28): App\Models\UserModel->validateUser('cher123', 'f94adcc3ddda04a8f34928d862f404b4', 'cher')
 9 SYSTEMPATH\CodeIgniter.php(933): App\Controllers\UserController->loginUser()
10 SYSTEMPATH\CodeIgniter.php(509): CodeIgniter\CodeIgniter->runController(Object(App\Controllers\UserController))
11 SYSTEMPATH\CodeIgniter.php(355): CodeIgniter\CodeIgniter->handleRequest(null, Object(Config\Cache), false)
12 SYSTEMPATH\Boot.php(325): CodeIgniter\CodeIgniter->run()
13 SYSTEMPATH\Boot.php(67): CodeIgniter\Boot::runCodeIgniter(Object(CodeIgniter\CodeIgniter))
14 FCPATH\index.php(56): CodeIgniter\Boot::bootWeb(Object(Config\Paths))
15 SYSTEMPATH\rewrite.php(44): require_once('D:\\Downloads\\codeigniter4-framework-v4.5.5-0-g2849e7f\\ci4\\public\\index.php')
ERROR - 2024-11-27 12:36:18 --> mysqli_sql_exception: Unknown column 'name' in 'where clause' in D:\Downloads\codeigniter4-framework-v4.5.5-0-g2849e7f\ci4\system\Database\MySQLi\Connection.php:312
Stack trace:
#0 D:\Downloads\codeigniter4-framework-v4.5.5-0-g2849e7f\ci4\system\Database\MySQLi\Connection.php(312): mysqli->query('SELECT *\nFROM `...', 0)
#1 D:\Downloads\codeigniter4-framework-v4.5.5-0-g2849e7f\ci4\system\Database\BaseConnection.php(734): CodeIgniter\Database\MySQLi\Connection->execute('SELECT *\nFROM `...')
#2 D:\Downloads\codeigniter4-framework-v4.5.5-0-g2849e7f\ci4\system\Database\BaseConnection.php(648): CodeIgniter\Database\BaseConnection->simpleQuery('SELECT *\nFROM `...')
#3 D:\Downloads\codeigniter4-framework-v4.5.5-0-g2849e7f\ci4\system\Database\BaseBuilder.php(1644): CodeIgniter\Database\BaseConnection->query('SELECT *\nFROM `...', Array, false)
#4 D:\Downloads\codeigniter4-framework-v4.5.5-0-g2849e7f\ci4\system\Model.php(330): CodeIgniter\Database\BaseBuilder->get()
#5 D:\Downloads\codeigniter4-framework-v4.5.5-0-g2849e7f\ci4\system\BaseModel.php(714): CodeIgniter\Model->doFirst()
#6 D:\Downloads\codeigniter4-framework-v4.5.5-0-g2849e7f\ci4\app\Models\UserModel.php(18): CodeIgniter\BaseModel->first()
#7 D:\Downloads\codeigniter4-framework-v4.5.5-0-g2849e7f\ci4\app\Controllers\UserController.php(28): App\Models\UserModel->validateUser('cher123', 'f94adcc3ddda04a...', 'cher')
#8 D:\Downloads\codeigniter4-framework-v4.5.5-0-g2849e7f\ci4\system\CodeIgniter.php(933): App\Controllers\UserController->loginUser()
#9 D:\Downloads\codeigniter4-framework-v4.5.5-0-g2849e7f\ci4\system\CodeIgniter.php(509): CodeIgniter\CodeIgniter->runController(Object(App\Controllers\UserController))
#10 D:\Downloads\codeigniter4-framework-v4.5.5-0-g2849e7f\ci4\system\CodeIgniter.php(355): CodeIgniter\CodeIgniter->handleRequest(NULL, Object(Config\Cache), false)
#11 D:\Downloads\codeigniter4-framework-v4.5.5-0-g2849e7f\ci4\system\Boot.php(325): CodeIgniter\CodeIgniter->run()
#12 D:\Downloads\codeigniter4-framework-v4.5.5-0-g2849e7f\ci4\system\Boot.php(67): CodeIgniter\Boot::runCodeIgniter(Object(CodeIgniter\CodeIgniter))
#13 D:\Downloads\codeigniter4-framework-v4.5.5-0-g2849e7f\ci4\public\index.php(56): CodeIgniter\Boot::bootWeb(Object(Config\Paths))
#14 D:\Downloads\codeigniter4-framework-v4.5.5-0-g2849e7f\ci4\system\rewrite.php(44): require_once('D:\\Downloads\\co...')
#15 {main}
CRITICAL - 2024-11-27 12:36:18 --> CodeIgniter\Database\Exceptions\DatabaseException: Unknown column 'name' in 'where clause'
[Method: POST, Route: loginUser]
in SYSTEMPATH\Database\BaseConnection.php on line 688.
 1 SYSTEMPATH\Database\BaseBuilder.php(1644): CodeIgniter\Database\BaseConnection->query('SELECT *
FROM `user`
WHERE `username` = :username:
AND `password` = :password:
AND `name` = :name:
 LIMIT 1', [...], false)
 2 SYSTEMPATH\Model.php(330): CodeIgniter\Database\BaseBuilder->get()
 3 SYSTEMPATH\BaseModel.php(714): CodeIgniter\Model->doFirst()
 4 APPPATH\Models\UserModel.php(18): CodeIgniter\BaseModel->first()
 5 APPPATH\Controllers\UserController.php(28): App\Models\UserModel->validateUser('cher123', 'f94adcc3ddda04a8f34928d862f404b4', 'cher')
 6 SYSTEMPATH\CodeIgniter.php(933): App\Controllers\UserController->loginUser()
 7 SYSTEMPATH\CodeIgniter.php(509): CodeIgniter\CodeIgniter->runController(Object(App\Controllers\UserController))
 8 SYSTEMPATH\CodeIgniter.php(355): CodeIgniter\CodeIgniter->handleRequest(null, Object(Config\Cache), false)
 9 SYSTEMPATH\Boot.php(325): CodeIgniter\CodeIgniter->run()
10 SYSTEMPATH\Boot.php(67): CodeIgniter\Boot::runCodeIgniter(Object(CodeIgniter\CodeIgniter))
11 FCPATH\index.php(56): CodeIgniter\Boot::bootWeb(Object(Config\Paths))
12 SYSTEMPATH\rewrite.php(44): require_once('D:\\Downloads\\codeigniter4-framework-v4.5.5-0-g2849e7f\\ci4\\public\\index.php')
CRITICAL - 2024-11-27 12:36:18 --> [Caused by] CodeIgniter\Database\Exceptions\DatabaseException: Unknown column 'name' in 'where clause'
in SYSTEMPATH\Database\MySQLi\Connection.php on line 317.
 1 SYSTEMPATH\Database\BaseConnection.php(734): CodeIgniter\Database\MySQLi\Connection->execute('SELECT *
FROM `user`
WHERE `username` = \'cher123\'
AND `password` = \'f94adcc3ddda04a8f34928d862f404b4\'
AND `name` = \'cher\'
 LIMIT 1')
 2 SYSTEMPATH\Database\BaseConnection.php(648): CodeIgniter\Database\BaseConnection->simpleQuery('SELECT *
FROM `user`
WHERE `username` = \'cher123\'
AND `password` = \'f94adcc3ddda04a8f34928d862f404b4\'
AND `name` = \'cher\'
 LIMIT 1')
 3 SYSTEMPATH\Database\BaseBuilder.php(1644): CodeIgniter\Database\BaseConnection->query('SELECT *
FROM `user`
WHERE `username` = :username:
AND `password` = :password:
AND `name` = :name:
 LIMIT 1', [...], false)
 4 SYSTEMPATH\Model.php(330): CodeIgniter\Database\BaseBuilder->get()
 5 SYSTEMPATH\BaseModel.php(714): CodeIgniter\Model->doFirst()
 6 APPPATH\Models\UserModel.php(18): CodeIgniter\BaseModel->first()
 7 APPPATH\Controllers\UserController.php(28): App\Models\UserModel->validateUser('cher123', 'f94adcc3ddda04a8f34928d862f404b4', 'cher')
 8 SYSTEMPATH\CodeIgniter.php(933): App\Controllers\UserController->loginUser()
 9 SYSTEMPATH\CodeIgniter.php(509): CodeIgniter\CodeIgniter->runController(Object(App\Controllers\UserController))
10 SYSTEMPATH\CodeIgniter.php(355): CodeIgniter\CodeIgniter->handleRequest(null, Object(Config\Cache), false)
11 SYSTEMPATH\Boot.php(325): CodeIgniter\CodeIgniter->run()
12 SYSTEMPATH\Boot.php(67): CodeIgniter\Boot::runCodeIgniter(Object(CodeIgniter\CodeIgniter))
13 FCPATH\index.php(56): CodeIgniter\Boot::bootWeb(Object(Config\Paths))
14 SYSTEMPATH\rewrite.php(44): require_once('D:\\Downloads\\codeigniter4-framework-v4.5.5-0-g2849e7f\\ci4\\public\\index.php')
CRITICAL - 2024-11-27 12:36:18 --> [Caused by] mysqli_sql_exception: Unknown column 'name' in 'where clause'
in SYSTEMPATH\Database\MySQLi\Connection.php on line 312.
 1 SYSTEMPATH\Database\MySQLi\Connection.php(312): mysqli->query('SELECT *
FROM `user`
WHERE `username` = \'cher123\'
AND `password` = \'f94adcc3ddda04a8f34928d862f404b4\'
AND `name` = \'cher\'
 LIMIT 1', 0)
 2 SYSTEMPATH\Database\BaseConnection.php(734): CodeIgniter\Database\MySQLi\Connection->execute('SELECT *
FROM `user`
WHERE `username` = \'cher123\'
AND `password` = \'f94adcc3ddda04a8f34928d862f404b4\'
AND `name` = \'cher\'
 LIMIT 1')
 3 SYSTEMPATH\Database\BaseConnection.php(648): CodeIgniter\Database\BaseConnection->simpleQuery('SELECT *
FROM `user`
WHERE `username` = \'cher123\'
AND `password` = \'f94adcc3ddda04a8f34928d862f404b4\'
AND `name` = \'cher\'
 LIMIT 1')
 4 SYSTEMPATH\Database\BaseBuilder.php(1644): CodeIgniter\Database\BaseConnection->query('SELECT *
FROM `user`
WHERE `username` = :username:
AND `password` = :password:
AND `name` = :name:
 LIMIT 1', [...], false)
 5 SYSTEMPATH\Model.php(330): CodeIgniter\Database\BaseBuilder->get()
 6 SYSTEMPATH\BaseModel.php(714): CodeIgniter\Model->doFirst()
 7 APPPATH\Models\UserModel.php(18): CodeIgniter\BaseModel->first()
 8 APPPATH\Controllers\UserController.php(28): App\Models\UserModel->validateUser('cher123', 'f94adcc3ddda04a8f34928d862f404b4', 'cher')
 9 SYSTEMPATH\CodeIgniter.php(933): App\Controllers\UserController->loginUser()
10 SYSTEMPATH\CodeIgniter.php(509): CodeIgniter\CodeIgniter->runController(Object(App\Controllers\UserController))
11 SYSTEMPATH\CodeIgniter.php(355): CodeIgniter\CodeIgniter->handleRequest(null, Object(Config\Cache), false)
12 SYSTEMPATH\Boot.php(325): CodeIgniter\CodeIgniter->run()
13 SYSTEMPATH\Boot.php(67): CodeIgniter\Boot::runCodeIgniter(Object(CodeIgniter\CodeIgniter))
14 FCPATH\index.php(56): CodeIgniter\Boot::bootWeb(Object(Config\Paths))
15 SYSTEMPATH\rewrite.php(44): require_once('D:\\Downloads\\codeigniter4-framework-v4.5.5-0-g2849e7f\\ci4\\public\\index.php')
ERROR - 2024-11-27 12:37:33 --> mysqli_sql_exception: Unknown column 'name' in 'where clause' in D:\Downloads\codeigniter4-framework-v4.5.5-0-g2849e7f\ci4\system\Database\MySQLi\Connection.php:312
Stack trace:
#0 D:\Downloads\codeigniter4-framework-v4.5.5-0-g2849e7f\ci4\system\Database\MySQLi\Connection.php(312): mysqli->query('SELECT *\nFROM `...', 0)
#1 D:\Downloads\codeigniter4-framework-v4.5.5-0-g2849e7f\ci4\system\Database\BaseConnection.php(734): CodeIgniter\Database\MySQLi\Connection->execute('SELECT *\nFROM `...')
#2 D:\Downloads\codeigniter4-framework-v4.5.5-0-g2849e7f\ci4\system\Database\BaseConnection.php(648): CodeIgniter\Database\BaseConnection->simpleQuery('SELECT *\nFROM `...')
#3 D:\Downloads\codeigniter4-framework-v4.5.5-0-g2849e7f\ci4\system\Database\BaseBuilder.php(1644): CodeIgniter\Database\BaseConnection->query('SELECT *\nFROM `...', Array, false)
#4 D:\Downloads\codeigniter4-framework-v4.5.5-0-g2849e7f\ci4\system\Model.php(330): CodeIgniter\Database\BaseBuilder->get()
#5 D:\Downloads\codeigniter4-framework-v4.5.5-0-g2849e7f\ci4\system\BaseModel.php(714): CodeIgniter\Model->doFirst()
#6 D:\Downloads\codeigniter4-framework-v4.5.5-0-g2849e7f\ci4\app\Models\UserModel.php(18): CodeIgniter\BaseModel->first()
#7 D:\Downloads\codeigniter4-framework-v4.5.5-0-g2849e7f\ci4\app\Controllers\UserController.php(28): App\Models\UserModel->validateUser('cher123', 'f94adcc3ddda04a...', 'cher')
#8 D:\Downloads\codeigniter4-framework-v4.5.5-0-g2849e7f\ci4\system\CodeIgniter.php(933): App\Controllers\UserController->loginUser()
#9 D:\Downloads\codeigniter4-framework-v4.5.5-0-g2849e7f\ci4\system\CodeIgniter.php(509): CodeIgniter\CodeIgniter->runController(Object(App\Controllers\UserController))
#10 D:\Downloads\codeigniter4-framework-v4.5.5-0-g2849e7f\ci4\system\CodeIgniter.php(355): CodeIgniter\CodeIgniter->handleRequest(NULL, Object(Config\Cache), false)
#11 D:\Downloads\codeigniter4-framework-v4.5.5-0-g2849e7f\ci4\system\Boot.php(325): CodeIgniter\CodeIgniter->run()
#12 D:\Downloads\codeigniter4-framework-v4.5.5-0-g2849e7f\ci4\system\Boot.php(67): CodeIgniter\Boot::runCodeIgniter(Object(CodeIgniter\CodeIgniter))
#13 D:\Downloads\codeigniter4-framework-v4.5.5-0-g2849e7f\ci4\public\index.php(56): CodeIgniter\Boot::bootWeb(Object(Config\Paths))
#14 D:\Downloads\codeigniter4-framework-v4.5.5-0-g2849e7f\ci4\system\rewrite.php(44): require_once('D:\\Downloads\\co...')
#15 {main}
CRITICAL - 2024-11-27 12:37:33 --> CodeIgniter\Database\Exceptions\DatabaseException: Unknown column 'name' in 'where clause'
[Method: POST, Route: loginUser]
in SYSTEMPATH\Database\BaseConnection.php on line 688.
 1 SYSTEMPATH\Database\BaseBuilder.php(1644): CodeIgniter\Database\BaseConnection->query('SELECT *
FROM `user`
WHERE `username` = :username:
AND `password` = :password:
AND `name` = :name:
 LIMIT 1', [...], false)
 2 SYSTEMPATH\Model.php(330): CodeIgniter\Database\BaseBuilder->get()
 3 SYSTEMPATH\BaseModel.php(714): CodeIgniter\Model->doFirst()
 4 APPPATH\Models\UserModel.php(18): CodeIgniter\BaseModel->first()
 5 APPPATH\Controllers\UserController.php(28): App\Models\UserModel->validateUser('cher123', 'f94adcc3ddda04a8f34928d862f404b4', 'cher')
 6 SYSTEMPATH\CodeIgniter.php(933): App\Controllers\UserController->loginUser()
 7 SYSTEMPATH\CodeIgniter.php(509): CodeIgniter\CodeIgniter->runController(Object(App\Controllers\UserController))
 8 SYSTEMPATH\CodeIgniter.php(355): CodeIgniter\CodeIgniter->handleRequest(null, Object(Config\Cache), false)
 9 SYSTEMPATH\Boot.php(325): CodeIgniter\CodeIgniter->run()
10 SYSTEMPATH\Boot.php(67): CodeIgniter\Boot::runCodeIgniter(Object(CodeIgniter\CodeIgniter))
11 FCPATH\index.php(56): CodeIgniter\Boot::bootWeb(Object(Config\Paths))
12 SYSTEMPATH\rewrite.php(44): require_once('D:\\Downloads\\codeigniter4-framework-v4.5.5-0-g2849e7f\\ci4\\public\\index.php')
CRITICAL - 2024-11-27 12:37:33 --> [Caused by] CodeIgniter\Database\Exceptions\DatabaseException: Unknown column 'name' in 'where clause'
in SYSTEMPATH\Database\MySQLi\Connection.php on line 317.
 1 SYSTEMPATH\Database\BaseConnection.php(734): CodeIgniter\Database\MySQLi\Connection->execute('SELECT *
FROM `user`
WHERE `username` = \'cher123\'
AND `password` = \'f94adcc3ddda04a8f34928d862f404b4\'
AND `name` = \'cher\'
 LIMIT 1')
 2 SYSTEMPATH\Database\BaseConnection.php(648): CodeIgniter\Database\BaseConnection->simpleQuery('SELECT *
FROM `user`
WHERE `username` = \'cher123\'
AND `password` = \'f94adcc3ddda04a8f34928d862f404b4\'
AND `name` = \'cher\'
 LIMIT 1')
 3 SYSTEMPATH\Database\BaseBuilder.php(1644): CodeIgniter\Database\BaseConnection->query('SELECT *
FROM `user`
WHERE `username` = :username:
AND `password` = :password:
AND `name` = :name:
 LIMIT 1', [...], false)
 4 SYSTEMPATH\Model.php(330): CodeIgniter\Database\BaseBuilder->get()
 5 SYSTEMPATH\BaseModel.php(714): CodeIgniter\Model->doFirst()
 6 APPPATH\Models\UserModel.php(18): CodeIgniter\BaseModel->first()
 7 APPPATH\Controllers\UserController.php(28): App\Models\UserModel->validateUser('cher123', 'f94adcc3ddda04a8f34928d862f404b4', 'cher')
 8 SYSTEMPATH\CodeIgniter.php(933): App\Controllers\UserController->loginUser()
 9 SYSTEMPATH\CodeIgniter.php(509): CodeIgniter\CodeIgniter->runController(Object(App\Controllers\UserController))
10 SYSTEMPATH\CodeIgniter.php(355): CodeIgniter\CodeIgniter->handleRequest(null, Object(Config\Cache), false)
11 SYSTEMPATH\Boot.php(325): CodeIgniter\CodeIgniter->run()
12 SYSTEMPATH\Boot.php(67): CodeIgniter\Boot::runCodeIgniter(Object(CodeIgniter\CodeIgniter))
13 FCPATH\index.php(56): CodeIgniter\Boot::bootWeb(Object(Config\Paths))
14 SYSTEMPATH\rewrite.php(44): require_once('D:\\Downloads\\codeigniter4-framework-v4.5.5-0-g2849e7f\\ci4\\public\\index.php')
CRITICAL - 2024-11-27 12:37:33 --> [Caused by] mysqli_sql_exception: Unknown column 'name' in 'where clause'
in SYSTEMPATH\Database\MySQLi\Connection.php on line 312.
 1 SYSTEMPATH\Database\MySQLi\Connection.php(312): mysqli->query('SELECT *
FROM `user`
WHERE `username` = \'cher123\'
AND `password` = \'f94adcc3ddda04a8f34928d862f404b4\'
AND `name` = \'cher\'
 LIMIT 1', 0)
 2 SYSTEMPATH\Database\BaseConnection.php(734): CodeIgniter\Database\MySQLi\Connection->execute('SELECT *
FROM `user`
WHERE `username` = \'cher123\'
AND `password` = \'f94adcc3ddda04a8f34928d862f404b4\'
AND `name` = \'cher\'
 LIMIT 1')
 3 SYSTEMPATH\Database\BaseConnection.php(648): CodeIgniter\Database\BaseConnection->simpleQuery('SELECT *
FROM `user`
WHERE `username` = \'cher123\'
AND `password` = \'f94adcc3ddda04a8f34928d862f404b4\'
AND `name` = \'cher\'
 LIMIT 1')
 4 SYSTEMPATH\Database\BaseBuilder.php(1644): CodeIgniter\Database\BaseConnection->query('SELECT *
FROM `user`
WHERE `username` = :username:
AND `password` = :password:
AND `name` = :name:
 LIMIT 1', [...], false)
 5 SYSTEMPATH\Model.php(330): CodeIgniter\Database\BaseBuilder->get()
 6 SYSTEMPATH\BaseModel.php(714): CodeIgniter\Model->doFirst()
 7 APPPATH\Models\UserModel.php(18): CodeIgniter\BaseModel->first()
 8 APPPATH\Controllers\UserController.php(28): App\Models\UserModel->validateUser('cher123', 'f94adcc3ddda04a8f34928d862f404b4', 'cher')
 9 SYSTEMPATH\CodeIgniter.php(933): App\Controllers\UserController->loginUser()
10 SYSTEMPATH\CodeIgniter.php(509): CodeIgniter\CodeIgniter->runController(Object(App\Controllers\UserController))
11 SYSTEMPATH\CodeIgniter.php(355): CodeIgniter\CodeIgniter->handleRequest(null, Object(Config\Cache), false)
12 SYSTEMPATH\Boot.php(325): CodeIgniter\CodeIgniter->run()
13 SYSTEMPATH\Boot.php(67): CodeIgniter\Boot::runCodeIgniter(Object(CodeIgniter\CodeIgniter))
14 FCPATH\index.php(56): CodeIgniter\Boot::bootWeb(Object(Config\Paths))
15 SYSTEMPATH\rewrite.php(44): require_once('D:\\Downloads\\codeigniter4-framework-v4.5.5-0-g2849e7f\\ci4\\public\\index.php')
ERROR - 2024-11-27 12:40:26 --> mysqli_sql_exception: Unknown column 'name' in 'where clause' in D:\Downloads\codeigniter4-framework-v4.5.5-0-g2849e7f\ci4\system\Database\MySQLi\Connection.php:312
Stack trace:
#0 D:\Downloads\codeigniter4-framework-v4.5.5-0-g2849e7f\ci4\system\Database\MySQLi\Connection.php(312): mysqli->query('SELECT *\nFROM `...', 0)
#1 D:\Downloads\codeigniter4-framework-v4.5.5-0-g2849e7f\ci4\system\Database\BaseConnection.php(734): CodeIgniter\Database\MySQLi\Connection->execute('SELECT *\nFROM `...')
#2 D:\Downloads\codeigniter4-framework-v4.5.5-0-g2849e7f\ci4\system\Database\BaseConnection.php(648): CodeIgniter\Database\BaseConnection->simpleQuery('SELECT *\nFROM `...')
#3 D:\Downloads\codeigniter4-framework-v4.5.5-0-g2849e7f\ci4\system\Database\BaseBuilder.php(1644): CodeIgniter\Database\BaseConnection->query('SELECT *\nFROM `...', Array, false)
#4 D:\Downloads\codeigniter4-framework-v4.5.5-0-g2849e7f\ci4\system\Model.php(330): CodeIgniter\Database\BaseBuilder->get()
#5 D:\Downloads\codeigniter4-framework-v4.5.5-0-g2849e7f\ci4\system\BaseModel.php(714): CodeIgniter\Model->doFirst()
#6 D:\Downloads\codeigniter4-framework-v4.5.5-0-g2849e7f\ci4\app\Models\UserModel.php(18): CodeIgniter\BaseModel->first()
#7 D:\Downloads\codeigniter4-framework-v4.5.5-0-g2849e7f\ci4\app\Controllers\UserController.php(27): App\Models\UserModel->validateUser('cher123', 'f94adcc3ddda04a...', 'cher')
#8 D:\Downloads\codeigniter4-framework-v4.5.5-0-g2849e7f\ci4\system\CodeIgniter.php(933): App\Controllers\UserController->loginUser()
#9 D:\Downloads\codeigniter4-framework-v4.5.5-0-g2849e7f\ci4\system\CodeIgniter.php(509): CodeIgniter\CodeIgniter->runController(Object(App\Controllers\UserController))
#10 D:\Downloads\codeigniter4-framework-v4.5.5-0-g2849e7f\ci4\system\CodeIgniter.php(355): CodeIgniter\CodeIgniter->handleRequest(NULL, Object(Config\Cache), false)
#11 D:\Downloads\codeigniter4-framework-v4.5.5-0-g2849e7f\ci4\system\Boot.php(325): CodeIgniter\CodeIgniter->run()
#12 D:\Downloads\codeigniter4-framework-v4.5.5-0-g2849e7f\ci4\system\Boot.php(67): CodeIgniter\Boot::runCodeIgniter(Object(CodeIgniter\CodeIgniter))
#13 D:\Downloads\codeigniter4-framework-v4.5.5-0-g2849e7f\ci4\public\index.php(56): CodeIgniter\Boot::bootWeb(Object(Config\Paths))
#14 D:\Downloads\codeigniter4-framework-v4.5.5-0-g2849e7f\ci4\system\rewrite.php(44): require_once('D:\\Downloads\\co...')
#15 {main}
CRITICAL - 2024-11-27 12:40:26 --> CodeIgniter\Database\Exceptions\DatabaseException: Unknown column 'name' in 'where clause'
[Method: POST, Route: loginUser]
in SYSTEMPATH\Database\BaseConnection.php on line 688.
 1 SYSTEMPATH\Database\BaseBuilder.php(1644): CodeIgniter\Database\BaseConnection->query('SELECT *
FROM `user`
WHERE `username` = :username:
AND `password` = :password:
AND `name` = :name:
 LIMIT 1', [...], false)
 2 SYSTEMPATH\Model.php(330): CodeIgniter\Database\BaseBuilder->get()
 3 SYSTEMPATH\BaseModel.php(714): CodeIgniter\Model->doFirst()
 4 APPPATH\Models\UserModel.php(18): CodeIgniter\BaseModel->first()
 5 APPPATH\Controllers\UserController.php(27): App\Models\UserModel->validateUser('cher123', 'f94adcc3ddda04a8f34928d862f404b4', 'cher')
 6 SYSTEMPATH\CodeIgniter.php(933): App\Controllers\UserController->loginUser()
 7 SYSTEMPATH\CodeIgniter.php(509): CodeIgniter\CodeIgniter->runController(Object(App\Controllers\UserController))
 8 SYSTEMPATH\CodeIgniter.php(355): CodeIgniter\CodeIgniter->handleRequest(null, Object(Config\Cache), false)
 9 SYSTEMPATH\Boot.php(325): CodeIgniter\CodeIgniter->run()
10 SYSTEMPATH\Boot.php(67): CodeIgniter\Boot::runCodeIgniter(Object(CodeIgniter\CodeIgniter))
11 FCPATH\index.php(56): CodeIgniter\Boot::bootWeb(Object(Config\Paths))
12 SYSTEMPATH\rewrite.php(44): require_once('D:\\Downloads\\codeigniter4-framework-v4.5.5-0-g2849e7f\\ci4\\public\\index.php')
CRITICAL - 2024-11-27 12:40:26 --> [Caused by] CodeIgniter\Database\Exceptions\DatabaseException: Unknown column 'name' in 'where clause'
in SYSTEMPATH\Database\MySQLi\Connection.php on line 317.
 1 SYSTEMPATH\Database\BaseConnection.php(734): CodeIgniter\Database\MySQLi\Connection->execute('SELECT *
FROM `user`
WHERE `username` = \'cher123\'
AND `password` = \'f94adcc3ddda04a8f34928d862f404b4\'
AND `name` = \'cher\'
 LIMIT 1')
 2 SYSTEMPATH\Database\BaseConnection.php(648): CodeIgniter\Database\BaseConnection->simpleQuery('SELECT *
FROM `user`
WHERE `username` = \'cher123\'
AND `password` = \'f94adcc3ddda04a8f34928d862f404b4\'
AND `name` = \'cher\'
 LIMIT 1')
 3 SYSTEMPATH\Database\BaseBuilder.php(1644): CodeIgniter\Database\BaseConnection->query('SELECT *
FROM `user`
WHERE `username` = :username:
AND `password` = :password:
AND `name` = :name:
 LIMIT 1', [...], false)
 4 SYSTEMPATH\Model.php(330): CodeIgniter\Database\BaseBuilder->get()
 5 SYSTEMPATH\BaseModel.php(714): CodeIgniter\Model->doFirst()
 6 APPPATH\Models\UserModel.php(18): CodeIgniter\BaseModel->first()
 7 APPPATH\Controllers\UserController.php(27): App\Models\UserModel->validateUser('cher123', 'f94adcc3ddda04a8f34928d862f404b4', 'cher')
 8 SYSTEMPATH\CodeIgniter.php(933): App\Controllers\UserController->loginUser()
 9 SYSTEMPATH\CodeIgniter.php(509): CodeIgniter\CodeIgniter->runController(Object(App\Controllers\UserController))
10 SYSTEMPATH\CodeIgniter.php(355): CodeIgniter\CodeIgniter->handleRequest(null, Object(Config\Cache), false)
11 SYSTEMPATH\Boot.php(325): CodeIgniter\CodeIgniter->run()
12 SYSTEMPATH\Boot.php(67): CodeIgniter\Boot::runCodeIgniter(Object(CodeIgniter\CodeIgniter))
13 FCPATH\index.php(56): CodeIgniter\Boot::bootWeb(Object(Config\Paths))
14 SYSTEMPATH\rewrite.php(44): require_once('D:\\Downloads\\codeigniter4-framework-v4.5.5-0-g2849e7f\\ci4\\public\\index.php')
CRITICAL - 2024-11-27 12:40:26 --> [Caused by] mysqli_sql_exception: Unknown column 'name' in 'where clause'
in SYSTEMPATH\Database\MySQLi\Connection.php on line 312.
 1 SYSTEMPATH\Database\MySQLi\Connection.php(312): mysqli->query('SELECT *
FROM `user`
WHERE `username` = \'cher123\'
AND `password` = \'f94adcc3ddda04a8f34928d862f404b4\'
AND `name` = \'cher\'
 LIMIT 1', 0)
 2 SYSTEMPATH\Database\BaseConnection.php(734): CodeIgniter\Database\MySQLi\Connection->execute('SELECT *
FROM `user`
WHERE `username` = \'cher123\'
AND `password` = \'f94adcc3ddda04a8f34928d862f404b4\'
AND `name` = \'cher\'
 LIMIT 1')
 3 SYSTEMPATH\Database\BaseConnection.php(648): CodeIgniter\Database\BaseConnection->simpleQuery('SELECT *
FROM `user`
WHERE `username` = \'cher123\'
AND `password` = \'f94adcc3ddda04a8f34928d862f404b4\'
AND `name` = \'cher\'
 LIMIT 1')
 4 SYSTEMPATH\Database\BaseBuilder.php(1644): CodeIgniter\Database\BaseConnection->query('SELECT *
FROM `user`
WHERE `username` = :username:
AND `password` = :password:
AND `name` = :name:
 LIMIT 1', [...], false)
 5 SYSTEMPATH\Model.php(330): CodeIgniter\Database\BaseBuilder->get()
 6 SYSTEMPATH\BaseModel.php(714): CodeIgniter\Model->doFirst()
 7 APPPATH\Models\UserModel.php(18): CodeIgniter\BaseModel->first()
 8 APPPATH\Controllers\UserController.php(27): App\Models\UserModel->validateUser('cher123', 'f94adcc3ddda04a8f34928d862f404b4', 'cher')
 9 SYSTEMPATH\CodeIgniter.php(933): App\Controllers\UserController->loginUser()
10 SYSTEMPATH\CodeIgniter.php(509): CodeIgniter\CodeIgniter->runController(Object(App\Controllers\UserController))
11 SYSTEMPATH\CodeIgniter.php(355): CodeIgniter\CodeIgniter->handleRequest(null, Object(Config\Cache), false)
12 SYSTEMPATH\Boot.php(325): CodeIgniter\CodeIgniter->run()
13 SYSTEMPATH\Boot.php(67): CodeIgniter\Boot::runCodeIgniter(Object(CodeIgniter\CodeIgniter))
14 FCPATH\index.php(56): CodeIgniter\Boot::bootWeb(Object(Config\Paths))
15 SYSTEMPATH\rewrite.php(44): require_once('D:\\Downloads\\codeigniter4-framework-v4.5.5-0-g2849e7f\\ci4\\public\\index.php')
ERROR - 2024-11-27 12:40:40 --> mysqli_sql_exception: Unknown column 'name' in 'where clause' in D:\Downloads\codeigniter4-framework-v4.5.5-0-g2849e7f\ci4\system\Database\MySQLi\Connection.php:312
Stack trace:
#0 D:\Downloads\codeigniter4-framework-v4.5.5-0-g2849e7f\ci4\system\Database\MySQLi\Connection.php(312): mysqli->query('SELECT *\nFROM `...', 0)
#1 D:\Downloads\codeigniter4-framework-v4.5.5-0-g2849e7f\ci4\system\Database\BaseConnection.php(734): CodeIgniter\Database\MySQLi\Connection->execute('SELECT *\nFROM `...')
#2 D:\Downloads\codeigniter4-framework-v4.5.5-0-g2849e7f\ci4\system\Database\BaseConnection.php(648): CodeIgniter\Database\BaseConnection->simpleQuery('SELECT *\nFROM `...')
#3 D:\Downloads\codeigniter4-framework-v4.5.5-0-g2849e7f\ci4\system\Database\BaseBuilder.php(1644): CodeIgniter\Database\BaseConnection->query('SELECT *\nFROM `...', Array, false)
#4 D:\Downloads\codeigniter4-framework-v4.5.5-0-g2849e7f\ci4\system\Model.php(330): CodeIgniter\Database\BaseBuilder->get()
#5 D:\Downloads\codeigniter4-framework-v4.5.5-0-g2849e7f\ci4\system\BaseModel.php(714): CodeIgniter\Model->doFirst()
#6 D:\Downloads\codeigniter4-framework-v4.5.5-0-g2849e7f\ci4\app\Models\UserModel.php(18): CodeIgniter\BaseModel->first()
#7 D:\Downloads\codeigniter4-framework-v4.5.5-0-g2849e7f\ci4\app\Controllers\UserController.php(27): App\Models\UserModel->validateUser('cher123', 'f94adcc3ddda04a...', 'cher')
#8 D:\Downloads\codeigniter4-framework-v4.5.5-0-g2849e7f\ci4\system\CodeIgniter.php(933): App\Controllers\UserController->loginUser()
#9 D:\Downloads\codeigniter4-framework-v4.5.5-0-g2849e7f\ci4\system\CodeIgniter.php(509): CodeIgniter\CodeIgniter->runController(Object(App\Controllers\UserController))
#10 D:\Downloads\codeigniter4-framework-v4.5.5-0-g2849e7f\ci4\system\CodeIgniter.php(355): CodeIgniter\CodeIgniter->handleRequest(NULL, Object(Config\Cache), false)
#11 D:\Downloads\codeigniter4-framework-v4.5.5-0-g2849e7f\ci4\system\Boot.php(325): CodeIgniter\CodeIgniter->run()
#12 D:\Downloads\codeigniter4-framework-v4.5.5-0-g2849e7f\ci4\system\Boot.php(67): CodeIgniter\Boot::runCodeIgniter(Object(CodeIgniter\CodeIgniter))
#13 D:\Downloads\codeigniter4-framework-v4.5.5-0-g2849e7f\ci4\public\index.php(56): CodeIgniter\Boot::bootWeb(Object(Config\Paths))
#14 D:\Downloads\codeigniter4-framework-v4.5.5-0-g2849e7f\ci4\system\rewrite.php(44): require_once('D:\\Downloads\\co...')
#15 {main}
CRITICAL - 2024-11-27 12:40:40 --> CodeIgniter\Database\Exceptions\DatabaseException: Unknown column 'name' in 'where clause'
[Method: POST, Route: loginUser]
in SYSTEMPATH\Database\BaseConnection.php on line 688.
 1 SYSTEMPATH\Database\BaseBuilder.php(1644): CodeIgniter\Database\BaseConnection->query('SELECT *
FROM `user`
WHERE `username` = :username:
AND `password` = :password:
AND `name` = :name:
 LIMIT 1', [...], false)
 2 SYSTEMPATH\Model.php(330): CodeIgniter\Database\BaseBuilder->get()
 3 SYSTEMPATH\BaseModel.php(714): CodeIgniter\Model->doFirst()
 4 APPPATH\Models\UserModel.php(18): CodeIgniter\BaseModel->first()
 5 APPPATH\Controllers\UserController.php(27): App\Models\UserModel->validateUser('cher123', 'f94adcc3ddda04a8f34928d862f404b4', 'cher')
 6 SYSTEMPATH\CodeIgniter.php(933): App\Controllers\UserController->loginUser()
 7 SYSTEMPATH\CodeIgniter.php(509): CodeIgniter\CodeIgniter->runController(Object(App\Controllers\UserController))
 8 SYSTEMPATH\CodeIgniter.php(355): CodeIgniter\CodeIgniter->handleRequest(null, Object(Config\Cache), false)
 9 SYSTEMPATH\Boot.php(325): CodeIgniter\CodeIgniter->run()
10 SYSTEMPATH\Boot.php(67): CodeIgniter\Boot::runCodeIgniter(Object(CodeIgniter\CodeIgniter))
11 FCPATH\index.php(56): CodeIgniter\Boot::bootWeb(Object(Config\Paths))
12 SYSTEMPATH\rewrite.php(44): require_once('D:\\Downloads\\codeigniter4-framework-v4.5.5-0-g2849e7f\\ci4\\public\\index.php')
CRITICAL - 2024-11-27 12:40:40 --> [Caused by] CodeIgniter\Database\Exceptions\DatabaseException: Unknown column 'name' in 'where clause'
in SYSTEMPATH\Database\MySQLi\Connection.php on line 317.
 1 SYSTEMPATH\Database\BaseConnection.php(734): CodeIgniter\Database\MySQLi\Connection->execute('SELECT *
FROM `user`
WHERE `username` = \'cher123\'
AND `password` = \'f94adcc3ddda04a8f34928d862f404b4\'
AND `name` = \'cher\'
 LIMIT 1')
 2 SYSTEMPATH\Database\BaseConnection.php(648): CodeIgniter\Database\BaseConnection->simpleQuery('SELECT *
FROM `user`
WHERE `username` = \'cher123\'
AND `password` = \'f94adcc3ddda04a8f34928d862f404b4\'
AND `name` = \'cher\'
 LIMIT 1')
 3 SYSTEMPATH\Database\BaseBuilder.php(1644): CodeIgniter\Database\BaseConnection->query('SELECT *
FROM `user`
WHERE `username` = :username:
AND `password` = :password:
AND `name` = :name:
 LIMIT 1', [...], false)
 4 SYSTEMPATH\Model.php(330): CodeIgniter\Database\BaseBuilder->get()
 5 SYSTEMPATH\BaseModel.php(714): CodeIgniter\Model->doFirst()
 6 APPPATH\Models\UserModel.php(18): CodeIgniter\BaseModel->first()
 7 APPPATH\Controllers\UserController.php(27): App\Models\UserModel->validateUser('cher123', 'f94adcc3ddda04a8f34928d862f404b4', 'cher')
 8 SYSTEMPATH\CodeIgniter.php(933): App\Controllers\UserController->loginUser()
 9 SYSTEMPATH\CodeIgniter.php(509): CodeIgniter\CodeIgniter->runController(Object(App\Controllers\UserController))
10 SYSTEMPATH\CodeIgniter.php(355): CodeIgniter\CodeIgniter->handleRequest(null, Object(Config\Cache), false)
11 SYSTEMPATH\Boot.php(325): CodeIgniter\CodeIgniter->run()
12 SYSTEMPATH\Boot.php(67): CodeIgniter\Boot::runCodeIgniter(Object(CodeIgniter\CodeIgniter))
13 FCPATH\index.php(56): CodeIgniter\Boot::bootWeb(Object(Config\Paths))
14 SYSTEMPATH\rewrite.php(44): require_once('D:\\Downloads\\codeigniter4-framework-v4.5.5-0-g2849e7f\\ci4\\public\\index.php')
CRITICAL - 2024-11-27 12:40:40 --> [Caused by] mysqli_sql_exception: Unknown column 'name' in 'where clause'
in SYSTEMPATH\Database\MySQLi\Connection.php on line 312.
 1 SYSTEMPATH\Database\MySQLi\Connection.php(312): mysqli->query('SELECT *
FROM `user`
WHERE `username` = \'cher123\'
AND `password` = \'f94adcc3ddda04a8f34928d862f404b4\'
AND `name` = \'cher\'
 LIMIT 1', 0)
 2 SYSTEMPATH\Database\BaseConnection.php(734): CodeIgniter\Database\MySQLi\Connection->execute('SELECT *
FROM `user`
WHERE `username` = \'cher123\'
AND `password` = \'f94adcc3ddda04a8f34928d862f404b4\'
AND `name` = \'cher\'
 LIMIT 1')
 3 SYSTEMPATH\Database\BaseConnection.php(648): CodeIgniter\Database\BaseConnection->simpleQuery('SELECT *
FROM `user`
WHERE `username` = \'cher123\'
AND `password` = \'f94adcc3ddda04a8f34928d862f404b4\'
AND `name` = \'cher\'
 LIMIT 1')
 4 SYSTEMPATH\Database\BaseBuilder.php(1644): CodeIgniter\Database\BaseConnection->query('SELECT *
FROM `user`
WHERE `username` = :username:
AND `password` = :password:
AND `name` = :name:
 LIMIT 1', [...], false)
 5 SYSTEMPATH\Model.php(330): CodeIgniter\Database\BaseBuilder->get()
 6 SYSTEMPATH\BaseModel.php(714): CodeIgniter\Model->doFirst()
 7 APPPATH\Models\UserModel.php(18): CodeIgniter\BaseModel->first()
 8 APPPATH\Controllers\UserController.php(27): App\Models\UserModel->validateUser('cher123', 'f94adcc3ddda04a8f34928d862f404b4', 'cher')
 9 SYSTEMPATH\CodeIgniter.php(933): App\Controllers\UserController->loginUser()
10 SYSTEMPATH\CodeIgniter.php(509): CodeIgniter\CodeIgniter->runController(Object(App\Controllers\UserController))
11 SYSTEMPATH\CodeIgniter.php(355): CodeIgniter\CodeIgniter->handleRequest(null, Object(Config\Cache), false)
12 SYSTEMPATH\Boot.php(325): CodeIgniter\CodeIgniter->run()
13 SYSTEMPATH\Boot.php(67): CodeIgniter\Boot::runCodeIgniter(Object(CodeIgniter\CodeIgniter))
14 FCPATH\index.php(56): CodeIgniter\Boot::bootWeb(Object(Config\Paths))
15 SYSTEMPATH\rewrite.php(44): require_once('D:\\Downloads\\codeigniter4-framework-v4.5.5-0-g2849e7f\\ci4\\public\\index.php')
ERROR - 2024-11-27 12:41:37 --> mysqli_sql_exception: Unknown column 'name' in 'where clause' in D:\Downloads\codeigniter4-framework-v4.5.5-0-g2849e7f\ci4\system\Database\MySQLi\Connection.php:312
Stack trace:
#0 D:\Downloads\codeigniter4-framework-v4.5.5-0-g2849e7f\ci4\system\Database\MySQLi\Connection.php(312): mysqli->query('SELECT *\nFROM `...', 0)
#1 D:\Downloads\codeigniter4-framework-v4.5.5-0-g2849e7f\ci4\system\Database\BaseConnection.php(734): CodeIgniter\Database\MySQLi\Connection->execute('SELECT *\nFROM `...')
#2 D:\Downloads\codeigniter4-framework-v4.5.5-0-g2849e7f\ci4\system\Database\BaseConnection.php(648): CodeIgniter\Database\BaseConnection->simpleQuery('SELECT *\nFROM `...')
#3 D:\Downloads\codeigniter4-framework-v4.5.5-0-g2849e7f\ci4\system\Database\BaseBuilder.php(1644): CodeIgniter\Database\BaseConnection->query('SELECT *\nFROM `...', Array, false)
#4 D:\Downloads\codeigniter4-framework-v4.5.5-0-g2849e7f\ci4\system\Model.php(330): CodeIgniter\Database\BaseBuilder->get()
#5 D:\Downloads\codeigniter4-framework-v4.5.5-0-g2849e7f\ci4\system\BaseModel.php(714): CodeIgniter\Model->doFirst()
#6 D:\Downloads\codeigniter4-framework-v4.5.5-0-g2849e7f\ci4\app\Models\UserModel.php(18): CodeIgniter\BaseModel->first()
#7 D:\Downloads\codeigniter4-framework-v4.5.5-0-g2849e7f\ci4\app\Controllers\UserController.php(27): App\Models\UserModel->validateUser('cher123', 'f94adcc3ddda04a...', 'cher')
#8 D:\Downloads\codeigniter4-framework-v4.5.5-0-g2849e7f\ci4\system\CodeIgniter.php(933): App\Controllers\UserController->loginUser()
#9 D:\Downloads\codeigniter4-framework-v4.5.5-0-g2849e7f\ci4\system\CodeIgniter.php(509): CodeIgniter\CodeIgniter->runController(Object(App\Controllers\UserController))
#10 D:\Downloads\codeigniter4-framework-v4.5.5-0-g2849e7f\ci4\system\CodeIgniter.php(355): CodeIgniter\CodeIgniter->handleRequest(NULL, Object(Config\Cache), false)
#11 D:\Downloads\codeigniter4-framework-v4.5.5-0-g2849e7f\ci4\system\Boot.php(325): CodeIgniter\CodeIgniter->run()
#12 D:\Downloads\codeigniter4-framework-v4.5.5-0-g2849e7f\ci4\system\Boot.php(67): CodeIgniter\Boot::runCodeIgniter(Object(CodeIgniter\CodeIgniter))
#13 D:\Downloads\codeigniter4-framework-v4.5.5-0-g2849e7f\ci4\public\index.php(56): CodeIgniter\Boot::bootWeb(Object(Config\Paths))
#14 D:\Downloads\codeigniter4-framework-v4.5.5-0-g2849e7f\ci4\system\rewrite.php(44): require_once('D:\\Downloads\\co...')
#15 {main}
CRITICAL - 2024-11-27 12:41:37 --> CodeIgniter\Database\Exceptions\DatabaseException: Unknown column 'name' in 'where clause'
[Method: POST, Route: loginUser]
in SYSTEMPATH\Database\BaseConnection.php on line 688.
 1 SYSTEMPATH\Database\BaseBuilder.php(1644): CodeIgniter\Database\BaseConnection->query('SELECT *
FROM `user`
WHERE `username` = :username:
AND `password` = :password:
AND `name` = :name:
 LIMIT 1', [...], false)
 2 SYSTEMPATH\Model.php(330): CodeIgniter\Database\BaseBuilder->get()
 3 SYSTEMPATH\BaseModel.php(714): CodeIgniter\Model->doFirst()
 4 APPPATH\Models\UserModel.php(18): CodeIgniter\BaseModel->first()
 5 APPPATH\Controllers\UserController.php(27): App\Models\UserModel->validateUser('cher123', 'f94adcc3ddda04a8f34928d862f404b4', 'cher')
 6 SYSTEMPATH\CodeIgniter.php(933): App\Controllers\UserController->loginUser()
 7 SYSTEMPATH\CodeIgniter.php(509): CodeIgniter\CodeIgniter->runController(Object(App\Controllers\UserController))
 8 SYSTEMPATH\CodeIgniter.php(355): CodeIgniter\CodeIgniter->handleRequest(null, Object(Config\Cache), false)
 9 SYSTEMPATH\Boot.php(325): CodeIgniter\CodeIgniter->run()
10 SYSTEMPATH\Boot.php(67): CodeIgniter\Boot::runCodeIgniter(Object(CodeIgniter\CodeIgniter))
11 FCPATH\index.php(56): CodeIgniter\Boot::bootWeb(Object(Config\Paths))
12 SYSTEMPATH\rewrite.php(44): require_once('D:\\Downloads\\codeigniter4-framework-v4.5.5-0-g2849e7f\\ci4\\public\\index.php')
CRITICAL - 2024-11-27 12:41:37 --> [Caused by] CodeIgniter\Database\Exceptions\DatabaseException: Unknown column 'name' in 'where clause'
in SYSTEMPATH\Database\MySQLi\Connection.php on line 317.
 1 SYSTEMPATH\Database\BaseConnection.php(734): CodeIgniter\Database\MySQLi\Connection->execute('SELECT *
FROM `user`
WHERE `username` = \'cher123\'
AND `password` = \'f94adcc3ddda04a8f34928d862f404b4\'
AND `name` = \'cher\'
 LIMIT 1')
 2 SYSTEMPATH\Database\BaseConnection.php(648): CodeIgniter\Database\BaseConnection->simpleQuery('SELECT *
FROM `user`
WHERE `username` = \'cher123\'
AND `password` = \'f94adcc3ddda04a8f34928d862f404b4\'
AND `name` = \'cher\'
 LIMIT 1')
 3 SYSTEMPATH\Database\BaseBuilder.php(1644): CodeIgniter\Database\BaseConnection->query('SELECT *
FROM `user`
WHERE `username` = :username:
AND `password` = :password:
AND `name` = :name:
 LIMIT 1', [...], false)
 4 SYSTEMPATH\Model.php(330): CodeIgniter\Database\BaseBuilder->get()
 5 SYSTEMPATH\BaseModel.php(714): CodeIgniter\Model->doFirst()
 6 APPPATH\Models\UserModel.php(18): CodeIgniter\BaseModel->first()
 7 APPPATH\Controllers\UserController.php(27): App\Models\UserModel->validateUser('cher123', 'f94adcc3ddda04a8f34928d862f404b4', 'cher')
 8 SYSTEMPATH\CodeIgniter.php(933): App\Controllers\UserController->loginUser()
 9 SYSTEMPATH\CodeIgniter.php(509): CodeIgniter\CodeIgniter->runController(Object(App\Controllers\UserController))
10 SYSTEMPATH\CodeIgniter.php(355): CodeIgniter\CodeIgniter->handleRequest(null, Object(Config\Cache), false)
11 SYSTEMPATH\Boot.php(325): CodeIgniter\CodeIgniter->run()
12 SYSTEMPATH\Boot.php(67): CodeIgniter\Boot::runCodeIgniter(Object(CodeIgniter\CodeIgniter))
13 FCPATH\index.php(56): CodeIgniter\Boot::bootWeb(Object(Config\Paths))
14 SYSTEMPATH\rewrite.php(44): require_once('D:\\Downloads\\codeigniter4-framework-v4.5.5-0-g2849e7f\\ci4\\public\\index.php')
CRITICAL - 2024-11-27 12:41:37 --> [Caused by] mysqli_sql_exception: Unknown column 'name' in 'where clause'
in SYSTEMPATH\Database\MySQLi\Connection.php on line 312.
 1 SYSTEMPATH\Database\MySQLi\Connection.php(312): mysqli->query('SELECT *
FROM `user`
WHERE `username` = \'cher123\'
AND `password` = \'f94adcc3ddda04a8f34928d862f404b4\'
AND `name` = \'cher\'
 LIMIT 1', 0)
 2 SYSTEMPATH\Database\BaseConnection.php(734): CodeIgniter\Database\MySQLi\Connection->execute('SELECT *
FROM `user`
WHERE `username` = \'cher123\'
AND `password` = \'f94adcc3ddda04a8f34928d862f404b4\'
AND `name` = \'cher\'
 LIMIT 1')
 3 SYSTEMPATH\Database\BaseConnection.php(648): CodeIgniter\Database\BaseConnection->simpleQuery('SELECT *
FROM `user`
WHERE `username` = \'cher123\'
AND `password` = \'f94adcc3ddda04a8f34928d862f404b4\'
AND `name` = \'cher\'
 LIMIT 1')
 4 SYSTEMPATH\Database\BaseBuilder.php(1644): CodeIgniter\Database\BaseConnection->query('SELECT *
FROM `user`
WHERE `username` = :username:
AND `password` = :password:
AND `name` = :name:
 LIMIT 1', [...], false)
 5 SYSTEMPATH\Model.php(330): CodeIgniter\Database\BaseBuilder->get()
 6 SYSTEMPATH\BaseModel.php(714): CodeIgniter\Model->doFirst()
 7 APPPATH\Models\UserModel.php(18): CodeIgniter\BaseModel->first()
 8 APPPATH\Controllers\UserController.php(27): App\Models\UserModel->validateUser('cher123', 'f94adcc3ddda04a8f34928d862f404b4', 'cher')
 9 SYSTEMPATH\CodeIgniter.php(933): App\Controllers\UserController->loginUser()
10 SYSTEMPATH\CodeIgniter.php(509): CodeIgniter\CodeIgniter->runController(Object(App\Controllers\UserController))
11 SYSTEMPATH\CodeIgniter.php(355): CodeIgniter\CodeIgniter->handleRequest(null, Object(Config\Cache), false)
12 SYSTEMPATH\Boot.php(325): CodeIgniter\CodeIgniter->run()
13 SYSTEMPATH\Boot.php(67): CodeIgniter\Boot::runCodeIgniter(Object(CodeIgniter\CodeIgniter))
14 FCPATH\index.php(56): CodeIgniter\Boot::bootWeb(Object(Config\Paths))
15 SYSTEMPATH\rewrite.php(44): require_once('D:\\Downloads\\codeigniter4-framework-v4.5.5-0-g2849e7f\\ci4\\public\\index.php')
ERROR - 2024-11-27 12:41:43 --> mysqli_sql_exception: Unknown column 'name' in 'where clause' in D:\Downloads\codeigniter4-framework-v4.5.5-0-g2849e7f\ci4\system\Database\MySQLi\Connection.php:312
Stack trace:
#0 D:\Downloads\codeigniter4-framework-v4.5.5-0-g2849e7f\ci4\system\Database\MySQLi\Connection.php(312): mysqli->query('SELECT *\nFROM `...', 0)
#1 D:\Downloads\codeigniter4-framework-v4.5.5-0-g2849e7f\ci4\system\Database\BaseConnection.php(734): CodeIgniter\Database\MySQLi\Connection->execute('SELECT *\nFROM `...')
#2 D:\Downloads\codeigniter4-framework-v4.5.5-0-g2849e7f\ci4\system\Database\BaseConnection.php(648): CodeIgniter\Database\BaseConnection->simpleQuery('SELECT *\nFROM `...')
#3 D:\Downloads\codeigniter4-framework-v4.5.5-0-g2849e7f\ci4\system\Database\BaseBuilder.php(1644): CodeIgniter\Database\BaseConnection->query('SELECT *\nFROM `...', Array, false)
#4 D:\Downloads\codeigniter4-framework-v4.5.5-0-g2849e7f\ci4\system\Model.php(330): CodeIgniter\Database\BaseBuilder->get()
#5 D:\Downloads\codeigniter4-framework-v4.5.5-0-g2849e7f\ci4\system\BaseModel.php(714): CodeIgniter\Model->doFirst()
#6 D:\Downloads\codeigniter4-framework-v4.5.5-0-g2849e7f\ci4\app\Models\UserModel.php(18): CodeIgniter\BaseModel->first()
#7 D:\Downloads\codeigniter4-framework-v4.5.5-0-g2849e7f\ci4\app\Controllers\UserController.php(27): App\Models\UserModel->validateUser('cher123', 'f94adcc3ddda04a...', 'cher')
#8 D:\Downloads\codeigniter4-framework-v4.5.5-0-g2849e7f\ci4\system\CodeIgniter.php(933): App\Controllers\UserController->loginUser()
#9 D:\Downloads\codeigniter4-framework-v4.5.5-0-g2849e7f\ci4\system\CodeIgniter.php(509): CodeIgniter\CodeIgniter->runController(Object(App\Controllers\UserController))
#10 D:\Downloads\codeigniter4-framework-v4.5.5-0-g2849e7f\ci4\system\CodeIgniter.php(355): CodeIgniter\CodeIgniter->handleRequest(NULL, Object(Config\Cache), false)
#11 D:\Downloads\codeigniter4-framework-v4.5.5-0-g2849e7f\ci4\system\Boot.php(325): CodeIgniter\CodeIgniter->run()
#12 D:\Downloads\codeigniter4-framework-v4.5.5-0-g2849e7f\ci4\system\Boot.php(67): CodeIgniter\Boot::runCodeIgniter(Object(CodeIgniter\CodeIgniter))
#13 D:\Downloads\codeigniter4-framework-v4.5.5-0-g2849e7f\ci4\public\index.php(56): CodeIgniter\Boot::bootWeb(Object(Config\Paths))
#14 D:\Downloads\codeigniter4-framework-v4.5.5-0-g2849e7f\ci4\system\rewrite.php(44): require_once('D:\\Downloads\\co...')
#15 {main}
CRITICAL - 2024-11-27 12:41:43 --> CodeIgniter\Database\Exceptions\DatabaseException: Unknown column 'name' in 'where clause'
[Method: POST, Route: loginUser]
in SYSTEMPATH\Database\BaseConnection.php on line 688.
 1 SYSTEMPATH\Database\BaseBuilder.php(1644): CodeIgniter\Database\BaseConnection->query('SELECT *
FROM `user`
WHERE `username` = :username:
AND `password` = :password:
AND `name` = :name:
 LIMIT 1', [...], false)
 2 SYSTEMPATH\Model.php(330): CodeIgniter\Database\BaseBuilder->get()
 3 SYSTEMPATH\BaseModel.php(714): CodeIgniter\Model->doFirst()
 4 APPPATH\Models\UserModel.php(18): CodeIgniter\BaseModel->first()
 5 APPPATH\Controllers\UserController.php(27): App\Models\UserModel->validateUser('cher123', 'f94adcc3ddda04a8f34928d862f404b4', 'cher')
 6 SYSTEMPATH\CodeIgniter.php(933): App\Controllers\UserController->loginUser()
 7 SYSTEMPATH\CodeIgniter.php(509): CodeIgniter\CodeIgniter->runController(Object(App\Controllers\UserController))
 8 SYSTEMPATH\CodeIgniter.php(355): CodeIgniter\CodeIgniter->handleRequest(null, Object(Config\Cache), false)
 9 SYSTEMPATH\Boot.php(325): CodeIgniter\CodeIgniter->run()
10 SYSTEMPATH\Boot.php(67): CodeIgniter\Boot::runCodeIgniter(Object(CodeIgniter\CodeIgniter))
11 FCPATH\index.php(56): CodeIgniter\Boot::bootWeb(Object(Config\Paths))
12 SYSTEMPATH\rewrite.php(44): require_once('D:\\Downloads\\codeigniter4-framework-v4.5.5-0-g2849e7f\\ci4\\public\\index.php')
CRITICAL - 2024-11-27 12:41:43 --> [Caused by] CodeIgniter\Database\Exceptions\DatabaseException: Unknown column 'name' in 'where clause'
in SYSTEMPATH\Database\MySQLi\Connection.php on line 317.
 1 SYSTEMPATH\Database\BaseConnection.php(734): CodeIgniter\Database\MySQLi\Connection->execute('SELECT *
FROM `user`
WHERE `username` = \'cher123\'
AND `password` = \'f94adcc3ddda04a8f34928d862f404b4\'
AND `name` = \'cher\'
 LIMIT 1')
 2 SYSTEMPATH\Database\BaseConnection.php(648): CodeIgniter\Database\BaseConnection->simpleQuery('SELECT *
FROM `user`
WHERE `username` = \'cher123\'
AND `password` = \'f94adcc3ddda04a8f34928d862f404b4\'
AND `name` = \'cher\'
 LIMIT 1')
 3 SYSTEMPATH\Database\BaseBuilder.php(1644): CodeIgniter\Database\BaseConnection->query('SELECT *
FROM `user`
WHERE `username` = :username:
AND `password` = :password:
AND `name` = :name:
 LIMIT 1', [...], false)
 4 SYSTEMPATH\Model.php(330): CodeIgniter\Database\BaseBuilder->get()
 5 SYSTEMPATH\BaseModel.php(714): CodeIgniter\Model->doFirst()
 6 APPPATH\Models\UserModel.php(18): CodeIgniter\BaseModel->first()
 7 APPPATH\Controllers\UserController.php(27): App\Models\UserModel->validateUser('cher123', 'f94adcc3ddda04a8f34928d862f404b4', 'cher')
 8 SYSTEMPATH\CodeIgniter.php(933): App\Controllers\UserController->loginUser()
 9 SYSTEMPATH\CodeIgniter.php(509): CodeIgniter\CodeIgniter->runController(Object(App\Controllers\UserController))
10 SYSTEMPATH\CodeIgniter.php(355): CodeIgniter\CodeIgniter->handleRequest(null, Object(Config\Cache), false)
11 SYSTEMPATH\Boot.php(325): CodeIgniter\CodeIgniter->run()
12 SYSTEMPATH\Boot.php(67): CodeIgniter\Boot::runCodeIgniter(Object(CodeIgniter\CodeIgniter))
13 FCPATH\index.php(56): CodeIgniter\Boot::bootWeb(Object(Config\Paths))
14 SYSTEMPATH\rewrite.php(44): require_once('D:\\Downloads\\codeigniter4-framework-v4.5.5-0-g2849e7f\\ci4\\public\\index.php')
CRITICAL - 2024-11-27 12:41:43 --> [Caused by] mysqli_sql_exception: Unknown column 'name' in 'where clause'
in SYSTEMPATH\Database\MySQLi\Connection.php on line 312.
 1 SYSTEMPATH\Database\MySQLi\Connection.php(312): mysqli->query('SELECT *
FROM `user`
WHERE `username` = \'cher123\'
AND `password` = \'f94adcc3ddda04a8f34928d862f404b4\'
AND `name` = \'cher\'
 LIMIT 1', 0)
 2 SYSTEMPATH\Database\BaseConnection.php(734): CodeIgniter\Database\MySQLi\Connection->execute('SELECT *
FROM `user`
WHERE `username` = \'cher123\'
AND `password` = \'f94adcc3ddda04a8f34928d862f404b4\'
AND `name` = \'cher\'
 LIMIT 1')
 3 SYSTEMPATH\Database\BaseConnection.php(648): CodeIgniter\Database\BaseConnection->simpleQuery('SELECT *
FROM `user`
WHERE `username` = \'cher123\'
AND `password` = \'f94adcc3ddda04a8f34928d862f404b4\'
AND `name` = \'cher\'
 LIMIT 1')
 4 SYSTEMPATH\Database\BaseBuilder.php(1644): CodeIgniter\Database\BaseConnection->query('SELECT *
FROM `user`
WHERE `username` = :username:
AND `password` = :password:
AND `name` = :name:
 LIMIT 1', [...], false)
 5 SYSTEMPATH\Model.php(330): CodeIgniter\Database\BaseBuilder->get()
 6 SYSTEMPATH\BaseModel.php(714): CodeIgniter\Model->doFirst()
 7 APPPATH\Models\UserModel.php(18): CodeIgniter\BaseModel->first()
 8 APPPATH\Controllers\UserController.php(27): App\Models\UserModel->validateUser('cher123', 'f94adcc3ddda04a8f34928d862f404b4', 'cher')
 9 SYSTEMPATH\CodeIgniter.php(933): App\Controllers\UserController->loginUser()
10 SYSTEMPATH\CodeIgniter.php(509): CodeIgniter\CodeIgniter->runController(Object(App\Controllers\UserController))
11 SYSTEMPATH\CodeIgniter.php(355): CodeIgniter\CodeIgniter->handleRequest(null, Object(Config\Cache), false)
12 SYSTEMPATH\Boot.php(325): CodeIgniter\CodeIgniter->run()
13 SYSTEMPATH\Boot.php(67): CodeIgniter\Boot::runCodeIgniter(Object(CodeIgniter\CodeIgniter))
14 FCPATH\index.php(56): CodeIgniter\Boot::bootWeb(Object(Config\Paths))
15 SYSTEMPATH\rewrite.php(44): require_once('D:\\Downloads\\codeigniter4-framework-v4.5.5-0-g2849e7f\\ci4\\public\\index.php')
ERROR - 2024-11-27 12:41:46 --> mysqli_sql_exception: Unknown column 'name' in 'where clause' in D:\Downloads\codeigniter4-framework-v4.5.5-0-g2849e7f\ci4\system\Database\MySQLi\Connection.php:312
Stack trace:
#0 D:\Downloads\codeigniter4-framework-v4.5.5-0-g2849e7f\ci4\system\Database\MySQLi\Connection.php(312): mysqli->query('SELECT *\nFROM `...', 0)
#1 D:\Downloads\codeigniter4-framework-v4.5.5-0-g2849e7f\ci4\system\Database\BaseConnection.php(734): CodeIgniter\Database\MySQLi\Connection->execute('SELECT *\nFROM `...')
#2 D:\Downloads\codeigniter4-framework-v4.5.5-0-g2849e7f\ci4\system\Database\BaseConnection.php(648): CodeIgniter\Database\BaseConnection->simpleQuery('SELECT *\nFROM `...')
#3 D:\Downloads\codeigniter4-framework-v4.5.5-0-g2849e7f\ci4\system\Database\BaseBuilder.php(1644): CodeIgniter\Database\BaseConnection->query('SELECT *\nFROM `...', Array, false)
#4 D:\Downloads\codeigniter4-framework-v4.5.5-0-g2849e7f\ci4\system\Model.php(330): CodeIgniter\Database\BaseBuilder->get()
#5 D:\Downloads\codeigniter4-framework-v4.5.5-0-g2849e7f\ci4\system\BaseModel.php(714): CodeIgniter\Model->doFirst()
#6 D:\Downloads\codeigniter4-framework-v4.5.5-0-g2849e7f\ci4\app\Models\UserModel.php(18): CodeIgniter\BaseModel->first()
#7 D:\Downloads\codeigniter4-framework-v4.5.5-0-g2849e7f\ci4\app\Controllers\UserController.php(27): App\Models\UserModel->validateUser('cher123', 'f94adcc3ddda04a...', 'cher')
#8 D:\Downloads\codeigniter4-framework-v4.5.5-0-g2849e7f\ci4\system\CodeIgniter.php(933): App\Controllers\UserController->loginUser()
#9 D:\Downloads\codeigniter4-framework-v4.5.5-0-g2849e7f\ci4\system\CodeIgniter.php(509): CodeIgniter\CodeIgniter->runController(Object(App\Controllers\UserController))
#10 D:\Downloads\codeigniter4-framework-v4.5.5-0-g2849e7f\ci4\system\CodeIgniter.php(355): CodeIgniter\CodeIgniter->handleRequest(NULL, Object(Config\Cache), false)
#11 D:\Downloads\codeigniter4-framework-v4.5.5-0-g2849e7f\ci4\system\Boot.php(325): CodeIgniter\CodeIgniter->run()
#12 D:\Downloads\codeigniter4-framework-v4.5.5-0-g2849e7f\ci4\system\Boot.php(67): CodeIgniter\Boot::runCodeIgniter(Object(CodeIgniter\CodeIgniter))
#13 D:\Downloads\codeigniter4-framework-v4.5.5-0-g2849e7f\ci4\public\index.php(56): CodeIgniter\Boot::bootWeb(Object(Config\Paths))
#14 D:\Downloads\codeigniter4-framework-v4.5.5-0-g2849e7f\ci4\system\rewrite.php(44): require_once('D:\\Downloads\\co...')
#15 {main}
CRITICAL - 2024-11-27 12:41:46 --> CodeIgniter\Database\Exceptions\DatabaseException: Unknown column 'name' in 'where clause'
[Method: POST, Route: loginUser]
in SYSTEMPATH\Database\BaseConnection.php on line 688.
 1 SYSTEMPATH\Database\BaseBuilder.php(1644): CodeIgniter\Database\BaseConnection->query('SELECT *
FROM `user`
WHERE `username` = :username:
AND `password` = :password:
AND `name` = :name:
 LIMIT 1', [...], false)
 2 SYSTEMPATH\Model.php(330): CodeIgniter\Database\BaseBuilder->get()
 3 SYSTEMPATH\BaseModel.php(714): CodeIgniter\Model->doFirst()
 4 APPPATH\Models\UserModel.php(18): CodeIgniter\BaseModel->first()
 5 APPPATH\Controllers\UserController.php(27): App\Models\UserModel->validateUser('cher123', 'f94adcc3ddda04a8f34928d862f404b4', 'cher')
 6 SYSTEMPATH\CodeIgniter.php(933): App\Controllers\UserController->loginUser()
 7 SYSTEMPATH\CodeIgniter.php(509): CodeIgniter\CodeIgniter->runController(Object(App\Controllers\UserController))
 8 SYSTEMPATH\CodeIgniter.php(355): CodeIgniter\CodeIgniter->handleRequest(null, Object(Config\Cache), false)
 9 SYSTEMPATH\Boot.php(325): CodeIgniter\CodeIgniter->run()
10 SYSTEMPATH\Boot.php(67): CodeIgniter\Boot::runCodeIgniter(Object(CodeIgniter\CodeIgniter))
11 FCPATH\index.php(56): CodeIgniter\Boot::bootWeb(Object(Config\Paths))
12 SYSTEMPATH\rewrite.php(44): require_once('D:\\Downloads\\codeigniter4-framework-v4.5.5-0-g2849e7f\\ci4\\public\\index.php')
CRITICAL - 2024-11-27 12:41:46 --> [Caused by] CodeIgniter\Database\Exceptions\DatabaseException: Unknown column 'name' in 'where clause'
in SYSTEMPATH\Database\MySQLi\Connection.php on line 317.
 1 SYSTEMPATH\Database\BaseConnection.php(734): CodeIgniter\Database\MySQLi\Connection->execute('SELECT *
FROM `user`
WHERE `username` = \'cher123\'
AND `password` = \'f94adcc3ddda04a8f34928d862f404b4\'
AND `name` = \'cher\'
 LIMIT 1')
 2 SYSTEMPATH\Database\BaseConnection.php(648): CodeIgniter\Database\BaseConnection->simpleQuery('SELECT *
FROM `user`
WHERE `username` = \'cher123\'
AND `password` = \'f94adcc3ddda04a8f34928d862f404b4\'
AND `name` = \'cher\'
 LIMIT 1')
 3 SYSTEMPATH\Database\BaseBuilder.php(1644): CodeIgniter\Database\BaseConnection->query('SELECT *
FROM `user`
WHERE `username` = :username:
AND `password` = :password:
AND `name` = :name:
 LIMIT 1', [...], false)
 4 SYSTEMPATH\Model.php(330): CodeIgniter\Database\BaseBuilder->get()
 5 SYSTEMPATH\BaseModel.php(714): CodeIgniter\Model->doFirst()
 6 APPPATH\Models\UserModel.php(18): CodeIgniter\BaseModel->first()
 7 APPPATH\Controllers\UserController.php(27): App\Models\UserModel->validateUser('cher123', 'f94adcc3ddda04a8f34928d862f404b4', 'cher')
 8 SYSTEMPATH\CodeIgniter.php(933): App\Controllers\UserController->loginUser()
 9 SYSTEMPATH\CodeIgniter.php(509): CodeIgniter\CodeIgniter->runController(Object(App\Controllers\UserController))
10 SYSTEMPATH\CodeIgniter.php(355): CodeIgniter\CodeIgniter->handleRequest(null, Object(Config\Cache), false)
11 SYSTEMPATH\Boot.php(325): CodeIgniter\CodeIgniter->run()
12 SYSTEMPATH\Boot.php(67): CodeIgniter\Boot::runCodeIgniter(Object(CodeIgniter\CodeIgniter))
13 FCPATH\index.php(56): CodeIgniter\Boot::bootWeb(Object(Config\Paths))
14 SYSTEMPATH\rewrite.php(44): require_once('D:\\Downloads\\codeigniter4-framework-v4.5.5-0-g2849e7f\\ci4\\public\\index.php')
CRITICAL - 2024-11-27 12:41:46 --> [Caused by] mysqli_sql_exception: Unknown column 'name' in 'where clause'
in SYSTEMPATH\Database\MySQLi\Connection.php on line 312.
 1 SYSTEMPATH\Database\MySQLi\Connection.php(312): mysqli->query('SELECT *
FROM `user`
WHERE `username` = \'cher123\'
AND `password` = \'f94adcc3ddda04a8f34928d862f404b4\'
AND `name` = \'cher\'
 LIMIT 1', 0)
 2 SYSTEMPATH\Database\BaseConnection.php(734): CodeIgniter\Database\MySQLi\Connection->execute('SELECT *
FROM `user`
WHERE `username` = \'cher123\'
AND `password` = \'f94adcc3ddda04a8f34928d862f404b4\'
AND `name` = \'cher\'
 LIMIT 1')
 3 SYSTEMPATH\Database\BaseConnection.php(648): CodeIgniter\Database\BaseConnection->simpleQuery('SELECT *
FROM `user`
WHERE `username` = \'cher123\'
AND `password` = \'f94adcc3ddda04a8f34928d862f404b4\'
AND `name` = \'cher\'
 LIMIT 1')
 4 SYSTEMPATH\Database\BaseBuilder.php(1644): CodeIgniter\Database\BaseConnection->query('SELECT *
FROM `user`
WHERE `username` = :username:
AND `password` = :password:
AND `name` = :name:
 LIMIT 1', [...], false)
 5 SYSTEMPATH\Model.php(330): CodeIgniter\Database\BaseBuilder->get()
 6 SYSTEMPATH\BaseModel.php(714): CodeIgniter\Model->doFirst()
 7 APPPATH\Models\UserModel.php(18): CodeIgniter\BaseModel->first()
 8 APPPATH\Controllers\UserController.php(27): App\Models\UserModel->validateUser('cher123', 'f94adcc3ddda04a8f34928d862f404b4', 'cher')
 9 SYSTEMPATH\CodeIgniter.php(933): App\Controllers\UserController->loginUser()
10 SYSTEMPATH\CodeIgniter.php(509): CodeIgniter\CodeIgniter->runController(Object(App\Controllers\UserController))
11 SYSTEMPATH\CodeIgniter.php(355): CodeIgniter\CodeIgniter->handleRequest(null, Object(Config\Cache), false)
12 SYSTEMPATH\Boot.php(325): CodeIgniter\CodeIgniter->run()
13 SYSTEMPATH\Boot.php(67): CodeIgniter\Boot::runCodeIgniter(Object(CodeIgniter\CodeIgniter))
14 FCPATH\index.php(56): CodeIgniter\Boot::bootWeb(Object(Config\Paths))
15 SYSTEMPATH\rewrite.php(44): require_once('D:\\Downloads\\codeigniter4-framework-v4.5.5-0-g2849e7f\\ci4\\public\\index.php')
CRITICAL - 2024-11-27 13:46:34 --> ErrorException: Undefined variable $name
[Method: GET, Route: foodmart]
in APPPATH\Views\header.php on line 6.
 1 APPPATH\Views\header.php(6): CodeIgniter\Debug\Exceptions->errorHandler(2, 'Undefined variable $name', 'D:\\Downloads\\codeigniter4-framework-v4.5.5-0-g2849e7f\\ci4\\app\\Views\\header.php', 6)
 2 SYSTEMPATH\View\View.php(234): include('D:\\Downloads\\codeigniter4-framework-v4.5.5-0-g2849e7f\\ci4\\app\\Views\\header.php')
 3 SYSTEMPATH\View\View.php(237): CodeIgniter\View\View->CodeIgniter\View\{closure}()
 4 SYSTEMPATH\Common.php(1171): CodeIgniter\View\View->render('header', [], true)
 5 APPPATH\Controllers\FoodmartController.php(8): view('header', [...])
 6 SYSTEMPATH\CodeIgniter.php(933): App\Controllers\FoodmartController->index()
 7 SYSTEMPATH\CodeIgniter.php(509): CodeIgniter\CodeIgniter->runController(Object(App\Controllers\FoodmartController))
 8 SYSTEMPATH\CodeIgniter.php(355): CodeIgniter\CodeIgniter->handleRequest(null, Object(Config\Cache), false)
 9 SYSTEMPATH\Boot.php(325): CodeIgniter\CodeIgniter->run()
10 SYSTEMPATH\Boot.php(67): CodeIgniter\Boot::runCodeIgniter(Object(CodeIgniter\CodeIgniter))
11 FCPATH\index.php(56): CodeIgniter\Boot::bootWeb(Object(Config\Paths))
12 SYSTEMPATH\rewrite.php(44): require_once('D:\\Downloads\\codeigniter4-framework-v4.5.5-0-g2849e7f\\ci4\\public\\index.php')
