CRITICAL - 2024-11-16 16:12:31 --> ParseError: syntax error, unexpected token "/", expecting "{"
[Method: GET, Route: about]
in APPPATH\Controllers\About.php on line 2.
 1 SYSTEMPATH\Autoloader\Autoloader.php(296): CodeIgniter\Autoloader\Autoloader->includeFile('D:\\Downloads\\codeigniter4-framework-v4.5.5-0-g2849e7f\\ci4\\app\\Controllers\\About.php')
 2 SYSTEMPATH\Autoloader\Autoloader.php(272): CodeIgniter\Autoloader\Autoloader->loadInNamespace('App\\Controllers\\About')
 3 [internal function]: CodeIgniter\Autoloader\Autoloader->loadClass('App\\Controllers\\About')
 4 SYSTEMPATH\CodeIgniter.php(887): class_exists('\\App\\Controllers\\About', true)
 5 SYSTEMPATH\CodeIgniter.php(496): CodeIgniter\CodeIgniter->startController()
 6 SYSTEMPATH\CodeIgniter.php(355): CodeIgniter\CodeIgniter->handleRequest(null, Object(Config\Cache), false)
 7 SYSTEMPATH\Boot.php(325): CodeIgniter\CodeIgniter->run()
 8 SYSTEMPATH\Boot.php(67): CodeIgniter\Boot::runCodeIgniter(Object(CodeIgniter\CodeIgniter))
 9 FCPATH\index.php(56): CodeIgniter\Boot::bootWeb(Object(Config\Paths))
10 SYSTEMPATH\rewrite.php(44): require_once('D:\\Downloads\\codeigniter4-framework-v4.5.5-0-g2849e7f\\ci4\\public\\index.php')
CRITICAL - 2024-11-16 16:12:42 --> ParseError: syntax error, unexpected token "/", expecting "{"
[Method: GET, Route: about]
in APPPATH\Controllers\About.php on line 2.
 1 SYSTEMPATH\Autoloader\Autoloader.php(296): CodeIgniter\Autoloader\Autoloader->includeFile('D:\\Downloads\\codeigniter4-framework-v4.5.5-0-g2849e7f\\ci4\\app\\Controllers\\About.php')
 2 SYSTEMPATH\Autoloader\Autoloader.php(272): CodeIgniter\Autoloader\Autoloader->loadInNamespace('App\\Controllers\\About')
 3 [internal function]: CodeIgniter\Autoloader\Autoloader->loadClass('App\\Controllers\\About')
 4 SYSTEMPATH\CodeIgniter.php(887): class_exists('\\App\\Controllers\\About', true)
 5 SYSTEMPATH\CodeIgniter.php(496): CodeIgniter\CodeIgniter->startController()
 6 SYSTEMPATH\CodeIgniter.php(355): CodeIgniter\CodeIgniter->handleRequest(null, Object(Config\Cache), false)
 7 SYSTEMPATH\Boot.php(325): CodeIgniter\CodeIgniter->run()
 8 SYSTEMPATH\Boot.php(67): CodeIgniter\Boot::runCodeIgniter(Object(CodeIgniter\CodeIgniter))
 9 FCPATH\index.php(56): CodeIgniter\Boot::bootWeb(Object(Config\Paths))
10 SYSTEMPATH\rewrite.php(44): require_once('D:\\Downloads\\codeigniter4-framework-v4.5.5-0-g2849e7f\\ci4\\public\\index.php')
CRITICAL - 2024-11-16 16:13:05 --> ParseError: syntax error, unexpected token "/", expecting "{"
[Method: GET, Route: about]
in APPPATH\Controllers\About.php on line 2.
 1 SYSTEMPATH\Autoloader\Autoloader.php(296): CodeIgniter\Autoloader\Autoloader->includeFile('D:\\Downloads\\codeigniter4-framework-v4.5.5-0-g2849e7f\\ci4\\app\\Controllers\\About.php')
 2 SYSTEMPATH\Autoloader\Autoloader.php(272): CodeIgniter\Autoloader\Autoloader->loadInNamespace('App\\Controllers\\About')
 3 [internal function]: CodeIgniter\Autoloader\Autoloader->loadClass('App\\Controllers\\About')
 4 SYSTEMPATH\CodeIgniter.php(887): class_exists('\\App\\Controllers\\About', true)
 5 SYSTEMPATH\CodeIgniter.php(496): CodeIgniter\CodeIgniter->startController()
 6 SYSTEMPATH\CodeIgniter.php(355): CodeIgniter\CodeIgniter->handleRequest(null, Object(Config\Cache), false)
 7 SYSTEMPATH\Boot.php(325): CodeIgniter\CodeIgniter->run()
 8 SYSTEMPATH\Boot.php(67): CodeIgniter\Boot::runCodeIgniter(Object(CodeIgniter\CodeIgniter))
 9 FCPATH\index.php(56): CodeIgniter\Boot::bootWeb(Object(Config\Paths))
10 SYSTEMPATH\rewrite.php(44): require_once('D:\\Downloads\\codeigniter4-framework-v4.5.5-0-g2849e7f\\ci4\\public\\index.php')
CRITICAL - 2024-11-16 16:16:07 --> TypeError: App\Controllers\About::index(): Return value must be of type App\Controllers\stream_set_blocking, string returned
[Method: GET, Route: about]
in APPPATH\Controllers\About.php on line 6.
 1 SYSTEMPATH\CodeIgniter.php(933): App\Controllers\About->index()
 2 SYSTEMPATH\CodeIgniter.php(509): CodeIgniter\CodeIgniter->runController(Object(App\Controllers\About))
 3 SYSTEMPATH\CodeIgniter.php(355): CodeIgniter\CodeIgniter->handleRequest(null, Object(Config\Cache), false)
 4 SYSTEMPATH\Boot.php(325): CodeIgniter\CodeIgniter->run()
 5 SYSTEMPATH\Boot.php(67): CodeIgniter\Boot::runCodeIgniter(Object(CodeIgniter\CodeIgniter))
 6 FCPATH\index.php(56): CodeIgniter\Boot::bootWeb(Object(Config\Paths))
 7 SYSTEMPATH\rewrite.php(44): require_once('D:\\Downloads\\codeigniter4-framework-v4.5.5-0-g2849e7f\\ci4\\public\\index.php')
CRITICAL - 2024-11-16 16:16:09 --> TypeError: App\Controllers\About::index(): Return value must be of type App\Controllers\stream_set_blocking, string returned
[Method: GET, Route: about]
in APPPATH\Controllers\About.php on line 6.
 1 SYSTEMPATH\CodeIgniter.php(933): App\Controllers\About->index()
 2 SYSTEMPATH\CodeIgniter.php(509): CodeIgniter\CodeIgniter->runController(Object(App\Controllers\About))
 3 SYSTEMPATH\CodeIgniter.php(355): CodeIgniter\CodeIgniter->handleRequest(null, Object(Config\Cache), false)
 4 SYSTEMPATH\Boot.php(325): CodeIgniter\CodeIgniter->run()
 5 SYSTEMPATH\Boot.php(67): CodeIgniter\Boot::runCodeIgniter(Object(CodeIgniter\CodeIgniter))
 6 FCPATH\index.php(56): CodeIgniter\Boot::bootWeb(Object(Config\Paths))
 7 SYSTEMPATH\rewrite.php(44): require_once('D:\\Downloads\\codeigniter4-framework-v4.5.5-0-g2849e7f\\ci4\\public\\index.php')
CRITICAL - 2024-11-16 16:16:59 --> TypeError: App\Controllers\About::index(): Return value must be of type App\Controllers\stream_set_blocking, string returned
[Method: GET, Route: about]
in APPPATH\Controllers\About.php on line 6.
 1 SYSTEMPATH\CodeIgniter.php(933): App\Controllers\About->index()
 2 SYSTEMPATH\CodeIgniter.php(509): CodeIgniter\CodeIgniter->runController(Object(App\Controllers\About))
 3 SYSTEMPATH\CodeIgniter.php(355): CodeIgniter\CodeIgniter->handleRequest(null, Object(Config\Cache), false)
 4 SYSTEMPATH\Boot.php(325): CodeIgniter\CodeIgniter->run()
 5 SYSTEMPATH\Boot.php(67): CodeIgniter\Boot::runCodeIgniter(Object(CodeIgniter\CodeIgniter))
 6 FCPATH\index.php(56): CodeIgniter\Boot::bootWeb(Object(Config\Paths))
 7 SYSTEMPATH\rewrite.php(44): require_once('D:\\Downloads\\codeigniter4-framework-v4.5.5-0-g2849e7f\\ci4\\public\\index.php')
CRITICAL - 2024-11-16 16:17:04 --> TypeError: App\Controllers\About::index(): Return value must be of type App\Controllers\stream_set_blocking, string returned
[Method: GET, Route: about]
in APPPATH\Controllers\About.php on line 6.
 1 SYSTEMPATH\CodeIgniter.php(933): App\Controllers\About->index()
 2 SYSTEMPATH\CodeIgniter.php(509): CodeIgniter\CodeIgniter->runController(Object(App\Controllers\About))
 3 SYSTEMPATH\CodeIgniter.php(355): CodeIgniter\CodeIgniter->handleRequest(null, Object(Config\Cache), false)
 4 SYSTEMPATH\Boot.php(325): CodeIgniter\CodeIgniter->run()
 5 SYSTEMPATH\Boot.php(67): CodeIgniter\Boot::runCodeIgniter(Object(CodeIgniter\CodeIgniter))
 6 FCPATH\index.php(56): CodeIgniter\Boot::bootWeb(Object(Config\Paths))
 7 SYSTEMPATH\rewrite.php(44): require_once('D:\\Downloads\\codeigniter4-framework-v4.5.5-0-g2849e7f\\ci4\\public\\index.php')
CRITICAL - 2024-11-16 16:17:06 --> TypeError: App\Controllers\Blog::index(): Return value must be of type App\Controllers\stream_set_blocking, string returned
[Method: GET, Route: blog]
in APPPATH\Controllers\Blog.php on line 6.
 1 SYSTEMPATH\CodeIgniter.php(933): App\Controllers\Blog->index()
 2 SYSTEMPATH\CodeIgniter.php(509): CodeIgniter\CodeIgniter->runController(Object(App\Controllers\Blog))
 3 SYSTEMPATH\CodeIgniter.php(355): CodeIgniter\CodeIgniter->handleRequest(null, Object(Config\Cache), false)
 4 SYSTEMPATH\Boot.php(325): CodeIgniter\CodeIgniter->run()
 5 SYSTEMPATH\Boot.php(67): CodeIgniter\Boot::runCodeIgniter(Object(CodeIgniter\CodeIgniter))
 6 FCPATH\index.php(56): CodeIgniter\Boot::bootWeb(Object(Config\Paths))
 7 SYSTEMPATH\rewrite.php(44): require_once('D:\\Downloads\\codeigniter4-framework-v4.5.5-0-g2849e7f\\ci4\\public\\index.php')
CRITICAL - 2024-11-16 16:17:11 --> TypeError: App\Controllers\Blog::index(): Return value must be of type App\Controllers\stream_set_blocking, string returned
[Method: GET, Route: blog]
in APPPATH\Controllers\Blog.php on line 6.
 1 SYSTEMPATH\CodeIgniter.php(933): App\Controllers\Blog->index()
 2 SYSTEMPATH\CodeIgniter.php(509): CodeIgniter\CodeIgniter->runController(Object(App\Controllers\Blog))
 3 SYSTEMPATH\CodeIgniter.php(355): CodeIgniter\CodeIgniter->handleRequest(null, Object(Config\Cache), false)
 4 SYSTEMPATH\Boot.php(325): CodeIgniter\CodeIgniter->run()
 5 SYSTEMPATH\Boot.php(67): CodeIgniter\Boot::runCodeIgniter(Object(CodeIgniter\CodeIgniter))
 6 FCPATH\index.php(56): CodeIgniter\Boot::bootWeb(Object(Config\Paths))
 7 SYSTEMPATH\rewrite.php(44): require_once('D:\\Downloads\\codeigniter4-framework-v4.5.5-0-g2849e7f\\ci4\\public\\index.php')
CRITICAL - 2024-11-16 16:19:03 --> TypeError: App\Controllers\About::index(): Return value must be of type App\Controllers\stream_set_blocking, string returned
[Method: GET, Route: about]
in APPPATH\Controllers\About.php on line 6.
 1 SYSTEMPATH\CodeIgniter.php(933): App\Controllers\About->index()
 2 SYSTEMPATH\CodeIgniter.php(509): CodeIgniter\CodeIgniter->runController(Object(App\Controllers\About))
 3 SYSTEMPATH\CodeIgniter.php(355): CodeIgniter\CodeIgniter->handleRequest(null, Object(Config\Cache), false)
 4 SYSTEMPATH\Boot.php(325): CodeIgniter\CodeIgniter->run()
 5 SYSTEMPATH\Boot.php(67): CodeIgniter\Boot::runCodeIgniter(Object(CodeIgniter\CodeIgniter))
 6 FCPATH\index.php(56): CodeIgniter\Boot::bootWeb(Object(Config\Paths))
 7 SYSTEMPATH\rewrite.php(44): require_once('D:\\Downloads\\codeigniter4-framework-v4.5.5-0-g2849e7f\\ci4\\public\\index.php')
ERROR - 2024-11-16 20:05:20 --> Error connecting to the database: mysqli_sql_exception: Access denied for user ''@'localhost' (using password: NO) in D:\Downloads\codeigniter4-framework-v4.5.5-0-g2849e7f\ci4\system\Database\MySQLi\Connection.php:186
Stack trace:
#0 D:\Downloads\codeigniter4-framework-v4.5.5-0-g2849e7f\ci4\system\Database\MySQLi\Connection.php(186): mysqli->real_connect('localhost', '', Object(SensitiveParameterValue), '', 3306, '', 0)
#1 D:\Downloads\codeigniter4-framework-v4.5.5-0-g2849e7f\ci4\system\Database\BaseConnection.php(421): CodeIgniter\Database\MySQLi\Connection->connect(false)
#2 D:\Downloads\codeigniter4-framework-v4.5.5-0-g2849e7f\ci4\system\Database\BaseConnection.php(616): CodeIgniter\Database\BaseConnection->initialize()
#3 D:\Downloads\codeigniter4-framework-v4.5.5-0-g2849e7f\ci4\system\Database\BaseBuilder.php(1644): CodeIgniter\Database\BaseConnection->query('SELECT *\nFROM `...', Array, false)
#4 D:\Downloads\codeigniter4-framework-v4.5.5-0-g2849e7f\ci4\system\Model.php(286): CodeIgniter\Database\BaseBuilder->get()
#5 D:\Downloads\codeigniter4-framework-v4.5.5-0-g2849e7f\ci4\system\BaseModel.php(676): CodeIgniter\Model->doFindAll(1000, 0)
#6 D:\Downloads\codeigniter4-framework-v4.5.5-0-g2849e7f\ci4\app\Models\Foodmart.php(7): CodeIgniter\BaseModel->findAll(1000)
#7 D:\Downloads\codeigniter4-framework-v4.5.5-0-g2849e7f\ci4\app\Controllers\FoodmartController.php(7): App\MOdels\Foodmart->getDataFoodmart()
#8 D:\Downloads\codeigniter4-framework-v4.5.5-0-g2849e7f\ci4\system\CodeIgniter.php(933): App\Controllers\FoodmartController->index()
#9 D:\Downloads\codeigniter4-framework-v4.5.5-0-g2849e7f\ci4\system\CodeIgniter.php(509): CodeIgniter\CodeIgniter->runController(Object(App\Controllers\FoodmartController))
#10 D:\Downloads\codeigniter4-framework-v4.5.5-0-g2849e7f\ci4\system\CodeIgniter.php(355): CodeIgniter\CodeIgniter->handleRequest(NULL, Object(Config\Cache), false)
#11 D:\Downloads\codeigniter4-framework-v4.5.5-0-g2849e7f\ci4\system\Boot.php(325): CodeIgniter\CodeIgniter->run()
#12 D:\Downloads\codeigniter4-framework-v4.5.5-0-g2849e7f\ci4\system\Boot.php(67): CodeIgniter\Boot::runCodeIgniter(Object(CodeIgniter\CodeIgniter))
#13 D:\Downloads\codeigniter4-framework-v4.5.5-0-g2849e7f\ci4\public\index.php(56): CodeIgniter\Boot::bootWeb(Object(Config\Paths))
#14 D:\Downloads\codeigniter4-framework-v4.5.5-0-g2849e7f\ci4\system\rewrite.php(44): require_once('D:\\Downloads\\co...')
#15 {main}

Next CodeIgniter\Database\Exceptions\DatabaseException: Access denied for user ''@'localhost' (using password: NO) in D:\Downloads\codeigniter4-framework-v4.5.5-0-g2849e7f\ci4\system\Database\MySQLi\Connection.php:231
Stack trace:
#0 D:\Downloads\codeigniter4-framework-v4.5.5-0-g2849e7f\ci4\system\Database\BaseConnection.php(421): CodeIgniter\Database\MySQLi\Connection->connect(false)
#1 D:\Downloads\codeigniter4-framework-v4.5.5-0-g2849e7f\ci4\system\Database\BaseConnection.php(616): CodeIgniter\Database\BaseConnection->initialize()
#2 D:\Downloads\codeigniter4-framework-v4.5.5-0-g2849e7f\ci4\system\Database\BaseBuilder.php(1644): CodeIgniter\Database\BaseConnection->query('SELECT *\nFROM `...', Array, false)
#3 D:\Downloads\codeigniter4-framework-v4.5.5-0-g2849e7f\ci4\system\Model.php(286): CodeIgniter\Database\BaseBuilder->get()
#4 D:\Downloads\codeigniter4-framework-v4.5.5-0-g2849e7f\ci4\system\BaseModel.php(676): CodeIgniter\Model->doFindAll(1000, 0)
#5 D:\Downloads\codeigniter4-framework-v4.5.5-0-g2849e7f\ci4\app\Models\Foodmart.php(7): CodeIgniter\BaseModel->findAll(1000)
#6 D:\Downloads\codeigniter4-framework-v4.5.5-0-g2849e7f\ci4\app\Controllers\FoodmartController.php(7): App\MOdels\Foodmart->getDataFoodmart()
#7 D:\Downloads\codeigniter4-framework-v4.5.5-0-g2849e7f\ci4\system\CodeIgniter.php(933): App\Controllers\FoodmartController->index()
#8 D:\Downloads\codeigniter4-framework-v4.5.5-0-g2849e7f\ci4\system\CodeIgniter.php(509): CodeIgniter\CodeIgniter->runController(Object(App\Controllers\FoodmartController))
#9 D:\Downloads\codeigniter4-framework-v4.5.5-0-g2849e7f\ci4\system\CodeIgniter.php(355): CodeIgniter\CodeIgniter->handleRequest(NULL, Object(Config\Cache), false)
#10 D:\Downloads\codeigniter4-framework-v4.5.5-0-g2849e7f\ci4\system\Boot.php(325): CodeIgniter\CodeIgniter->run()
#11 D:\Downloads\codeigniter4-framework-v4.5.5-0-g2849e7f\ci4\system\Boot.php(67): CodeIgniter\Boot::runCodeIgniter(Object(CodeIgniter\CodeIgniter))
#12 D:\Downloads\codeigniter4-framework-v4.5.5-0-g2849e7f\ci4\public\index.php(56): CodeIgniter\Boot::bootWeb(Object(Config\Paths))
#13 D:\Downloads\codeigniter4-framework-v4.5.5-0-g2849e7f\ci4\system\rewrite.php(44): require_once('D:\\Downloads\\co...')
#14 {main}
CRITICAL - 2024-11-16 20:05:20 --> CodeIgniter\Database\Exceptions\DatabaseException: Unable to connect to the database.
Main connection [MySQLi]: Access denied for user ''@'localhost' (using password: NO)
[Method: GET, Route: foodmart]
in SYSTEMPATH\Database\BaseConnection.php on line 467.
 1 SYSTEMPATH\Database\BaseConnection.php(616): CodeIgniter\Database\BaseConnection->initialize()
 2 SYSTEMPATH\Database\BaseBuilder.php(1644): CodeIgniter\Database\BaseConnection->query('SELECT *
FROM `view_sales_fact_1997`
 LIMIT 1000', [], false)
 3 SYSTEMPATH\Model.php(286): CodeIgniter\Database\BaseBuilder->get()
 4 SYSTEMPATH\BaseModel.php(676): CodeIgniter\Model->doFindAll(1000, 0)
 5 APPPATH\Models\Foodmart.php(7): CodeIgniter\BaseModel->findAll(1000)
 6 APPPATH\Controllers\FoodmartController.php(7): App\MOdels\Foodmart->getDataFoodmart()
 7 SYSTEMPATH\CodeIgniter.php(933): App\Controllers\FoodmartController->index()
 8 SYSTEMPATH\CodeIgniter.php(509): CodeIgniter\CodeIgniter->runController(Object(App\Controllers\FoodmartController))
 9 SYSTEMPATH\CodeIgniter.php(355): CodeIgniter\CodeIgniter->handleRequest(null, Object(Config\Cache), false)
10 SYSTEMPATH\Boot.php(325): CodeIgniter\CodeIgniter->run()
11 SYSTEMPATH\Boot.php(67): CodeIgniter\Boot::runCodeIgniter(Object(CodeIgniter\CodeIgniter))
12 FCPATH\index.php(56): CodeIgniter\Boot::bootWeb(Object(Config\Paths))
13 SYSTEMPATH\rewrite.php(44): require_once('D:\\Downloads\\codeigniter4-framework-v4.5.5-0-g2849e7f\\ci4\\public\\index.php')
ERROR - 2024-11-16 20:05:26 --> Error connecting to the database: mysqli_sql_exception: Access denied for user ''@'localhost' (using password: NO) in D:\Downloads\codeigniter4-framework-v4.5.5-0-g2849e7f\ci4\system\Database\MySQLi\Connection.php:186
Stack trace:
#0 D:\Downloads\codeigniter4-framework-v4.5.5-0-g2849e7f\ci4\system\Database\MySQLi\Connection.php(186): mysqli->real_connect('localhost', '', Object(SensitiveParameterValue), '', 3306, '', 0)
#1 D:\Downloads\codeigniter4-framework-v4.5.5-0-g2849e7f\ci4\system\Database\BaseConnection.php(421): CodeIgniter\Database\MySQLi\Connection->connect(false)
#2 D:\Downloads\codeigniter4-framework-v4.5.5-0-g2849e7f\ci4\system\Database\BaseConnection.php(616): CodeIgniter\Database\BaseConnection->initialize()
#3 D:\Downloads\codeigniter4-framework-v4.5.5-0-g2849e7f\ci4\system\Database\BaseBuilder.php(1644): CodeIgniter\Database\BaseConnection->query('SELECT *\nFROM `...', Array, false)
#4 D:\Downloads\codeigniter4-framework-v4.5.5-0-g2849e7f\ci4\system\Model.php(286): CodeIgniter\Database\BaseBuilder->get()
#5 D:\Downloads\codeigniter4-framework-v4.5.5-0-g2849e7f\ci4\system\BaseModel.php(676): CodeIgniter\Model->doFindAll(1000, 0)
#6 D:\Downloads\codeigniter4-framework-v4.5.5-0-g2849e7f\ci4\app\Models\Foodmart.php(7): CodeIgniter\BaseModel->findAll(1000)
#7 D:\Downloads\codeigniter4-framework-v4.5.5-0-g2849e7f\ci4\app\Controllers\FoodmartController.php(7): App\MOdels\Foodmart->getDataFoodmart()
#8 D:\Downloads\codeigniter4-framework-v4.5.5-0-g2849e7f\ci4\system\CodeIgniter.php(933): App\Controllers\FoodmartController->index()
#9 D:\Downloads\codeigniter4-framework-v4.5.5-0-g2849e7f\ci4\system\CodeIgniter.php(509): CodeIgniter\CodeIgniter->runController(Object(App\Controllers\FoodmartController))
#10 D:\Downloads\codeigniter4-framework-v4.5.5-0-g2849e7f\ci4\system\CodeIgniter.php(355): CodeIgniter\CodeIgniter->handleRequest(NULL, Object(Config\Cache), false)
#11 D:\Downloads\codeigniter4-framework-v4.5.5-0-g2849e7f\ci4\system\Boot.php(325): CodeIgniter\CodeIgniter->run()
#12 D:\Downloads\codeigniter4-framework-v4.5.5-0-g2849e7f\ci4\system\Boot.php(67): CodeIgniter\Boot::runCodeIgniter(Object(CodeIgniter\CodeIgniter))
#13 D:\Downloads\codeigniter4-framework-v4.5.5-0-g2849e7f\ci4\public\index.php(56): CodeIgniter\Boot::bootWeb(Object(Config\Paths))
#14 D:\Downloads\codeigniter4-framework-v4.5.5-0-g2849e7f\ci4\system\rewrite.php(44): require_once('D:\\Downloads\\co...')
#15 {main}

Next CodeIgniter\Database\Exceptions\DatabaseException: Access denied for user ''@'localhost' (using password: NO) in D:\Downloads\codeigniter4-framework-v4.5.5-0-g2849e7f\ci4\system\Database\MySQLi\Connection.php:231
Stack trace:
#0 D:\Downloads\codeigniter4-framework-v4.5.5-0-g2849e7f\ci4\system\Database\BaseConnection.php(421): CodeIgniter\Database\MySQLi\Connection->connect(false)
#1 D:\Downloads\codeigniter4-framework-v4.5.5-0-g2849e7f\ci4\system\Database\BaseConnection.php(616): CodeIgniter\Database\BaseConnection->initialize()
#2 D:\Downloads\codeigniter4-framework-v4.5.5-0-g2849e7f\ci4\system\Database\BaseBuilder.php(1644): CodeIgniter\Database\BaseConnection->query('SELECT *\nFROM `...', Array, false)
#3 D:\Downloads\codeigniter4-framework-v4.5.5-0-g2849e7f\ci4\system\Model.php(286): CodeIgniter\Database\BaseBuilder->get()
#4 D:\Downloads\codeigniter4-framework-v4.5.5-0-g2849e7f\ci4\system\BaseModel.php(676): CodeIgniter\Model->doFindAll(1000, 0)
#5 D:\Downloads\codeigniter4-framework-v4.5.5-0-g2849e7f\ci4\app\Models\Foodmart.php(7): CodeIgniter\BaseModel->findAll(1000)
#6 D:\Downloads\codeigniter4-framework-v4.5.5-0-g2849e7f\ci4\app\Controllers\FoodmartController.php(7): App\MOdels\Foodmart->getDataFoodmart()
#7 D:\Downloads\codeigniter4-framework-v4.5.5-0-g2849e7f\ci4\system\CodeIgniter.php(933): App\Controllers\FoodmartController->index()
#8 D:\Downloads\codeigniter4-framework-v4.5.5-0-g2849e7f\ci4\system\CodeIgniter.php(509): CodeIgniter\CodeIgniter->runController(Object(App\Controllers\FoodmartController))
#9 D:\Downloads\codeigniter4-framework-v4.5.5-0-g2849e7f\ci4\system\CodeIgniter.php(355): CodeIgniter\CodeIgniter->handleRequest(NULL, Object(Config\Cache), false)
#10 D:\Downloads\codeigniter4-framework-v4.5.5-0-g2849e7f\ci4\system\Boot.php(325): CodeIgniter\CodeIgniter->run()
#11 D:\Downloads\codeigniter4-framework-v4.5.5-0-g2849e7f\ci4\system\Boot.php(67): CodeIgniter\Boot::runCodeIgniter(Object(CodeIgniter\CodeIgniter))
#12 D:\Downloads\codeigniter4-framework-v4.5.5-0-g2849e7f\ci4\public\index.php(56): CodeIgniter\Boot::bootWeb(Object(Config\Paths))
#13 D:\Downloads\codeigniter4-framework-v4.5.5-0-g2849e7f\ci4\system\rewrite.php(44): require_once('D:\\Downloads\\co...')
#14 {main}
CRITICAL - 2024-11-16 20:05:26 --> CodeIgniter\Database\Exceptions\DatabaseException: Unable to connect to the database.
Main connection [MySQLi]: Access denied for user ''@'localhost' (using password: NO)
[Method: GET, Route: foodmart]
in SYSTEMPATH\Database\BaseConnection.php on line 467.
 1 SYSTEMPATH\Database\BaseConnection.php(616): CodeIgniter\Database\BaseConnection->initialize()
 2 SYSTEMPATH\Database\BaseBuilder.php(1644): CodeIgniter\Database\BaseConnection->query('SELECT *
FROM `view_sales_fact_1997`
 LIMIT 1000', [], false)
 3 SYSTEMPATH\Model.php(286): CodeIgniter\Database\BaseBuilder->get()
 4 SYSTEMPATH\BaseModel.php(676): CodeIgniter\Model->doFindAll(1000, 0)
 5 APPPATH\Models\Foodmart.php(7): CodeIgniter\BaseModel->findAll(1000)
 6 APPPATH\Controllers\FoodmartController.php(7): App\MOdels\Foodmart->getDataFoodmart()
 7 SYSTEMPATH\CodeIgniter.php(933): App\Controllers\FoodmartController->index()
 8 SYSTEMPATH\CodeIgniter.php(509): CodeIgniter\CodeIgniter->runController(Object(App\Controllers\FoodmartController))
 9 SYSTEMPATH\CodeIgniter.php(355): CodeIgniter\CodeIgniter->handleRequest(null, Object(Config\Cache), false)
10 SYSTEMPATH\Boot.php(325): CodeIgniter\CodeIgniter->run()
11 SYSTEMPATH\Boot.php(67): CodeIgniter\Boot::runCodeIgniter(Object(CodeIgniter\CodeIgniter))
12 FCPATH\index.php(56): CodeIgniter\Boot::bootWeb(Object(Config\Paths))
13 SYSTEMPATH\rewrite.php(44): require_once('D:\\Downloads\\codeigniter4-framework-v4.5.5-0-g2849e7f\\ci4\\public\\index.php')
