ERROR - 2025-01-07 06:06:44 --> Error connecting to the database: mysqli_sql_exception: Access denied for user 'root'@'localhost' (using password: NO) in /home/asamyid/ci4/system/Database/MySQLi/Connection.php:186
Stack trace:
#0 /home/asamyid/ci4/system/Database/MySQLi/Connection.php(186): mysqli->real_connect()
#1 /home/asamyid/ci4/system/Database/BaseConnection.php(421): CodeIgniter\Database\MySQLi\Connection->connect()
#2 /home/asamyid/ci4/system/Database/BaseConnection.php(616): CodeIgniter\Database\BaseConnection->initialize()
#3 /home/asamyid/ci4/system/Database/BaseBuilder.php(1644): CodeIgniter\Database\BaseConnection->query()
#4 /home/asamyid/ci4/system/Model.php(330): CodeIgniter\Database\BaseBuilder->get()
#5 /home/asamyid/ci4/system/BaseModel.php(714): CodeIgniter\Model->doFirst()
#6 /home/asamyid/ci4/app/Controllers/Auth.php(51): CodeIgniter\BaseModel->first()
#7 /home/asamyid/ci4/system/CodeIgniter.php(933): App\Controllers\Auth->attemptLogin()
#8 /home/asamyid/ci4/system/CodeIgniter.php(509): CodeIgniter\CodeIgniter->runController()
#9 /home/asamyid/ci4/system/CodeIgniter.php(355): CodeIgniter\CodeIgniter->handleRequest()
#10 /home/asamyid/ci4/system/Boot.php(325): CodeIgniter\CodeIgniter->run()
#11 /home/asamyid/ci4/system/Boot.php(67): CodeIgniter\Boot::runCodeIgniter()
#12 /home/asamyid/public_html/index.php(56): CodeIgniter\Boot::bootWeb()
#13 {main}

Next CodeIgniter\Database\Exceptions\DatabaseException: Access denied for user '****'@'localhost' (using password: NO) in /home/asamyid/ci4/system/Database/MySQLi/Connection.php:231
Stack trace:
#0 /home/asamyid/ci4/system/Database/BaseConnection.php(421): CodeIgniter\Database\MySQLi\Connection->connect()
#1 /home/asamyid/ci4/system/Database/BaseConnection.php(616): CodeIgniter\Database\BaseConnection->initialize()
#2 /home/asamyid/ci4/system/Database/BaseBuilder.php(1644): CodeIgniter\Database\BaseConnection->query()
#3 /home/asamyid/ci4/system/Model.php(330): CodeIgniter\Database\BaseBuilder->get()
#4 /home/asamyid/ci4/system/BaseModel.php(714): CodeIgniter\Model->doFirst()
#5 /home/asamyid/ci4/app/Controllers/Auth.php(51): CodeIgniter\BaseModel->first()
#6 /home/asamyid/ci4/system/CodeIgniter.php(933): App\Controllers\Auth->attemptLogin()
#7 /home/asamyid/ci4/system/CodeIgniter.php(509): CodeIgniter\CodeIgniter->runController()
#8 /home/asamyid/ci4/system/CodeIgniter.php(355): CodeIgniter\CodeIgniter->handleRequest()
#9 /home/asamyid/ci4/system/Boot.php(325): CodeIgniter\CodeIgniter->run()
#10 /home/asamyid/ci4/system/Boot.php(67): CodeIgniter\Boot::runCodeIgniter()
#11 /home/asamyid/public_html/index.php(56): CodeIgniter\Boot::bootWeb()
#12 {main}
CRITICAL - 2025-01-07 06:06:44 --> CodeIgniter\Database\Exceptions\DatabaseException: Unable to connect to the database.
Main connection [MySQLi]: Access denied for user '****'@'localhost' (using password: NO)
[Method: POST, Route: auth/attemptLogin]
in SYSTEMPATH/Database/BaseConnection.php on line 467.
 1 SYSTEMPATH/Database/BaseConnection.php(616): CodeIgniter\Database\BaseConnection->initialize()
 2 SYSTEMPATH/Database/BaseBuilder.php(1644): CodeIgniter\Database\BaseConnection->query()
 3 SYSTEMPATH/Model.php(330): CodeIgniter\Database\BaseBuilder->get()
 4 SYSTEMPATH/BaseModel.php(714): CodeIgniter\Model->doFirst()
 5 APPPATH/Controllers/Auth.php(51): CodeIgniter\BaseModel->first()
 6 SYSTEMPATH/CodeIgniter.php(933): App\Controllers\Auth->attemptLogin()
 7 SYSTEMPATH/CodeIgniter.php(509): CodeIgniter\CodeIgniter->runController()
 8 SYSTEMPATH/CodeIgniter.php(355): CodeIgniter\CodeIgniter->handleRequest()
 9 SYSTEMPATH/Boot.php(325): CodeIgniter\CodeIgniter->run()
10 SYSTEMPATH/Boot.php(67): CodeIgniter\Boot::runCodeIgniter()
11 FCPATH/index.php(56): CodeIgniter\Boot::bootWeb()
ERROR - 2025-01-07 06:07:29 --> Error connecting to the database: mysqli_sql_exception: Access denied for user 'root'@'localhost' (using password: NO) in /home/asamyid/ci4/system/Database/MySQLi/Connection.php:186
Stack trace:
#0 /home/asamyid/ci4/system/Database/MySQLi/Connection.php(186): mysqli->real_connect()
#1 /home/asamyid/ci4/system/Database/BaseConnection.php(421): CodeIgniter\Database\MySQLi\Connection->connect()
#2 /home/asamyid/ci4/system/Database/BaseConnection.php(616): CodeIgniter\Database\BaseConnection->initialize()
#3 /home/asamyid/ci4/system/Database/BaseBuilder.php(1644): CodeIgniter\Database\BaseConnection->query()
#4 /home/asamyid/ci4/system/Model.php(330): CodeIgniter\Database\BaseBuilder->get()
#5 /home/asamyid/ci4/system/BaseModel.php(714): CodeIgniter\Model->doFirst()
#6 /home/asamyid/ci4/app/Controllers/Auth.php(51): CodeIgniter\BaseModel->first()
#7 /home/asamyid/ci4/system/CodeIgniter.php(933): App\Controllers\Auth->attemptLogin()
#8 /home/asamyid/ci4/system/CodeIgniter.php(509): CodeIgniter\CodeIgniter->runController()
#9 /home/asamyid/ci4/system/CodeIgniter.php(355): CodeIgniter\CodeIgniter->handleRequest()
#10 /home/asamyid/ci4/system/Boot.php(325): CodeIgniter\CodeIgniter->run()
#11 /home/asamyid/ci4/system/Boot.php(67): CodeIgniter\Boot::runCodeIgniter()
#12 /home/asamyid/public_html/index.php(56): CodeIgniter\Boot::bootWeb()
#13 {main}

Next CodeIgniter\Database\Exceptions\DatabaseException: Access denied for user '****'@'localhost' (using password: NO) in /home/asamyid/ci4/system/Database/MySQLi/Connection.php:231
Stack trace:
#0 /home/asamyid/ci4/system/Database/BaseConnection.php(421): CodeIgniter\Database\MySQLi\Connection->connect()
#1 /home/asamyid/ci4/system/Database/BaseConnection.php(616): CodeIgniter\Database\BaseConnection->initialize()
#2 /home/asamyid/ci4/system/Database/BaseBuilder.php(1644): CodeIgniter\Database\BaseConnection->query()
#3 /home/asamyid/ci4/system/Model.php(330): CodeIgniter\Database\BaseBuilder->get()
#4 /home/asamyid/ci4/system/BaseModel.php(714): CodeIgniter\Model->doFirst()
#5 /home/asamyid/ci4/app/Controllers/Auth.php(51): CodeIgniter\BaseModel->first()
#6 /home/asamyid/ci4/system/CodeIgniter.php(933): App\Controllers\Auth->attemptLogin()
#7 /home/asamyid/ci4/system/CodeIgniter.php(509): CodeIgniter\CodeIgniter->runController()
#8 /home/asamyid/ci4/system/CodeIgniter.php(355): CodeIgniter\CodeIgniter->handleRequest()
#9 /home/asamyid/ci4/system/Boot.php(325): CodeIgniter\CodeIgniter->run()
#10 /home/asamyid/ci4/system/Boot.php(67): CodeIgniter\Boot::runCodeIgniter()
#11 /home/asamyid/public_html/index.php(56): CodeIgniter\Boot::bootWeb()
#12 {main}
CRITICAL - 2025-01-07 06:07:29 --> CodeIgniter\Database\Exceptions\DatabaseException: Unable to connect to the database.
Main connection [MySQLi]: Access denied for user '****'@'localhost' (using password: NO)
[Method: POST, Route: auth/attemptLogin]
in SYSTEMPATH/Database/BaseConnection.php on line 467.
 1 SYSTEMPATH/Database/BaseConnection.php(616): CodeIgniter\Database\BaseConnection->initialize()
 2 SYSTEMPATH/Database/BaseBuilder.php(1644): CodeIgniter\Database\BaseConnection->query()
 3 SYSTEMPATH/Model.php(330): CodeIgniter\Database\BaseBuilder->get()
 4 SYSTEMPATH/BaseModel.php(714): CodeIgniter\Model->doFirst()
 5 APPPATH/Controllers/Auth.php(51): CodeIgniter\BaseModel->first()
 6 SYSTEMPATH/CodeIgniter.php(933): App\Controllers\Auth->attemptLogin()
 7 SYSTEMPATH/CodeIgniter.php(509): CodeIgniter\CodeIgniter->runController()
 8 SYSTEMPATH/CodeIgniter.php(355): CodeIgniter\CodeIgniter->handleRequest()
 9 SYSTEMPATH/Boot.php(325): CodeIgniter\CodeIgniter->run()
10 SYSTEMPATH/Boot.php(67): CodeIgniter\Boot::runCodeIgniter()
11 FCPATH/index.php(56): CodeIgniter\Boot::bootWeb()
ERROR - 2025-01-07 06:07:31 --> Error connecting to the database: mysqli_sql_exception: Access denied for user 'root'@'localhost' (using password: NO) in /home/asamyid/ci4/system/Database/MySQLi/Connection.php:186
Stack trace:
#0 /home/asamyid/ci4/system/Database/MySQLi/Connection.php(186): mysqli->real_connect()
#1 /home/asamyid/ci4/system/Database/BaseConnection.php(421): CodeIgniter\Database\MySQLi\Connection->connect()
#2 /home/asamyid/ci4/system/Database/BaseConnection.php(616): CodeIgniter\Database\BaseConnection->initialize()
#3 /home/asamyid/ci4/system/Database/BaseBuilder.php(1644): CodeIgniter\Database\BaseConnection->query()
#4 /home/asamyid/ci4/system/Model.php(330): CodeIgniter\Database\BaseBuilder->get()
#5 /home/asamyid/ci4/system/BaseModel.php(714): CodeIgniter\Model->doFirst()
#6 /home/asamyid/ci4/app/Controllers/Auth.php(51): CodeIgniter\BaseModel->first()
#7 /home/asamyid/ci4/system/CodeIgniter.php(933): App\Controllers\Auth->attemptLogin()
#8 /home/asamyid/ci4/system/CodeIgniter.php(509): CodeIgniter\CodeIgniter->runController()
#9 /home/asamyid/ci4/system/CodeIgniter.php(355): CodeIgniter\CodeIgniter->handleRequest()
#10 /home/asamyid/ci4/system/Boot.php(325): CodeIgniter\CodeIgniter->run()
#11 /home/asamyid/ci4/system/Boot.php(67): CodeIgniter\Boot::runCodeIgniter()
#12 /home/asamyid/public_html/index.php(56): CodeIgniter\Boot::bootWeb()
#13 {main}

Next CodeIgniter\Database\Exceptions\DatabaseException: Access denied for user '****'@'localhost' (using password: NO) in /home/asamyid/ci4/system/Database/MySQLi/Connection.php:231
Stack trace:
#0 /home/asamyid/ci4/system/Database/BaseConnection.php(421): CodeIgniter\Database\MySQLi\Connection->connect()
#1 /home/asamyid/ci4/system/Database/BaseConnection.php(616): CodeIgniter\Database\BaseConnection->initialize()
#2 /home/asamyid/ci4/system/Database/BaseBuilder.php(1644): CodeIgniter\Database\BaseConnection->query()
#3 /home/asamyid/ci4/system/Model.php(330): CodeIgniter\Database\BaseBuilder->get()
#4 /home/asamyid/ci4/system/BaseModel.php(714): CodeIgniter\Model->doFirst()
#5 /home/asamyid/ci4/app/Controllers/Auth.php(51): CodeIgniter\BaseModel->first()
#6 /home/asamyid/ci4/system/CodeIgniter.php(933): App\Controllers\Auth->attemptLogin()
#7 /home/asamyid/ci4/system/CodeIgniter.php(509): CodeIgniter\CodeIgniter->runController()
#8 /home/asamyid/ci4/system/CodeIgniter.php(355): CodeIgniter\CodeIgniter->handleRequest()
#9 /home/asamyid/ci4/system/Boot.php(325): CodeIgniter\CodeIgniter->run()
#10 /home/asamyid/ci4/system/Boot.php(67): CodeIgniter\Boot::runCodeIgniter()
#11 /home/asamyid/public_html/index.php(56): CodeIgniter\Boot::bootWeb()
#12 {main}
CRITICAL - 2025-01-07 06:07:31 --> CodeIgniter\Database\Exceptions\DatabaseException: Unable to connect to the database.
Main connection [MySQLi]: Access denied for user '****'@'localhost' (using password: NO)
[Method: POST, Route: auth/attemptLogin]
in SYSTEMPATH/Database/BaseConnection.php on line 467.
 1 SYSTEMPATH/Database/BaseConnection.php(616): CodeIgniter\Database\BaseConnection->initialize()
 2 SYSTEMPATH/Database/BaseBuilder.php(1644): CodeIgniter\Database\BaseConnection->query()
 3 SYSTEMPATH/Model.php(330): CodeIgniter\Database\BaseBuilder->get()
 4 SYSTEMPATH/BaseModel.php(714): CodeIgniter\Model->doFirst()
 5 APPPATH/Controllers/Auth.php(51): CodeIgniter\BaseModel->first()
 6 SYSTEMPATH/CodeIgniter.php(933): App\Controllers\Auth->attemptLogin()
 7 SYSTEMPATH/CodeIgniter.php(509): CodeIgniter\CodeIgniter->runController()
 8 SYSTEMPATH/CodeIgniter.php(355): CodeIgniter\CodeIgniter->handleRequest()
 9 SYSTEMPATH/Boot.php(325): CodeIgniter\CodeIgniter->run()
10 SYSTEMPATH/Boot.php(67): CodeIgniter\Boot::runCodeIgniter()
11 FCPATH/index.php(56): CodeIgniter\Boot::bootWeb()
ERROR - 2025-01-07 06:08:49 --> Error connecting to the database: mysqli_sql_exception: Access denied for user 'root'@'localhost' (using password: NO) in /home/asamyid/ci4/system/Database/MySQLi/Connection.php:186
Stack trace:
#0 /home/asamyid/ci4/system/Database/MySQLi/Connection.php(186): mysqli->real_connect()
#1 /home/asamyid/ci4/system/Database/BaseConnection.php(421): CodeIgniter\Database\MySQLi\Connection->connect()
#2 /home/asamyid/ci4/system/Database/BaseConnection.php(616): CodeIgniter\Database\BaseConnection->initialize()
#3 /home/asamyid/ci4/system/Database/BaseBuilder.php(1644): CodeIgniter\Database\BaseConnection->query()
#4 /home/asamyid/ci4/system/Model.php(330): CodeIgniter\Database\BaseBuilder->get()
#5 /home/asamyid/ci4/system/BaseModel.php(714): CodeIgniter\Model->doFirst()
#6 /home/asamyid/ci4/app/Controllers/Auth.php(51): CodeIgniter\BaseModel->first()
#7 /home/asamyid/ci4/system/CodeIgniter.php(933): App\Controllers\Auth->attemptLogin()
#8 /home/asamyid/ci4/system/CodeIgniter.php(509): CodeIgniter\CodeIgniter->runController()
#9 /home/asamyid/ci4/system/CodeIgniter.php(355): CodeIgniter\CodeIgniter->handleRequest()
#10 /home/asamyid/ci4/system/Boot.php(325): CodeIgniter\CodeIgniter->run()
#11 /home/asamyid/ci4/system/Boot.php(67): CodeIgniter\Boot::runCodeIgniter()
#12 /home/asamyid/public_html/index.php(56): CodeIgniter\Boot::bootWeb()
#13 {main}

Next CodeIgniter\Database\Exceptions\DatabaseException: Access denied for user '****'@'localhost' (using password: NO) in /home/asamyid/ci4/system/Database/MySQLi/Connection.php:231
Stack trace:
#0 /home/asamyid/ci4/system/Database/BaseConnection.php(421): CodeIgniter\Database\MySQLi\Connection->connect()
#1 /home/asamyid/ci4/system/Database/BaseConnection.php(616): CodeIgniter\Database\BaseConnection->initialize()
#2 /home/asamyid/ci4/system/Database/BaseBuilder.php(1644): CodeIgniter\Database\BaseConnection->query()
#3 /home/asamyid/ci4/system/Model.php(330): CodeIgniter\Database\BaseBuilder->get()
#4 /home/asamyid/ci4/system/BaseModel.php(714): CodeIgniter\Model->doFirst()
#5 /home/asamyid/ci4/app/Controllers/Auth.php(51): CodeIgniter\BaseModel->first()
#6 /home/asamyid/ci4/system/CodeIgniter.php(933): App\Controllers\Auth->attemptLogin()
#7 /home/asamyid/ci4/system/CodeIgniter.php(509): CodeIgniter\CodeIgniter->runController()
#8 /home/asamyid/ci4/system/CodeIgniter.php(355): CodeIgniter\CodeIgniter->handleRequest()
#9 /home/asamyid/ci4/system/Boot.php(325): CodeIgniter\CodeIgniter->run()
#10 /home/asamyid/ci4/system/Boot.php(67): CodeIgniter\Boot::runCodeIgniter()
#11 /home/asamyid/public_html/index.php(56): CodeIgniter\Boot::bootWeb()
#12 {main}
CRITICAL - 2025-01-07 06:08:49 --> CodeIgniter\Database\Exceptions\DatabaseException: Unable to connect to the database.
Main connection [MySQLi]: Access denied for user '****'@'localhost' (using password: NO)
[Method: POST, Route: auth/attemptLogin]
in SYSTEMPATH/Database/BaseConnection.php on line 467.
 1 SYSTEMPATH/Database/BaseConnection.php(616): CodeIgniter\Database\BaseConnection->initialize()
 2 SYSTEMPATH/Database/BaseBuilder.php(1644): CodeIgniter\Database\BaseConnection->query()
 3 SYSTEMPATH/Model.php(330): CodeIgniter\Database\BaseBuilder->get()
 4 SYSTEMPATH/BaseModel.php(714): CodeIgniter\Model->doFirst()
 5 APPPATH/Controllers/Auth.php(51): CodeIgniter\BaseModel->first()
 6 SYSTEMPATH/CodeIgniter.php(933): App\Controllers\Auth->attemptLogin()
 7 SYSTEMPATH/CodeIgniter.php(509): CodeIgniter\CodeIgniter->runController()
 8 SYSTEMPATH/CodeIgniter.php(355): CodeIgniter\CodeIgniter->handleRequest()
 9 SYSTEMPATH/Boot.php(325): CodeIgniter\CodeIgniter->run()
10 SYSTEMPATH/Boot.php(67): CodeIgniter\Boot::runCodeIgniter()
11 FCPATH/index.php(56): CodeIgniter\Boot::bootWeb()
ERROR - 2025-01-07 06:09:02 --> Error connecting to the database: mysqli_sql_exception: Access denied for user 'root'@'localhost' (using password: NO) in /home/asamyid/ci4/system/Database/MySQLi/Connection.php:186
Stack trace:
#0 /home/asamyid/ci4/system/Database/MySQLi/Connection.php(186): mysqli->real_connect()
#1 /home/asamyid/ci4/system/Database/BaseConnection.php(421): CodeIgniter\Database\MySQLi\Connection->connect()
#2 /home/asamyid/ci4/system/Database/BaseConnection.php(616): CodeIgniter\Database\BaseConnection->initialize()
#3 /home/asamyid/ci4/system/Database/BaseBuilder.php(1644): CodeIgniter\Database\BaseConnection->query()
#4 /home/asamyid/ci4/system/Model.php(330): CodeIgniter\Database\BaseBuilder->get()
#5 /home/asamyid/ci4/system/BaseModel.php(714): CodeIgniter\Model->doFirst()
#6 /home/asamyid/ci4/app/Controllers/Auth.php(51): CodeIgniter\BaseModel->first()
#7 /home/asamyid/ci4/system/CodeIgniter.php(933): App\Controllers\Auth->attemptLogin()
#8 /home/asamyid/ci4/system/CodeIgniter.php(509): CodeIgniter\CodeIgniter->runController()
#9 /home/asamyid/ci4/system/CodeIgniter.php(355): CodeIgniter\CodeIgniter->handleRequest()
#10 /home/asamyid/ci4/system/Boot.php(325): CodeIgniter\CodeIgniter->run()
#11 /home/asamyid/ci4/system/Boot.php(67): CodeIgniter\Boot::runCodeIgniter()
#12 /home/asamyid/public_html/index.php(56): CodeIgniter\Boot::bootWeb()
#13 {main}

Next CodeIgniter\Database\Exceptions\DatabaseException: Access denied for user '****'@'localhost' (using password: NO) in /home/asamyid/ci4/system/Database/MySQLi/Connection.php:231
Stack trace:
#0 /home/asamyid/ci4/system/Database/BaseConnection.php(421): CodeIgniter\Database\MySQLi\Connection->connect()
#1 /home/asamyid/ci4/system/Database/BaseConnection.php(616): CodeIgniter\Database\BaseConnection->initialize()
#2 /home/asamyid/ci4/system/Database/BaseBuilder.php(1644): CodeIgniter\Database\BaseConnection->query()
#3 /home/asamyid/ci4/system/Model.php(330): CodeIgniter\Database\BaseBuilder->get()
#4 /home/asamyid/ci4/system/BaseModel.php(714): CodeIgniter\Model->doFirst()
#5 /home/asamyid/ci4/app/Controllers/Auth.php(51): CodeIgniter\BaseModel->first()
#6 /home/asamyid/ci4/system/CodeIgniter.php(933): App\Controllers\Auth->attemptLogin()
#7 /home/asamyid/ci4/system/CodeIgniter.php(509): CodeIgniter\CodeIgniter->runController()
#8 /home/asamyid/ci4/system/CodeIgniter.php(355): CodeIgniter\CodeIgniter->handleRequest()
#9 /home/asamyid/ci4/system/Boot.php(325): CodeIgniter\CodeIgniter->run()
#10 /home/asamyid/ci4/system/Boot.php(67): CodeIgniter\Boot::runCodeIgniter()
#11 /home/asamyid/public_html/index.php(56): CodeIgniter\Boot::bootWeb()
#12 {main}
CRITICAL - 2025-01-07 06:09:02 --> CodeIgniter\Database\Exceptions\DatabaseException: Unable to connect to the database.
Main connection [MySQLi]: Access denied for user '****'@'localhost' (using password: NO)
[Method: POST, Route: auth/attemptLogin]
in SYSTEMPATH/Database/BaseConnection.php on line 467.
 1 SYSTEMPATH/Database/BaseConnection.php(616): CodeIgniter\Database\BaseConnection->initialize()
 2 SYSTEMPATH/Database/BaseBuilder.php(1644): CodeIgniter\Database\BaseConnection->query()
 3 SYSTEMPATH/Model.php(330): CodeIgniter\Database\BaseBuilder->get()
 4 SYSTEMPATH/BaseModel.php(714): CodeIgniter\Model->doFirst()
 5 APPPATH/Controllers/Auth.php(51): CodeIgniter\BaseModel->first()
 6 SYSTEMPATH/CodeIgniter.php(933): App\Controllers\Auth->attemptLogin()
 7 SYSTEMPATH/CodeIgniter.php(509): CodeIgniter\CodeIgniter->runController()
 8 SYSTEMPATH/CodeIgniter.php(355): CodeIgniter\CodeIgniter->handleRequest()
 9 SYSTEMPATH/Boot.php(325): CodeIgniter\CodeIgniter->run()
10 SYSTEMPATH/Boot.php(67): CodeIgniter\Boot::runCodeIgniter()
11 FCPATH/index.php(56): CodeIgniter\Boot::bootWeb()
ERROR - 2025-01-07 06:09:28 --> Error connecting to the database: mysqli_sql_exception: Access denied for user 'root'@'localhost' (using password: NO) in /home/asamyid/ci4/system/Database/MySQLi/Connection.php:186
Stack trace:
#0 /home/asamyid/ci4/system/Database/MySQLi/Connection.php(186): mysqli->real_connect()
#1 /home/asamyid/ci4/system/Database/BaseConnection.php(421): CodeIgniter\Database\MySQLi\Connection->connect()
#2 /home/asamyid/ci4/system/Database/BaseConnection.php(616): CodeIgniter\Database\BaseConnection->initialize()
#3 /home/asamyid/ci4/system/Database/BaseBuilder.php(1644): CodeIgniter\Database\BaseConnection->query()
#4 /home/asamyid/ci4/system/Model.php(330): CodeIgniter\Database\BaseBuilder->get()
#5 /home/asamyid/ci4/system/BaseModel.php(714): CodeIgniter\Model->doFirst()
#6 /home/asamyid/ci4/app/Controllers/Auth.php(51): CodeIgniter\BaseModel->first()
#7 /home/asamyid/ci4/system/CodeIgniter.php(933): App\Controllers\Auth->attemptLogin()
#8 /home/asamyid/ci4/system/CodeIgniter.php(509): CodeIgniter\CodeIgniter->runController()
#9 /home/asamyid/ci4/system/CodeIgniter.php(355): CodeIgniter\CodeIgniter->handleRequest()
#10 /home/asamyid/ci4/system/Boot.php(325): CodeIgniter\CodeIgniter->run()
#11 /home/asamyid/ci4/system/Boot.php(67): CodeIgniter\Boot::runCodeIgniter()
#12 /home/asamyid/public_html/index.php(56): CodeIgniter\Boot::bootWeb()
#13 {main}

Next CodeIgniter\Database\Exceptions\DatabaseException: Access denied for user '****'@'localhost' (using password: NO) in /home/asamyid/ci4/system/Database/MySQLi/Connection.php:231
Stack trace:
#0 /home/asamyid/ci4/system/Database/BaseConnection.php(421): CodeIgniter\Database\MySQLi\Connection->connect()
#1 /home/asamyid/ci4/system/Database/BaseConnection.php(616): CodeIgniter\Database\BaseConnection->initialize()
#2 /home/asamyid/ci4/system/Database/BaseBuilder.php(1644): CodeIgniter\Database\BaseConnection->query()
#3 /home/asamyid/ci4/system/Model.php(330): CodeIgniter\Database\BaseBuilder->get()
#4 /home/asamyid/ci4/system/BaseModel.php(714): CodeIgniter\Model->doFirst()
#5 /home/asamyid/ci4/app/Controllers/Auth.php(51): CodeIgniter\BaseModel->first()
#6 /home/asamyid/ci4/system/CodeIgniter.php(933): App\Controllers\Auth->attemptLogin()
#7 /home/asamyid/ci4/system/CodeIgniter.php(509): CodeIgniter\CodeIgniter->runController()
#8 /home/asamyid/ci4/system/CodeIgniter.php(355): CodeIgniter\CodeIgniter->handleRequest()
#9 /home/asamyid/ci4/system/Boot.php(325): CodeIgniter\CodeIgniter->run()
#10 /home/asamyid/ci4/system/Boot.php(67): CodeIgniter\Boot::runCodeIgniter()
#11 /home/asamyid/public_html/index.php(56): CodeIgniter\Boot::bootWeb()
#12 {main}
CRITICAL - 2025-01-07 06:09:28 --> CodeIgniter\Database\Exceptions\DatabaseException: Unable to connect to the database.
Main connection [MySQLi]: Access denied for user '****'@'localhost' (using password: NO)
[Method: POST, Route: auth/attemptLogin]
in SYSTEMPATH/Database/BaseConnection.php on line 467.
 1 SYSTEMPATH/Database/BaseConnection.php(616): CodeIgniter\Database\BaseConnection->initialize()
 2 SYSTEMPATH/Database/BaseBuilder.php(1644): CodeIgniter\Database\BaseConnection->query()
 3 SYSTEMPATH/Model.php(330): CodeIgniter\Database\BaseBuilder->get()
 4 SYSTEMPATH/BaseModel.php(714): CodeIgniter\Model->doFirst()
 5 APPPATH/Controllers/Auth.php(51): CodeIgniter\BaseModel->first()
 6 SYSTEMPATH/CodeIgniter.php(933): App\Controllers\Auth->attemptLogin()
 7 SYSTEMPATH/CodeIgniter.php(509): CodeIgniter\CodeIgniter->runController()
 8 SYSTEMPATH/CodeIgniter.php(355): CodeIgniter\CodeIgniter->handleRequest()
 9 SYSTEMPATH/Boot.php(325): CodeIgniter\CodeIgniter->run()
10 SYSTEMPATH/Boot.php(67): CodeIgniter\Boot::runCodeIgniter()
11 FCPATH/index.php(56): CodeIgniter\Boot::bootWeb()
ERROR - 2025-01-07 06:09:34 --> Error connecting to the database: mysqli_sql_exception: Access denied for user 'root'@'localhost' (using password: NO) in /home/asamyid/ci4/system/Database/MySQLi/Connection.php:186
Stack trace:
#0 /home/asamyid/ci4/system/Database/MySQLi/Connection.php(186): mysqli->real_connect()
#1 /home/asamyid/ci4/system/Database/BaseConnection.php(421): CodeIgniter\Database\MySQLi\Connection->connect()
#2 /home/asamyid/ci4/system/Database/BaseConnection.php(616): CodeIgniter\Database\BaseConnection->initialize()
#3 /home/asamyid/ci4/system/Database/BaseBuilder.php(1644): CodeIgniter\Database\BaseConnection->query()
#4 /home/asamyid/ci4/system/Model.php(330): CodeIgniter\Database\BaseBuilder->get()
#5 /home/asamyid/ci4/system/BaseModel.php(714): CodeIgniter\Model->doFirst()
#6 /home/asamyid/ci4/app/Controllers/Auth.php(51): CodeIgniter\BaseModel->first()
#7 /home/asamyid/ci4/system/CodeIgniter.php(933): App\Controllers\Auth->attemptLogin()
#8 /home/asamyid/ci4/system/CodeIgniter.php(509): CodeIgniter\CodeIgniter->runController()
#9 /home/asamyid/ci4/system/CodeIgniter.php(355): CodeIgniter\CodeIgniter->handleRequest()
#10 /home/asamyid/ci4/system/Boot.php(325): CodeIgniter\CodeIgniter->run()
#11 /home/asamyid/ci4/system/Boot.php(67): CodeIgniter\Boot::runCodeIgniter()
#12 /home/asamyid/public_html/index.php(56): CodeIgniter\Boot::bootWeb()
#13 {main}

Next CodeIgniter\Database\Exceptions\DatabaseException: Access denied for user '****'@'localhost' (using password: NO) in /home/asamyid/ci4/system/Database/MySQLi/Connection.php:231
Stack trace:
#0 /home/asamyid/ci4/system/Database/BaseConnection.php(421): CodeIgniter\Database\MySQLi\Connection->connect()
#1 /home/asamyid/ci4/system/Database/BaseConnection.php(616): CodeIgniter\Database\BaseConnection->initialize()
#2 /home/asamyid/ci4/system/Database/BaseBuilder.php(1644): CodeIgniter\Database\BaseConnection->query()
#3 /home/asamyid/ci4/system/Model.php(330): CodeIgniter\Database\BaseBuilder->get()
#4 /home/asamyid/ci4/system/BaseModel.php(714): CodeIgniter\Model->doFirst()
#5 /home/asamyid/ci4/app/Controllers/Auth.php(51): CodeIgniter\BaseModel->first()
#6 /home/asamyid/ci4/system/CodeIgniter.php(933): App\Controllers\Auth->attemptLogin()
#7 /home/asamyid/ci4/system/CodeIgniter.php(509): CodeIgniter\CodeIgniter->runController()
#8 /home/asamyid/ci4/system/CodeIgniter.php(355): CodeIgniter\CodeIgniter->handleRequest()
#9 /home/asamyid/ci4/system/Boot.php(325): CodeIgniter\CodeIgniter->run()
#10 /home/asamyid/ci4/system/Boot.php(67): CodeIgniter\Boot::runCodeIgniter()
#11 /home/asamyid/public_html/index.php(56): CodeIgniter\Boot::bootWeb()
#12 {main}
CRITICAL - 2025-01-07 06:09:34 --> CodeIgniter\Database\Exceptions\DatabaseException: Unable to connect to the database.
Main connection [MySQLi]: Access denied for user '****'@'localhost' (using password: NO)
[Method: POST, Route: auth/attemptLogin]
in SYSTEMPATH/Database/BaseConnection.php on line 467.
 1 SYSTEMPATH/Database/BaseConnection.php(616): CodeIgniter\Database\BaseConnection->initialize()
 2 SYSTEMPATH/Database/BaseBuilder.php(1644): CodeIgniter\Database\BaseConnection->query()
 3 SYSTEMPATH/Model.php(330): CodeIgniter\Database\BaseBuilder->get()
 4 SYSTEMPATH/BaseModel.php(714): CodeIgniter\Model->doFirst()
 5 APPPATH/Controllers/Auth.php(51): CodeIgniter\BaseModel->first()
 6 SYSTEMPATH/CodeIgniter.php(933): App\Controllers\Auth->attemptLogin()
 7 SYSTEMPATH/CodeIgniter.php(509): CodeIgniter\CodeIgniter->runController()
 8 SYSTEMPATH/CodeIgniter.php(355): CodeIgniter\CodeIgniter->handleRequest()
 9 SYSTEMPATH/Boot.php(325): CodeIgniter\CodeIgniter->run()
10 SYSTEMPATH/Boot.php(67): CodeIgniter\Boot::runCodeIgniter()
11 FCPATH/index.php(56): CodeIgniter\Boot::bootWeb()
ERROR - 2025-01-07 06:09:44 --> Error connecting to the database: mysqli_sql_exception: Access denied for user 'root'@'localhost' (using password: NO) in /home/asamyid/ci4/system/Database/MySQLi/Connection.php:186
Stack trace:
#0 /home/asamyid/ci4/system/Database/MySQLi/Connection.php(186): mysqli->real_connect()
#1 /home/asamyid/ci4/system/Database/BaseConnection.php(421): CodeIgniter\Database\MySQLi\Connection->connect()
#2 /home/asamyid/ci4/system/Database/BaseConnection.php(616): CodeIgniter\Database\BaseConnection->initialize()
#3 /home/asamyid/ci4/system/Database/BaseBuilder.php(1644): CodeIgniter\Database\BaseConnection->query()
#4 /home/asamyid/ci4/system/Model.php(286): CodeIgniter\Database\BaseBuilder->get()
#5 /home/asamyid/ci4/system/BaseModel.php(676): CodeIgniter\Model->doFindAll()
#6 /home/asamyid/ci4/app/Controllers/AppointmentController.php(19): CodeIgniter\BaseModel->findAll()
#7 /home/asamyid/ci4/system/CodeIgniter.php(933): App\Controllers\AppointmentController->index()
#8 /home/asamyid/ci4/system/CodeIgniter.php(509): CodeIgniter\CodeIgniter->runController()
#9 /home/asamyid/ci4/system/CodeIgniter.php(355): CodeIgniter\CodeIgniter->handleRequest()
#10 /home/asamyid/ci4/system/Boot.php(325): CodeIgniter\CodeIgniter->run()
#11 /home/asamyid/ci4/system/Boot.php(67): CodeIgniter\Boot::runCodeIgniter()
#12 /home/asamyid/public_html/index.php(56): CodeIgniter\Boot::bootWeb()
#13 {main}

Next CodeIgniter\Database\Exceptions\DatabaseException: Access denied for user '****'@'localhost' (using password: NO) in /home/asamyid/ci4/system/Database/MySQLi/Connection.php:231
Stack trace:
#0 /home/asamyid/ci4/system/Database/BaseConnection.php(421): CodeIgniter\Database\MySQLi\Connection->connect()
#1 /home/asamyid/ci4/system/Database/BaseConnection.php(616): CodeIgniter\Database\BaseConnection->initialize()
#2 /home/asamyid/ci4/system/Database/BaseBuilder.php(1644): CodeIgniter\Database\BaseConnection->query()
#3 /home/asamyid/ci4/system/Model.php(286): CodeIgniter\Database\BaseBuilder->get()
#4 /home/asamyid/ci4/system/BaseModel.php(676): CodeIgniter\Model->doFindAll()
#5 /home/asamyid/ci4/app/Controllers/AppointmentController.php(19): CodeIgniter\BaseModel->findAll()
#6 /home/asamyid/ci4/system/CodeIgniter.php(933): App\Controllers\AppointmentController->index()
#7 /home/asamyid/ci4/system/CodeIgniter.php(509): CodeIgniter\CodeIgniter->runController()
#8 /home/asamyid/ci4/system/CodeIgniter.php(355): CodeIgniter\CodeIgniter->handleRequest()
#9 /home/asamyid/ci4/system/Boot.php(325): CodeIgniter\CodeIgniter->run()
#10 /home/asamyid/ci4/system/Boot.php(67): CodeIgniter\Boot::runCodeIgniter()
#11 /home/asamyid/public_html/index.php(56): CodeIgniter\Boot::bootWeb()
#12 {main}
CRITICAL - 2025-01-07 06:09:44 --> CodeIgniter\Database\Exceptions\DatabaseException: Unable to connect to the database.
Main connection [MySQLi]: Access denied for user '****'@'localhost' (using password: NO)
[Method: GET, Route: main]
in SYSTEMPATH/Database/BaseConnection.php on line 467.
 1 SYSTEMPATH/Database/BaseConnection.php(616): CodeIgniter\Database\BaseConnection->initialize()
 2 SYSTEMPATH/Database/BaseBuilder.php(1644): CodeIgniter\Database\BaseConnection->query()
 3 SYSTEMPATH/Model.php(286): CodeIgniter\Database\BaseBuilder->get()
 4 SYSTEMPATH/BaseModel.php(676): CodeIgniter\Model->doFindAll()
 5 APPPATH/Controllers/AppointmentController.php(19): CodeIgniter\BaseModel->findAll()
 6 SYSTEMPATH/CodeIgniter.php(933): App\Controllers\AppointmentController->index()
 7 SYSTEMPATH/CodeIgniter.php(509): CodeIgniter\CodeIgniter->runController()
 8 SYSTEMPATH/CodeIgniter.php(355): CodeIgniter\CodeIgniter->handleRequest()
 9 SYSTEMPATH/Boot.php(325): CodeIgniter\CodeIgniter->run()
10 SYSTEMPATH/Boot.php(67): CodeIgniter\Boot::runCodeIgniter()
11 FCPATH/index.php(56): CodeIgniter\Boot::bootWeb()
ERROR - 2025-01-07 06:10:33 --> Error connecting to the database: mysqli_sql_exception: Access denied for user 'root'@'localhost' (using password: NO) in /home/asamyid/ci4/system/Database/MySQLi/Connection.php:186
Stack trace:
#0 /home/asamyid/ci4/system/Database/MySQLi/Connection.php(186): mysqli->real_connect()
#1 /home/asamyid/ci4/system/Database/BaseConnection.php(421): CodeIgniter\Database\MySQLi\Connection->connect()
#2 /home/asamyid/ci4/system/Database/BaseConnection.php(616): CodeIgniter\Database\BaseConnection->initialize()
#3 /home/asamyid/ci4/system/Database/BaseBuilder.php(1644): CodeIgniter\Database\BaseConnection->query()
#4 /home/asamyid/ci4/system/Model.php(286): CodeIgniter\Database\BaseBuilder->get()
#5 /home/asamyid/ci4/system/BaseModel.php(676): CodeIgniter\Model->doFindAll()
#6 /home/asamyid/ci4/app/Controllers/AppointmentController.php(19): CodeIgniter\BaseModel->findAll()
#7 /home/asamyid/ci4/system/CodeIgniter.php(933): App\Controllers\AppointmentController->index()
#8 /home/asamyid/ci4/system/CodeIgniter.php(509): CodeIgniter\CodeIgniter->runController()
#9 /home/asamyid/ci4/system/CodeIgniter.php(355): CodeIgniter\CodeIgniter->handleRequest()
#10 /home/asamyid/ci4/system/Boot.php(325): CodeIgniter\CodeIgniter->run()
#11 /home/asamyid/ci4/system/Boot.php(67): CodeIgniter\Boot::runCodeIgniter()
#12 /home/asamyid/public_html/index.php(56): CodeIgniter\Boot::bootWeb()
#13 {main}

Next CodeIgniter\Database\Exceptions\DatabaseException: Access denied for user '****'@'localhost' (using password: NO) in /home/asamyid/ci4/system/Database/MySQLi/Connection.php:231
Stack trace:
#0 /home/asamyid/ci4/system/Database/BaseConnection.php(421): CodeIgniter\Database\MySQLi\Connection->connect()
#1 /home/asamyid/ci4/system/Database/BaseConnection.php(616): CodeIgniter\Database\BaseConnection->initialize()
#2 /home/asamyid/ci4/system/Database/BaseBuilder.php(1644): CodeIgniter\Database\BaseConnection->query()
#3 /home/asamyid/ci4/system/Model.php(286): CodeIgniter\Database\BaseBuilder->get()
#4 /home/asamyid/ci4/system/BaseModel.php(676): CodeIgniter\Model->doFindAll()
#5 /home/asamyid/ci4/app/Controllers/AppointmentController.php(19): CodeIgniter\BaseModel->findAll()
#6 /home/asamyid/ci4/system/CodeIgniter.php(933): App\Controllers\AppointmentController->index()
#7 /home/asamyid/ci4/system/CodeIgniter.php(509): CodeIgniter\CodeIgniter->runController()
#8 /home/asamyid/ci4/system/CodeIgniter.php(355): CodeIgniter\CodeIgniter->handleRequest()
#9 /home/asamyid/ci4/system/Boot.php(325): CodeIgniter\CodeIgniter->run()
#10 /home/asamyid/ci4/system/Boot.php(67): CodeIgniter\Boot::runCodeIgniter()
#11 /home/asamyid/public_html/index.php(56): CodeIgniter\Boot::bootWeb()
#12 {main}
CRITICAL - 2025-01-07 06:10:33 --> CodeIgniter\Database\Exceptions\DatabaseException: Unable to connect to the database.
Main connection [MySQLi]: Access denied for user '****'@'localhost' (using password: NO)
[Method: GET, Route: main]
in SYSTEMPATH/Database/BaseConnection.php on line 467.
 1 SYSTEMPATH/Database/BaseConnection.php(616): CodeIgniter\Database\BaseConnection->initialize()
 2 SYSTEMPATH/Database/BaseBuilder.php(1644): CodeIgniter\Database\BaseConnection->query()
 3 SYSTEMPATH/Model.php(286): CodeIgniter\Database\BaseBuilder->get()
 4 SYSTEMPATH/BaseModel.php(676): CodeIgniter\Model->doFindAll()
 5 APPPATH/Controllers/AppointmentController.php(19): CodeIgniter\BaseModel->findAll()
 6 SYSTEMPATH/CodeIgniter.php(933): App\Controllers\AppointmentController->index()
 7 SYSTEMPATH/CodeIgniter.php(509): CodeIgniter\CodeIgniter->runController()
 8 SYSTEMPATH/CodeIgniter.php(355): CodeIgniter\CodeIgniter->handleRequest()
 9 SYSTEMPATH/Boot.php(325): CodeIgniter\CodeIgniter->run()
10 SYSTEMPATH/Boot.php(67): CodeIgniter\Boot::runCodeIgniter()
11 FCPATH/index.php(56): CodeIgniter\Boot::bootWeb()
ERROR - 2025-01-07 06:12:50 --> Error connecting to the database: mysqli_sql_exception: Access denied for user 'root'@'localhost' (using password: NO) in /home/asamyid/ci4/system/Database/MySQLi/Connection.php:186
Stack trace:
#0 /home/asamyid/ci4/system/Database/MySQLi/Connection.php(186): mysqli->real_connect()
#1 /home/asamyid/ci4/system/Database/BaseConnection.php(421): CodeIgniter\Database\MySQLi\Connection->connect()
#2 /home/asamyid/ci4/system/Database/BaseConnection.php(616): CodeIgniter\Database\BaseConnection->initialize()
#3 /home/asamyid/ci4/system/Database/BaseBuilder.php(2340): CodeIgniter\Database\BaseConnection->query()
#4 /home/asamyid/ci4/system/Model.php(394): CodeIgniter\Database\BaseBuilder->insert()
#5 /home/asamyid/ci4/system/BaseModel.php(840): CodeIgniter\Model->doInsert()
#6 /home/asamyid/ci4/system/Model.php(802): CodeIgniter\BaseModel->insert()
#7 /home/asamyid/ci4/system/BaseModel.php(751): CodeIgniter\Model->insert()
#8 /home/asamyid/ci4/app/Controllers/Auth.php(35): CodeIgniter\BaseModel->save()
#9 /home/asamyid/ci4/system/CodeIgniter.php(933): App\Controllers\Auth->storeRegister()
#10 /home/asamyid/ci4/system/CodeIgniter.php(509): CodeIgniter\CodeIgniter->runController()
#11 /home/asamyid/ci4/system/CodeIgniter.php(355): CodeIgniter\CodeIgniter->handleRequest()
#12 /home/asamyid/ci4/system/Boot.php(325): CodeIgniter\CodeIgniter->run()
#13 /home/asamyid/ci4/system/Boot.php(67): CodeIgniter\Boot::runCodeIgniter()
#14 /home/asamyid/public_html/index.php(56): CodeIgniter\Boot::bootWeb()
#15 {main}

Next CodeIgniter\Database\Exceptions\DatabaseException: Access denied for user '****'@'localhost' (using password: NO) in /home/asamyid/ci4/system/Database/MySQLi/Connection.php:231
Stack trace:
#0 /home/asamyid/ci4/system/Database/BaseConnection.php(421): CodeIgniter\Database\MySQLi\Connection->connect()
#1 /home/asamyid/ci4/system/Database/BaseConnection.php(616): CodeIgniter\Database\BaseConnection->initialize()
#2 /home/asamyid/ci4/system/Database/BaseBuilder.php(2340): CodeIgniter\Database\BaseConnection->query()
#3 /home/asamyid/ci4/system/Model.php(394): CodeIgniter\Database\BaseBuilder->insert()
#4 /home/asamyid/ci4/system/BaseModel.php(840): CodeIgniter\Model->doInsert()
#5 /home/asamyid/ci4/system/Model.php(802): CodeIgniter\BaseModel->insert()
#6 /home/asamyid/ci4/system/BaseModel.php(751): CodeIgniter\Model->insert()
#7 /home/asamyid/ci4/app/Controllers/Auth.php(35): CodeIgniter\BaseModel->save()
#8 /home/asamyid/ci4/system/CodeIgniter.php(933): App\Controllers\Auth->storeRegister()
#9 /home/asamyid/ci4/system/CodeIgniter.php(509): CodeIgniter\CodeIgniter->runController()
#10 /home/asamyid/ci4/system/CodeIgniter.php(355): CodeIgniter\CodeIgniter->handleRequest()
#11 /home/asamyid/ci4/system/Boot.php(325): CodeIgniter\CodeIgniter->run()
#12 /home/asamyid/ci4/system/Boot.php(67): CodeIgniter\Boot::runCodeIgniter()
#13 /home/asamyid/public_html/index.php(56): CodeIgniter\Boot::bootWeb()
#14 {main}
CRITICAL - 2025-01-07 06:12:50 --> CodeIgniter\Database\Exceptions\DatabaseException: Unable to connect to the database.
Main connection [MySQLi]: Access denied for user '****'@'localhost' (using password: NO)
[Method: POST, Route: auth/storeRegister]
in SYSTEMPATH/Database/BaseConnection.php on line 467.
 1 SYSTEMPATH/Database/BaseConnection.php(616): CodeIgniter\Database\BaseConnection->initialize()
 2 SYSTEMPATH/Database/BaseBuilder.php(2340): CodeIgniter\Database\BaseConnection->query()
 3 SYSTEMPATH/Model.php(394): CodeIgniter\Database\BaseBuilder->insert()
 4 SYSTEMPATH/BaseModel.php(840): CodeIgniter\Model->doInsert()
 5 SYSTEMPATH/Model.php(802): CodeIgniter\BaseModel->insert()
 6 SYSTEMPATH/BaseModel.php(751): CodeIgniter\Model->insert()
 7 APPPATH/Controllers/Auth.php(35): CodeIgniter\BaseModel->save()
 8 SYSTEMPATH/CodeIgniter.php(933): App\Controllers\Auth->storeRegister()
 9 SYSTEMPATH/CodeIgniter.php(509): CodeIgniter\CodeIgniter->runController()
10 SYSTEMPATH/CodeIgniter.php(355): CodeIgniter\CodeIgniter->handleRequest()
11 SYSTEMPATH/Boot.php(325): CodeIgniter\CodeIgniter->run()
12 SYSTEMPATH/Boot.php(67): CodeIgniter\Boot::runCodeIgniter()
13 FCPATH/index.php(56): CodeIgniter\Boot::bootWeb()
ERROR - 2025-01-07 06:12:54 --> Error connecting to the database: mysqli_sql_exception: Access denied for user 'root'@'localhost' (using password: NO) in /home/asamyid/ci4/system/Database/MySQLi/Connection.php:186
Stack trace:
#0 /home/asamyid/ci4/system/Database/MySQLi/Connection.php(186): mysqli->real_connect()
#1 /home/asamyid/ci4/system/Database/BaseConnection.php(421): CodeIgniter\Database\MySQLi\Connection->connect()
#2 /home/asamyid/ci4/system/Database/BaseConnection.php(616): CodeIgniter\Database\BaseConnection->initialize()
#3 /home/asamyid/ci4/system/Database/BaseBuilder.php(2340): CodeIgniter\Database\BaseConnection->query()
#4 /home/asamyid/ci4/system/Model.php(394): CodeIgniter\Database\BaseBuilder->insert()
#5 /home/asamyid/ci4/system/BaseModel.php(840): CodeIgniter\Model->doInsert()
#6 /home/asamyid/ci4/system/Model.php(802): CodeIgniter\BaseModel->insert()
#7 /home/asamyid/ci4/system/BaseModel.php(751): CodeIgniter\Model->insert()
#8 /home/asamyid/ci4/app/Controllers/Auth.php(35): CodeIgniter\BaseModel->save()
#9 /home/asamyid/ci4/system/CodeIgniter.php(933): App\Controllers\Auth->storeRegister()
#10 /home/asamyid/ci4/system/CodeIgniter.php(509): CodeIgniter\CodeIgniter->runController()
#11 /home/asamyid/ci4/system/CodeIgniter.php(355): CodeIgniter\CodeIgniter->handleRequest()
#12 /home/asamyid/ci4/system/Boot.php(325): CodeIgniter\CodeIgniter->run()
#13 /home/asamyid/ci4/system/Boot.php(67): CodeIgniter\Boot::runCodeIgniter()
#14 /home/asamyid/public_html/index.php(56): CodeIgniter\Boot::bootWeb()
#15 {main}

Next CodeIgniter\Database\Exceptions\DatabaseException: Access denied for user '****'@'localhost' (using password: NO) in /home/asamyid/ci4/system/Database/MySQLi/Connection.php:231
Stack trace:
#0 /home/asamyid/ci4/system/Database/BaseConnection.php(421): CodeIgniter\Database\MySQLi\Connection->connect()
#1 /home/asamyid/ci4/system/Database/BaseConnection.php(616): CodeIgniter\Database\BaseConnection->initialize()
#2 /home/asamyid/ci4/system/Database/BaseBuilder.php(2340): CodeIgniter\Database\BaseConnection->query()
#3 /home/asamyid/ci4/system/Model.php(394): CodeIgniter\Database\BaseBuilder->insert()
#4 /home/asamyid/ci4/system/BaseModel.php(840): CodeIgniter\Model->doInsert()
#5 /home/asamyid/ci4/system/Model.php(802): CodeIgniter\BaseModel->insert()
#6 /home/asamyid/ci4/system/BaseModel.php(751): CodeIgniter\Model->insert()
#7 /home/asamyid/ci4/app/Controllers/Auth.php(35): CodeIgniter\BaseModel->save()
#8 /home/asamyid/ci4/system/CodeIgniter.php(933): App\Controllers\Auth->storeRegister()
#9 /home/asamyid/ci4/system/CodeIgniter.php(509): CodeIgniter\CodeIgniter->runController()
#10 /home/asamyid/ci4/system/CodeIgniter.php(355): CodeIgniter\CodeIgniter->handleRequest()
#11 /home/asamyid/ci4/system/Boot.php(325): CodeIgniter\CodeIgniter->run()
#12 /home/asamyid/ci4/system/Boot.php(67): CodeIgniter\Boot::runCodeIgniter()
#13 /home/asamyid/public_html/index.php(56): CodeIgniter\Boot::bootWeb()
#14 {main}
CRITICAL - 2025-01-07 06:12:54 --> CodeIgniter\Database\Exceptions\DatabaseException: Unable to connect to the database.
Main connection [MySQLi]: Access denied for user '****'@'localhost' (using password: NO)
[Method: POST, Route: auth/storeRegister]
in SYSTEMPATH/Database/BaseConnection.php on line 467.
 1 SYSTEMPATH/Database/BaseConnection.php(616): CodeIgniter\Database\BaseConnection->initialize()
 2 SYSTEMPATH/Database/BaseBuilder.php(2340): CodeIgniter\Database\BaseConnection->query()
 3 SYSTEMPATH/Model.php(394): CodeIgniter\Database\BaseBuilder->insert()
 4 SYSTEMPATH/BaseModel.php(840): CodeIgniter\Model->doInsert()
 5 SYSTEMPATH/Model.php(802): CodeIgniter\BaseModel->insert()
 6 SYSTEMPATH/BaseModel.php(751): CodeIgniter\Model->insert()
 7 APPPATH/Controllers/Auth.php(35): CodeIgniter\BaseModel->save()
 8 SYSTEMPATH/CodeIgniter.php(933): App\Controllers\Auth->storeRegister()
 9 SYSTEMPATH/CodeIgniter.php(509): CodeIgniter\CodeIgniter->runController()
10 SYSTEMPATH/CodeIgniter.php(355): CodeIgniter\CodeIgniter->handleRequest()
11 SYSTEMPATH/Boot.php(325): CodeIgniter\CodeIgniter->run()
12 SYSTEMPATH/Boot.php(67): CodeIgniter\Boot::runCodeIgniter()
13 FCPATH/index.php(56): CodeIgniter\Boot::bootWeb()
ERROR - 2025-01-07 06:13:07 --> Error connecting to the database: mysqli_sql_exception: Access denied for user 'root'@'localhost' (using password: NO) in /home/asamyid/ci4/system/Database/MySQLi/Connection.php:186
Stack trace:
#0 /home/asamyid/ci4/system/Database/MySQLi/Connection.php(186): mysqli->real_connect()
#1 /home/asamyid/ci4/system/Database/BaseConnection.php(421): CodeIgniter\Database\MySQLi\Connection->connect()
#2 /home/asamyid/ci4/system/Database/BaseConnection.php(616): CodeIgniter\Database\BaseConnection->initialize()
#3 /home/asamyid/ci4/system/Database/BaseBuilder.php(1644): CodeIgniter\Database\BaseConnection->query()
#4 /home/asamyid/ci4/system/Model.php(286): CodeIgniter\Database\BaseBuilder->get()
#5 /home/asamyid/ci4/system/BaseModel.php(676): CodeIgniter\Model->doFindAll()
#6 /home/asamyid/ci4/app/Controllers/AppointmentController.php(19): CodeIgniter\BaseModel->findAll()
#7 /home/asamyid/ci4/system/CodeIgniter.php(933): App\Controllers\AppointmentController->index()
#8 /home/asamyid/ci4/system/CodeIgniter.php(509): CodeIgniter\CodeIgniter->runController()
#9 /home/asamyid/ci4/system/CodeIgniter.php(355): CodeIgniter\CodeIgniter->handleRequest()
#10 /home/asamyid/ci4/system/Boot.php(325): CodeIgniter\CodeIgniter->run()
#11 /home/asamyid/ci4/system/Boot.php(67): CodeIgniter\Boot::runCodeIgniter()
#12 /home/asamyid/public_html/index.php(56): CodeIgniter\Boot::bootWeb()
#13 {main}

Next CodeIgniter\Database\Exceptions\DatabaseException: Access denied for user '****'@'localhost' (using password: NO) in /home/asamyid/ci4/system/Database/MySQLi/Connection.php:231
Stack trace:
#0 /home/asamyid/ci4/system/Database/BaseConnection.php(421): CodeIgniter\Database\MySQLi\Connection->connect()
#1 /home/asamyid/ci4/system/Database/BaseConnection.php(616): CodeIgniter\Database\BaseConnection->initialize()
#2 /home/asamyid/ci4/system/Database/BaseBuilder.php(1644): CodeIgniter\Database\BaseConnection->query()
#3 /home/asamyid/ci4/system/Model.php(286): CodeIgniter\Database\BaseBuilder->get()
#4 /home/asamyid/ci4/system/BaseModel.php(676): CodeIgniter\Model->doFindAll()
#5 /home/asamyid/ci4/app/Controllers/AppointmentController.php(19): CodeIgniter\BaseModel->findAll()
#6 /home/asamyid/ci4/system/CodeIgniter.php(933): App\Controllers\AppointmentController->index()
#7 /home/asamyid/ci4/system/CodeIgniter.php(509): CodeIgniter\CodeIgniter->runController()
#8 /home/asamyid/ci4/system/CodeIgniter.php(355): CodeIgniter\CodeIgniter->handleRequest()
#9 /home/asamyid/ci4/system/Boot.php(325): CodeIgniter\CodeIgniter->run()
#10 /home/asamyid/ci4/system/Boot.php(67): CodeIgniter\Boot::runCodeIgniter()
#11 /home/asamyid/public_html/index.php(56): CodeIgniter\Boot::bootWeb()
#12 {main}
CRITICAL - 2025-01-07 06:13:07 --> CodeIgniter\Database\Exceptions\DatabaseException: Unable to connect to the database.
Main connection [MySQLi]: Access denied for user '****'@'localhost' (using password: NO)
[Method: GET, Route: main]
in SYSTEMPATH/Database/BaseConnection.php on line 467.
 1 SYSTEMPATH/Database/BaseConnection.php(616): CodeIgniter\Database\BaseConnection->initialize()
 2 SYSTEMPATH/Database/BaseBuilder.php(1644): CodeIgniter\Database\BaseConnection->query()
 3 SYSTEMPATH/Model.php(286): CodeIgniter\Database\BaseBuilder->get()
 4 SYSTEMPATH/BaseModel.php(676): CodeIgniter\Model->doFindAll()
 5 APPPATH/Controllers/AppointmentController.php(19): CodeIgniter\BaseModel->findAll()
 6 SYSTEMPATH/CodeIgniter.php(933): App\Controllers\AppointmentController->index()
 7 SYSTEMPATH/CodeIgniter.php(509): CodeIgniter\CodeIgniter->runController()
 8 SYSTEMPATH/CodeIgniter.php(355): CodeIgniter\CodeIgniter->handleRequest()
 9 SYSTEMPATH/Boot.php(325): CodeIgniter\CodeIgniter->run()
10 SYSTEMPATH/Boot.php(67): CodeIgniter\Boot::runCodeIgniter()
11 FCPATH/index.php(56): CodeIgniter\Boot::bootWeb()
ERROR - 2025-01-07 06:13:07 --> Error connecting to the database: mysqli_sql_exception: Access denied for user 'root'@'localhost' (using password: NO) in /home/asamyid/ci4/system/Database/MySQLi/Connection.php:186
Stack trace:
#0 /home/asamyid/ci4/system/Database/MySQLi/Connection.php(186): mysqli->real_connect()
#1 /home/asamyid/ci4/system/Database/BaseConnection.php(421): CodeIgniter\Database\MySQLi\Connection->connect()
#2 /home/asamyid/ci4/system/Database/BaseConnection.php(616): CodeIgniter\Database\BaseConnection->initialize()
#3 /home/asamyid/ci4/system/Database/BaseBuilder.php(1644): CodeIgniter\Database\BaseConnection->query()
#4 /home/asamyid/ci4/system/Model.php(286): CodeIgniter\Database\BaseBuilder->get()
#5 /home/asamyid/ci4/system/BaseModel.php(676): CodeIgniter\Model->doFindAll()
#6 /home/asamyid/ci4/app/Controllers/AppointmentController.php(19): CodeIgniter\BaseModel->findAll()
#7 /home/asamyid/ci4/system/CodeIgniter.php(933): App\Controllers\AppointmentController->index()
#8 /home/asamyid/ci4/system/CodeIgniter.php(509): CodeIgniter\CodeIgniter->runController()
#9 /home/asamyid/ci4/system/CodeIgniter.php(355): CodeIgniter\CodeIgniter->handleRequest()
#10 /home/asamyid/ci4/system/Boot.php(325): CodeIgniter\CodeIgniter->run()
#11 /home/asamyid/ci4/system/Boot.php(67): CodeIgniter\Boot::runCodeIgniter()
#12 /home/asamyid/public_html/index.php(56): CodeIgniter\Boot::bootWeb()
#13 {main}

Next CodeIgniter\Database\Exceptions\DatabaseException: Access denied for user '****'@'localhost' (using password: NO) in /home/asamyid/ci4/system/Database/MySQLi/Connection.php:231
Stack trace:
#0 /home/asamyid/ci4/system/Database/BaseConnection.php(421): CodeIgniter\Database\MySQLi\Connection->connect()
#1 /home/asamyid/ci4/system/Database/BaseConnection.php(616): CodeIgniter\Database\BaseConnection->initialize()
#2 /home/asamyid/ci4/system/Database/BaseBuilder.php(1644): CodeIgniter\Database\BaseConnection->query()
#3 /home/asamyid/ci4/system/Model.php(286): CodeIgniter\Database\BaseBuilder->get()
#4 /home/asamyid/ci4/system/BaseModel.php(676): CodeIgniter\Model->doFindAll()
#5 /home/asamyid/ci4/app/Controllers/AppointmentController.php(19): CodeIgniter\BaseModel->findAll()
#6 /home/asamyid/ci4/system/CodeIgniter.php(933): App\Controllers\AppointmentController->index()
#7 /home/asamyid/ci4/system/CodeIgniter.php(509): CodeIgniter\CodeIgniter->runController()
#8 /home/asamyid/ci4/system/CodeIgniter.php(355): CodeIgniter\CodeIgniter->handleRequest()
#9 /home/asamyid/ci4/system/Boot.php(325): CodeIgniter\CodeIgniter->run()
#10 /home/asamyid/ci4/system/Boot.php(67): CodeIgniter\Boot::runCodeIgniter()
#11 /home/asamyid/public_html/index.php(56): CodeIgniter\Boot::bootWeb()
#12 {main}
CRITICAL - 2025-01-07 06:13:07 --> CodeIgniter\Database\Exceptions\DatabaseException: Unable to connect to the database.
Main connection [MySQLi]: Access denied for user '****'@'localhost' (using password: NO)
[Method: GET, Route: main]
in SYSTEMPATH/Database/BaseConnection.php on line 467.
 1 SYSTEMPATH/Database/BaseConnection.php(616): CodeIgniter\Database\BaseConnection->initialize()
 2 SYSTEMPATH/Database/BaseBuilder.php(1644): CodeIgniter\Database\BaseConnection->query()
 3 SYSTEMPATH/Model.php(286): CodeIgniter\Database\BaseBuilder->get()
 4 SYSTEMPATH/BaseModel.php(676): CodeIgniter\Model->doFindAll()
 5 APPPATH/Controllers/AppointmentController.php(19): CodeIgniter\BaseModel->findAll()
 6 SYSTEMPATH/CodeIgniter.php(933): App\Controllers\AppointmentController->index()
 7 SYSTEMPATH/CodeIgniter.php(509): CodeIgniter\CodeIgniter->runController()
 8 SYSTEMPATH/CodeIgniter.php(355): CodeIgniter\CodeIgniter->handleRequest()
 9 SYSTEMPATH/Boot.php(325): CodeIgniter\CodeIgniter->run()
10 SYSTEMPATH/Boot.php(67): CodeIgniter\Boot::runCodeIgniter()
11 FCPATH/index.php(56): CodeIgniter\Boot::bootWeb()
ERROR - 2025-01-07 06:16:37 --> Error connecting to the database: mysqli_sql_exception: Access denied for user 'root'@'localhost' (using password: NO) in /home/asamyid/ci4/system/Database/MySQLi/Connection.php:186
Stack trace:
#0 /home/asamyid/ci4/system/Database/MySQLi/Connection.php(186): mysqli->real_connect()
#1 /home/asamyid/ci4/system/Database/BaseConnection.php(421): CodeIgniter\Database\MySQLi\Connection->connect()
#2 /home/asamyid/ci4/system/Database/BaseConnection.php(616): CodeIgniter\Database\BaseConnection->initialize()
#3 /home/asamyid/ci4/system/Database/BaseBuilder.php(1644): CodeIgniter\Database\BaseConnection->query()
#4 /home/asamyid/ci4/system/Model.php(330): CodeIgniter\Database\BaseBuilder->get()
#5 /home/asamyid/ci4/system/BaseModel.php(714): CodeIgniter\Model->doFirst()
#6 /home/asamyid/ci4/app/Controllers/Auth.php(51): CodeIgniter\BaseModel->first()
#7 /home/asamyid/ci4/system/CodeIgniter.php(933): App\Controllers\Auth->attemptLogin()
#8 /home/asamyid/ci4/system/CodeIgniter.php(509): CodeIgniter\CodeIgniter->runController()
#9 /home/asamyid/ci4/system/CodeIgniter.php(355): CodeIgniter\CodeIgniter->handleRequest()
#10 /home/asamyid/ci4/system/Boot.php(325): CodeIgniter\CodeIgniter->run()
#11 /home/asamyid/ci4/system/Boot.php(67): CodeIgniter\Boot::runCodeIgniter()
#12 /home/asamyid/public_html/index.php(56): CodeIgniter\Boot::bootWeb()
#13 {main}

Next CodeIgniter\Database\Exceptions\DatabaseException: Access denied for user '****'@'localhost' (using password: NO) in /home/asamyid/ci4/system/Database/MySQLi/Connection.php:231
Stack trace:
#0 /home/asamyid/ci4/system/Database/BaseConnection.php(421): CodeIgniter\Database\MySQLi\Connection->connect()
#1 /home/asamyid/ci4/system/Database/BaseConnection.php(616): CodeIgniter\Database\BaseConnection->initialize()
#2 /home/asamyid/ci4/system/Database/BaseBuilder.php(1644): CodeIgniter\Database\BaseConnection->query()
#3 /home/asamyid/ci4/system/Model.php(330): CodeIgniter\Database\BaseBuilder->get()
#4 /home/asamyid/ci4/system/BaseModel.php(714): CodeIgniter\Model->doFirst()
#5 /home/asamyid/ci4/app/Controllers/Auth.php(51): CodeIgniter\BaseModel->first()
#6 /home/asamyid/ci4/system/CodeIgniter.php(933): App\Controllers\Auth->attemptLogin()
#7 /home/asamyid/ci4/system/CodeIgniter.php(509): CodeIgniter\CodeIgniter->runController()
#8 /home/asamyid/ci4/system/CodeIgniter.php(355): CodeIgniter\CodeIgniter->handleRequest()
#9 /home/asamyid/ci4/system/Boot.php(325): CodeIgniter\CodeIgniter->run()
#10 /home/asamyid/ci4/system/Boot.php(67): CodeIgniter\Boot::runCodeIgniter()
#11 /home/asamyid/public_html/index.php(56): CodeIgniter\Boot::bootWeb()
#12 {main}
CRITICAL - 2025-01-07 06:16:37 --> CodeIgniter\Database\Exceptions\DatabaseException: Unable to connect to the database.
Main connection [MySQLi]: Access denied for user '****'@'localhost' (using password: NO)
[Method: POST, Route: auth/attemptLogin]
in SYSTEMPATH/Database/BaseConnection.php on line 467.
 1 SYSTEMPATH/Database/BaseConnection.php(616): CodeIgniter\Database\BaseConnection->initialize()
 2 SYSTEMPATH/Database/BaseBuilder.php(1644): CodeIgniter\Database\BaseConnection->query()
 3 SYSTEMPATH/Model.php(330): CodeIgniter\Database\BaseBuilder->get()
 4 SYSTEMPATH/BaseModel.php(714): CodeIgniter\Model->doFirst()
 5 APPPATH/Controllers/Auth.php(51): CodeIgniter\BaseModel->first()
 6 SYSTEMPATH/CodeIgniter.php(933): App\Controllers\Auth->attemptLogin()
 7 SYSTEMPATH/CodeIgniter.php(509): CodeIgniter\CodeIgniter->runController()
 8 SYSTEMPATH/CodeIgniter.php(355): CodeIgniter\CodeIgniter->handleRequest()
 9 SYSTEMPATH/Boot.php(325): CodeIgniter\CodeIgniter->run()
10 SYSTEMPATH/Boot.php(67): CodeIgniter\Boot::runCodeIgniter()
11 FCPATH/index.php(56): CodeIgniter\Boot::bootWeb()
ERROR - 2025-01-07 06:17:28 --> Error connecting to the database: mysqli_sql_exception: Access denied for user 'root'@'localhost' (using password: NO) in /home/asamyid/ci4/system/Database/MySQLi/Connection.php:186
Stack trace:
#0 /home/asamyid/ci4/system/Database/MySQLi/Connection.php(186): mysqli->real_connect()
#1 /home/asamyid/ci4/system/Database/BaseConnection.php(421): CodeIgniter\Database\MySQLi\Connection->connect()
#2 /home/asamyid/ci4/system/Database/BaseConnection.php(616): CodeIgniter\Database\BaseConnection->initialize()
#3 /home/asamyid/ci4/system/Database/BaseBuilder.php(1644): CodeIgniter\Database\BaseConnection->query()
#4 /home/asamyid/ci4/system/Model.php(330): CodeIgniter\Database\BaseBuilder->get()
#5 /home/asamyid/ci4/system/BaseModel.php(714): CodeIgniter\Model->doFirst()
#6 /home/asamyid/ci4/app/Controllers/Auth.php(51): CodeIgniter\BaseModel->first()
#7 /home/asamyid/ci4/system/CodeIgniter.php(933): App\Controllers\Auth->attemptLogin()
#8 /home/asamyid/ci4/system/CodeIgniter.php(509): CodeIgniter\CodeIgniter->runController()
#9 /home/asamyid/ci4/system/CodeIgniter.php(355): CodeIgniter\CodeIgniter->handleRequest()
#10 /home/asamyid/ci4/system/Boot.php(325): CodeIgniter\CodeIgniter->run()
#11 /home/asamyid/ci4/system/Boot.php(67): CodeIgniter\Boot::runCodeIgniter()
#12 /home/asamyid/public_html/index.php(56): CodeIgniter\Boot::bootWeb()
#13 {main}

Next CodeIgniter\Database\Exceptions\DatabaseException: Access denied for user '****'@'localhost' (using password: NO) in /home/asamyid/ci4/system/Database/MySQLi/Connection.php:231
Stack trace:
#0 /home/asamyid/ci4/system/Database/BaseConnection.php(421): CodeIgniter\Database\MySQLi\Connection->connect()
#1 /home/asamyid/ci4/system/Database/BaseConnection.php(616): CodeIgniter\Database\BaseConnection->initialize()
#2 /home/asamyid/ci4/system/Database/BaseBuilder.php(1644): CodeIgniter\Database\BaseConnection->query()
#3 /home/asamyid/ci4/system/Model.php(330): CodeIgniter\Database\BaseBuilder->get()
#4 /home/asamyid/ci4/system/BaseModel.php(714): CodeIgniter\Model->doFirst()
#5 /home/asamyid/ci4/app/Controllers/Auth.php(51): CodeIgniter\BaseModel->first()
#6 /home/asamyid/ci4/system/CodeIgniter.php(933): App\Controllers\Auth->attemptLogin()
#7 /home/asamyid/ci4/system/CodeIgniter.php(509): CodeIgniter\CodeIgniter->runController()
#8 /home/asamyid/ci4/system/CodeIgniter.php(355): CodeIgniter\CodeIgniter->handleRequest()
#9 /home/asamyid/ci4/system/Boot.php(325): CodeIgniter\CodeIgniter->run()
#10 /home/asamyid/ci4/system/Boot.php(67): CodeIgniter\Boot::runCodeIgniter()
#11 /home/asamyid/public_html/index.php(56): CodeIgniter\Boot::bootWeb()
#12 {main}
CRITICAL - 2025-01-07 06:17:28 --> CodeIgniter\Database\Exceptions\DatabaseException: Unable to connect to the database.
Main connection [MySQLi]: Access denied for user '****'@'localhost' (using password: NO)
[Method: POST, Route: auth/attemptLogin]
in SYSTEMPATH/Database/BaseConnection.php on line 467.
 1 SYSTEMPATH/Database/BaseConnection.php(616): CodeIgniter\Database\BaseConnection->initialize()
 2 SYSTEMPATH/Database/BaseBuilder.php(1644): CodeIgniter\Database\BaseConnection->query()
 3 SYSTEMPATH/Model.php(330): CodeIgniter\Database\BaseBuilder->get()
 4 SYSTEMPATH/BaseModel.php(714): CodeIgniter\Model->doFirst()
 5 APPPATH/Controllers/Auth.php(51): CodeIgniter\BaseModel->first()
 6 SYSTEMPATH/CodeIgniter.php(933): App\Controllers\Auth->attemptLogin()
 7 SYSTEMPATH/CodeIgniter.php(509): CodeIgniter\CodeIgniter->runController()
 8 SYSTEMPATH/CodeIgniter.php(355): CodeIgniter\CodeIgniter->handleRequest()
 9 SYSTEMPATH/Boot.php(325): CodeIgniter\CodeIgniter->run()
10 SYSTEMPATH/Boot.php(67): CodeIgniter\Boot::runCodeIgniter()
11 FCPATH/index.php(56): CodeIgniter\Boot::bootWeb()
ERROR - 2025-01-07 06:19:41 --> Error connecting to the database: mysqli_sql_exception: Access denied for user 'root'@'localhost' (using password: NO) in /home/asamyid/ci4/system/Database/MySQLi/Connection.php:186
Stack trace:
#0 /home/asamyid/ci4/system/Database/MySQLi/Connection.php(186): mysqli->real_connect()
#1 /home/asamyid/ci4/system/Database/BaseConnection.php(421): CodeIgniter\Database\MySQLi\Connection->connect()
#2 /home/asamyid/ci4/system/Database/BaseConnection.php(616): CodeIgniter\Database\BaseConnection->initialize()
#3 /home/asamyid/ci4/system/Database/BaseBuilder.php(1644): CodeIgniter\Database\BaseConnection->query()
#4 /home/asamyid/ci4/system/Model.php(330): CodeIgniter\Database\BaseBuilder->get()
#5 /home/asamyid/ci4/system/BaseModel.php(714): CodeIgniter\Model->doFirst()
#6 /home/asamyid/ci4/app/Controllers/Auth.php(51): CodeIgniter\BaseModel->first()
#7 /home/asamyid/ci4/system/CodeIgniter.php(933): App\Controllers\Auth->attemptLogin()
#8 /home/asamyid/ci4/system/CodeIgniter.php(509): CodeIgniter\CodeIgniter->runController()
#9 /home/asamyid/ci4/system/CodeIgniter.php(355): CodeIgniter\CodeIgniter->handleRequest()
#10 /home/asamyid/ci4/system/Boot.php(325): CodeIgniter\CodeIgniter->run()
#11 /home/asamyid/ci4/system/Boot.php(67): CodeIgniter\Boot::runCodeIgniter()
#12 /home/asamyid/public_html/index.php(56): CodeIgniter\Boot::bootWeb()
#13 {main}

Next CodeIgniter\Database\Exceptions\DatabaseException: Access denied for user '****'@'localhost' (using password: NO) in /home/asamyid/ci4/system/Database/MySQLi/Connection.php:231
Stack trace:
#0 /home/asamyid/ci4/system/Database/BaseConnection.php(421): CodeIgniter\Database\MySQLi\Connection->connect()
#1 /home/asamyid/ci4/system/Database/BaseConnection.php(616): CodeIgniter\Database\BaseConnection->initialize()
#2 /home/asamyid/ci4/system/Database/BaseBuilder.php(1644): CodeIgniter\Database\BaseConnection->query()
#3 /home/asamyid/ci4/system/Model.php(330): CodeIgniter\Database\BaseBuilder->get()
#4 /home/asamyid/ci4/system/BaseModel.php(714): CodeIgniter\Model->doFirst()
#5 /home/asamyid/ci4/app/Controllers/Auth.php(51): CodeIgniter\BaseModel->first()
#6 /home/asamyid/ci4/system/CodeIgniter.php(933): App\Controllers\Auth->attemptLogin()
#7 /home/asamyid/ci4/system/CodeIgniter.php(509): CodeIgniter\CodeIgniter->runController()
#8 /home/asamyid/ci4/system/CodeIgniter.php(355): CodeIgniter\CodeIgniter->handleRequest()
#9 /home/asamyid/ci4/system/Boot.php(325): CodeIgniter\CodeIgniter->run()
#10 /home/asamyid/ci4/system/Boot.php(67): CodeIgniter\Boot::runCodeIgniter()
#11 /home/asamyid/public_html/index.php(56): CodeIgniter\Boot::bootWeb()
#12 {main}
CRITICAL - 2025-01-07 06:19:41 --> CodeIgniter\Database\Exceptions\DatabaseException: Unable to connect to the database.
Main connection [MySQLi]: Access denied for user '****'@'localhost' (using password: NO)
[Method: POST, Route: auth/attemptLogin]
in SYSTEMPATH/Database/BaseConnection.php on line 467.
 1 SYSTEMPATH/Database/BaseConnection.php(616): CodeIgniter\Database\BaseConnection->initialize()
 2 SYSTEMPATH/Database/BaseBuilder.php(1644): CodeIgniter\Database\BaseConnection->query()
 3 SYSTEMPATH/Model.php(330): CodeIgniter\Database\BaseBuilder->get()
 4 SYSTEMPATH/BaseModel.php(714): CodeIgniter\Model->doFirst()
 5 APPPATH/Controllers/Auth.php(51): CodeIgniter\BaseModel->first()
 6 SYSTEMPATH/CodeIgniter.php(933): App\Controllers\Auth->attemptLogin()
 7 SYSTEMPATH/CodeIgniter.php(509): CodeIgniter\CodeIgniter->runController()
 8 SYSTEMPATH/CodeIgniter.php(355): CodeIgniter\CodeIgniter->handleRequest()
 9 SYSTEMPATH/Boot.php(325): CodeIgniter\CodeIgniter->run()
10 SYSTEMPATH/Boot.php(67): CodeIgniter\Boot::runCodeIgniter()
11 FCPATH/index.php(56): CodeIgniter\Boot::bootWeb()
ERROR - 2025-01-07 06:20:10 --> Error connecting to the database: mysqli_sql_exception: Access denied for user 'root'@'localhost' (using password: NO) in /home/asamyid/ci4/system/Database/MySQLi/Connection.php:186
Stack trace:
#0 /home/asamyid/ci4/system/Database/MySQLi/Connection.php(186): mysqli->real_connect()
#1 /home/asamyid/ci4/system/Database/BaseConnection.php(421): CodeIgniter\Database\MySQLi\Connection->connect()
#2 /home/asamyid/ci4/system/Database/BaseConnection.php(616): CodeIgniter\Database\BaseConnection->initialize()
#3 /home/asamyid/ci4/system/Database/BaseBuilder.php(1644): CodeIgniter\Database\BaseConnection->query()
#4 /home/asamyid/ci4/system/Model.php(330): CodeIgniter\Database\BaseBuilder->get()
#5 /home/asamyid/ci4/system/BaseModel.php(714): CodeIgniter\Model->doFirst()
#6 /home/asamyid/ci4/app/Controllers/Auth.php(51): CodeIgniter\BaseModel->first()
#7 /home/asamyid/ci4/system/CodeIgniter.php(933): App\Controllers\Auth->attemptLogin()
#8 /home/asamyid/ci4/system/CodeIgniter.php(509): CodeIgniter\CodeIgniter->runController()
#9 /home/asamyid/ci4/system/CodeIgniter.php(355): CodeIgniter\CodeIgniter->handleRequest()
#10 /home/asamyid/ci4/system/Boot.php(325): CodeIgniter\CodeIgniter->run()
#11 /home/asamyid/ci4/system/Boot.php(67): CodeIgniter\Boot::runCodeIgniter()
#12 /home/asamyid/public_html/index.php(56): CodeIgniter\Boot::bootWeb()
#13 {main}

Next CodeIgniter\Database\Exceptions\DatabaseException: Access denied for user '****'@'localhost' (using password: NO) in /home/asamyid/ci4/system/Database/MySQLi/Connection.php:231
Stack trace:
#0 /home/asamyid/ci4/system/Database/BaseConnection.php(421): CodeIgniter\Database\MySQLi\Connection->connect()
#1 /home/asamyid/ci4/system/Database/BaseConnection.php(616): CodeIgniter\Database\BaseConnection->initialize()
#2 /home/asamyid/ci4/system/Database/BaseBuilder.php(1644): CodeIgniter\Database\BaseConnection->query()
#3 /home/asamyid/ci4/system/Model.php(330): CodeIgniter\Database\BaseBuilder->get()
#4 /home/asamyid/ci4/system/BaseModel.php(714): CodeIgniter\Model->doFirst()
#5 /home/asamyid/ci4/app/Controllers/Auth.php(51): CodeIgniter\BaseModel->first()
#6 /home/asamyid/ci4/system/CodeIgniter.php(933): App\Controllers\Auth->attemptLogin()
#7 /home/asamyid/ci4/system/CodeIgniter.php(509): CodeIgniter\CodeIgniter->runController()
#8 /home/asamyid/ci4/system/CodeIgniter.php(355): CodeIgniter\CodeIgniter->handleRequest()
#9 /home/asamyid/ci4/system/Boot.php(325): CodeIgniter\CodeIgniter->run()
#10 /home/asamyid/ci4/system/Boot.php(67): CodeIgniter\Boot::runCodeIgniter()
#11 /home/asamyid/public_html/index.php(56): CodeIgniter\Boot::bootWeb()
#12 {main}
CRITICAL - 2025-01-07 06:20:10 --> CodeIgniter\Database\Exceptions\DatabaseException: Unable to connect to the database.
Main connection [MySQLi]: Access denied for user '****'@'localhost' (using password: NO)
[Method: POST, Route: auth/attemptLogin]
in SYSTEMPATH/Database/BaseConnection.php on line 467.
 1 SYSTEMPATH/Database/BaseConnection.php(616): CodeIgniter\Database\BaseConnection->initialize()
 2 SYSTEMPATH/Database/BaseBuilder.php(1644): CodeIgniter\Database\BaseConnection->query()
 3 SYSTEMPATH/Model.php(330): CodeIgniter\Database\BaseBuilder->get()
 4 SYSTEMPATH/BaseModel.php(714): CodeIgniter\Model->doFirst()
 5 APPPATH/Controllers/Auth.php(51): CodeIgniter\BaseModel->first()
 6 SYSTEMPATH/CodeIgniter.php(933): App\Controllers\Auth->attemptLogin()
 7 SYSTEMPATH/CodeIgniter.php(509): CodeIgniter\CodeIgniter->runController()
 8 SYSTEMPATH/CodeIgniter.php(355): CodeIgniter\CodeIgniter->handleRequest()
 9 SYSTEMPATH/Boot.php(325): CodeIgniter\CodeIgniter->run()
10 SYSTEMPATH/Boot.php(67): CodeIgniter\Boot::runCodeIgniter()
11 FCPATH/index.php(56): CodeIgniter\Boot::bootWeb()
